\BOOKMARK [1][-]{section.1}{\376\377\000I\000n\000t\000r\000o\000d\000u\000c\000t\000i\000o\000n}{}% 1
\BOOKMARK [2][-]{subsection.1.1}{\376\377\000R\000e\000l\000a\000t\000i\000o\000n\000\040\000t\000o\000\040\000t\000h\000e\000\040\000T\000h\000e\000s\000i\000s\000\040\000F\000r\000a\000m\000e\000w\000o\000r\000k}{section.1}% 2
\BOOKMARK [1][-]{section.2}{\376\377\000S\000e\000t\000u\000p}{}% 3
\BOOKMARK [2][-]{subsection.2.1}{\376\377\000T\000h\000e\000\040\000C\000E\000S\000\040\000A\000g\000g\000r\000e\000g\000a\000t\000e}{section.2}% 4
\BOOKMARK [2][-]{subsection.2.2}{\376\377\000N\000o\000t\000a\000t\000i\000o\000n}{section.2}% 5
\BOOKMARK [1][-]{section.3}{\376\377\000T\000h\000e\000\040\000R\0000\000m\000e\000s\000h\000\040\000F\000r\000a\000m\000e\000w\000o\000r\000k}{}% 6
\BOOKMARK [2][-]{subsection.3.1}{\376\377\000G\000i\000a\000n\000t\000\040\000C\000o\000m\000p\000o\000n\000e\000n\000t\000\040\000E\000x\000i\000s\000t\000e\000n\000c\000e}{section.3}% 7
\BOOKMARK [2][-]{subsection.3.2}{\376\377\000T\000h\000e\000\040\000F\000o\000r\000t\000u\000i\000n\000-\000K\000a\000s\000t\000e\000l\000e\000y\000n\000\040\000U\000n\000i\000f\000i\000c\000a\000t\000i\000o\000n}{section.3}% 8
\BOOKMARK [2][-]{subsection.3.3}{\376\377\000I\000n\000v\000e\000r\000s\000e\000\040\000B\000o\000s\000e\000-\000E\000i\000n\000s\000t\000e\000i\000n\000\040\000C\000o\000n\000d\000e\000n\000s\000a\000t\000i\000o\000n}{section.3}% 9
\BOOKMARK [1][-]{section.4}{\376\377\000H\000e\000t\000e\000r\000o\000g\000e\000n\000e\000o\000u\000s\000\040\000S\000p\000e\000c\000i\000a\000l\000i\000z\000a\000t\000i\000o\000n}{}% 10
\BOOKMARK [2][-]{subsection.4.1}{\376\377\000A\000g\000e\000n\000t\000\040\000C\000a\000p\000a\000b\000i\000l\000i\000t\000i\000e\000s\000\040\000a\000n\000d\000\040\000C\000E\000S\000\040\000A\000g\000g\000r\000e\000g\000a\000t\000i\000o\000n}{section.4}% 11
\BOOKMARK [2][-]{subsection.4.2}{\376\377\000C\000e\000n\000t\000r\000a\000l\000i\000z\000e\000d\000\040\000C\000a\000p\000a\000b\000i\000l\000i\000t\000y\000\040\000B\000e\000n\000c\000h\000m\000a\000r\000k}{section.4}% 12
\BOOKMARK [2][-]{subsection.4.3}{\376\377\000S\000p\000e\000c\000i\000a\000l\000i\000z\000a\000t\000i\000o\000n\000\040\000D\000y\000n\000a\000m\000i\000c\000s\000:\000\040\000T\000h\000e\000\040\000F\000i\000x\000e\000d\000\040\000R\000e\000s\000p\000o\000n\000s\000e\000\040\000T\000h\000r\000e\000s\000h\000o\000l\000d\000\040\000M\000o\000d\000e\000l}{section.4}% 13
\BOOKMARK [1][-]{section.5}{\376\377\000K\000n\000o\000w\000l\000e\000d\000g\000e\000\040\000D\000i\000f\000f\000u\000s\000i\000o\000n}{}% 14
\BOOKMARK [2][-]{subsection.5.1}{\376\377\000L\000a\000p\000l\000a\000c\000i\000a\000n\000\040\000D\000y\000n\000a\000m\000i\000c\000s}{section.5}% 15
\BOOKMARK [2][-]{subsection.5.2}{\376\377\000B\000a\000n\000d\000w\000i\000d\000t\000h\000\040\000S\000c\000a\000l\000i\000n\000g}{section.5}% 16
\BOOKMARK [2][-]{subsection.5.3}{\376\377\000V\000a\000n\000i\000s\000h\000i\000n\000g\000\040\000E\000p\000i\000d\000e\000m\000i\000c\000\040\000T\000h\000r\000e\000s\000h\000o\000l\000d\000\040\000o\000n\000\040\000S\000c\000a\000l\000e\000-\000F\000r\000e\000e\000\040\000N\000e\000t\000w\000o\000r\000k\000s}{section.5}% 17
\BOOKMARK [2][-]{subsection.5.4}{\376\377\000C\000o\000m\000b\000i\000n\000e\000d\000\040\000D\000y\000n\000a\000m\000i\000c\000s}{section.5}% 18
\BOOKMARK [1][-]{section.6}{\376\377\000T\000h\000e\000\040\000C\000e\000n\000t\000r\000a\000l\000\040\000T\000h\000e\000o\000r\000e\000m\000:\000\040\000M\000e\000s\000h\000\040\000E\000q\000u\000i\000l\000i\000b\000r\000i\000u\000m}{}% 19
\BOOKMARK [1][-]{section.7}{\376\377\000P\000o\000s\000t\000-\000C\000r\000o\000s\000s\000i\000n\000g\000\040\000D\000y\000n\000a\000m\000i\000c\000s}{}% 20
\BOOKMARK [2][-]{subsection.7.1}{\376\377\000P\000h\000a\000s\000e\000\040\0001\000:\000\040\000N\000u\000c\000l\000e\000a\000t\000i\000o\000n\000\040\000\050\000R\0000\000m\000e\000s\000h\000\040\000a\000p\000p\000r\000o\000x\000\040\0001\000\051}{section.7}% 21
\BOOKMARK [2][-]{subsection.7.2}{\376\377\000P\000h\000a\000s\000e\000\040\0002\000:\000\040\000R\000a\000p\000i\000d\000\040\000G\000r\000o\000w\000t\000h\000\040\000\050\000R\0000\000m\000e\000s\000h\000\040\000>\000>\000\040\0001\000\051}{section.7}% 22
\BOOKMARK [2][-]{subsection.7.3}{\376\377\000P\000h\000a\000s\000e\000\040\0003\000:\000\040\000M\000a\000t\000u\000r\000i\000t\000y}{section.7}% 23
\BOOKMARK [1][-]{section.8}{\376\377\000T\000h\000e\000\040\000F\000i\000x\000e\000d\000-\000C\000a\000p\000a\000b\000i\000l\000i\000t\000y\000\040\000A\000s\000s\000u\000m\000p\000t\000i\000o\000n\000\040\000R\000e\000l\000a\000x\000e\000d}{}% 24
\BOOKMARK [1][-]{section.9}{\376\377\000T\000h\000e\000\040\000A\000u\000t\000o\000c\000a\000t\000a\000l\000y\000t\000i\000c\000\040\000E\000x\000i\000s\000t\000e\000n\000c\000e\000\040\000T\000h\000r\000e\000s\000h\000o\000l\000d}{}% 25
\BOOKMARK [2][-]{subsection.9.1}{\376\377\000T\000r\000a\000i\000n\000i\000n\000g\000\040\000O\000p\000e\000r\000a\000t\000i\000o\000n\000s\000\040\000a\000s\000\040\000a\000\040\000R\000e\000a\000c\000t\000i\000o\000n\000\040\000S\000y\000s\000t\000e\000m}{section.9}% 26
\BOOKMARK [2][-]{subsection.9.2}{\376\377\000T\000h\000e\000\040\000F\000o\000o\000d\000\040\000S\000e\000t}{section.9}% 27
\BOOKMARK [2][-]{subsection.9.3}{\376\377\000R\000A\000F\000\040\000S\000e\000t\000s\000\040\000i\000n\000\040\000t\000h\000e\000\040\000M\000e\000s\000h}{section.9}% 28
\BOOKMARK [2][-]{subsection.9.4}{\376\377\000E\000x\000i\000s\000t\000e\000n\000c\000e\000\040\000T\000h\000r\000e\000s\000h\000o\000l\000d}{section.9}% 29
\BOOKMARK [2][-]{subsection.9.5}{\376\377\000A\000u\000t\000o\000c\000a\000t\000a\000l\000y\000t\000i\000c\000\040\000C\000o\000r\000e\000\040\000D\000y\000n\000a\000m\000i\000c\000s\000:\000\040\000T\000h\000e\000\040\000J\000a\000i\000n\000-\000K\000r\000i\000s\000h\000n\000a\000\040\000P\000r\000o\000c\000e\000s\000s}{section.9}% 30
\BOOKMARK [1][-]{section.10}{\376\377\000G\000r\000o\000w\000t\000h\000\040\000D\000y\000n\000a\000m\000i\000c\000s\000:\000\040\000T\000h\000e\000\040\000C\000e\000n\000t\000r\000a\000l\000\040\000M\000o\000d\000e\000l}{}% 31
\BOOKMARK [2][-]{subsection.10.1}{\376\377\000T\000h\000e\000\040\000I\000m\000p\000r\000o\000v\000e\000m\000e\000n\000t\000\040\000F\000u\000n\000c\000t\000i\000o\000n}{section.10}% 32
\BOOKMARK [2][-]{subsection.10.2}{\376\377\000T\000h\000e\000\040\000S\000e\000m\000i\000-\000E\000n\000d\000o\000g\000e\000n\000o\000u\000s\000\040\000G\000r\000o\000w\000t\000h\000\040\000F\000o\000r\000m\000u\000l\000a\000t\000i\000o\000n}{section.10}% 33
\BOOKMARK [2][-]{subsection.10.3}{\376\377\000D\000e\000r\000i\000v\000i\000n\000g\000\040\000t\000h\000e\000\040\000M\000e\000s\000h\000'\000s\000\040\000E\000f\000f\000e\000c\000t\000i\000v\000e\000\040}{section.10}% 34
\BOOKMARK [2][-]{subsection.10.4}{\376\377\000T\000r\000a\000i\000n\000i\000n\000g\000\040\000S\000a\000t\000u\000r\000a\000t\000i\000o\000n}{section.10}% 35
\BOOKMARK [2][-]{subsection.10.5}{\376\377\000V\000a\000r\000i\000e\000t\000y\000\040\000E\000x\000p\000a\000n\000s\000i\000o\000n\000\040\000a\000s\000\040\000S\000a\000t\000u\000r\000a\000t\000i\000o\000n\000\040\000E\000s\000c\000a\000p\000e}{section.10}% 36
\BOOKMARK [1][-]{section.11}{\376\377\000T\000h\000e\000\040\000C\000e\000n\000t\000r\000a\000l\000\040\000T\000h\000e\000o\000r\000e\000m\000:\000\040\000G\000r\000o\000w\000t\000h\000\040\000R\000e\000g\000i\000m\000e\000s}{}% 37
\BOOKMARK [1][-]{section.12}{\376\377\000D\000i\000v\000e\000r\000s\000i\000t\000y\000\040\000a\000s\000\040\000C\000o\000l\000l\000a\000p\000s\000e\000\040\000P\000r\000o\000t\000e\000c\000t\000i\000o\000n}{}% 38
\BOOKMARK [2][-]{subsection.12.1}{\376\377\000T\000h\000e\000\040\000M\000o\000d\000e\000l\000\040\000C\000o\000l\000l\000a\000p\000s\000e\000\040\000F\000r\000a\000m\000e\000w\000o\000r\000k}{section.12}% 39
\BOOKMARK [2][-]{subsection.12.2}{\376\377\000E\000f\000f\000e\000c\000t\000i\000v\000e\000\040\000D\000a\000t\000a\000\040\000D\000i\000v\000e\000r\000s\000i\000t\000y\000\040\000i\000n\000\040\000t\000h\000e\000\040\000M\000e\000s\000h}{section.12}% 40
\BOOKMARK [2][-]{subsection.12.3}{\376\377\000T\000h\000e\000\040\000D\000i\000v\000e\000r\000s\000i\000t\000y\000\040\000C\000o\000r\000r\000e\000c\000t\000i\000o\000n}{section.12}% 41
\BOOKMARK [2][-]{subsection.12.4}{\376\377\000C\000E\000S\000\040\000H\000e\000t\000e\000r\000o\000g\000e\000n\000e\000i\000t\000y\000\040\000a\000s\000\040\000C\000o\000l\000l\000a\000p\000s\000e\000\040\000P\000r\000o\000t\000e\000c\000t\000i\000o\000n}{section.12}% 42
\BOOKMARK [1][-]{section.13}{\376\377\000T\000h\000e\000\040\000B\000a\000u\000m\000o\000l\000\040\000B\000o\000t\000t\000l\000e\000n\000e\000c\000k}{}% 43
\BOOKMARK [2][-]{subsection.13.1}{\376\377\000T\000h\000e\000\040\000T\000w\000o\000-\000S\000e\000c\000t\000o\000r\000\040\000S\000t\000r\000u\000c\000t\000u\000r\000e}{section.13}% 44
\BOOKMARK [2][-]{subsection.13.2}{\376\377\000D\000e\000r\000i\000v\000a\000t\000i\000o\000n}{section.13}% 45
\BOOKMARK [2][-]{subsection.13.3}{\376\377\000C\000l\000o\000s\000i\000n\000g\000\040\000t\000h\000e\000\040\000C\000i\000r\000c\000l\000e}{section.13}% 46
\BOOKMARK [1][-]{section.14}{\376\377\000T\000r\000a\000n\000s\000i\000t\000i\000o\000n\000\040\000t\000o\000\040\000S\000e\000t\000t\000l\000e\000m\000e\000n\000t}{}% 47
\BOOKMARK [1][-]{section.15}{\376\377\000F\000r\000a\000m\000e\000w\000o\000r\000k\000s\000\040\000C\000o\000n\000s\000i\000d\000e\000r\000e\000d\000\040\000a\000n\000d\000\040\000R\000e\000j\000e\000c\000t\000e\000d}{}% 48
\BOOKMARK [1][-]{section.16}{\376\377\000F\000a\000l\000s\000i\000f\000i\000a\000b\000l\000e\000\040\000P\000r\000e\000d\000i\000c\000t\000i\000o\000n\000s}{}% 49
\BOOKMARK [1][-]{section.17}{\376\377\000C\000o\000n\000c\000l\000u\000s\000i\000o\000n}{}% 50
\BOOKMARK [1][-]{appendix.A}{\376\377\000R\000e\000n\000o\000r\000m\000a\000l\000i\000z\000a\000t\000i\000o\000n\000\040\000G\000r\000o\000u\000p\000\040\000U\000n\000i\000v\000e\000r\000s\000a\000l\000i\000t\000y}{}% 51
\BOOKMARK [1][-]{appendix.B}{\376\377\000R\000A\000F\000\040\000T\000h\000e\000o\000r\000y\000\040\000B\000a\000c\000k\000g\000r\000o\000u\000n\000d}{}% 52
\BOOKMARK [1][-]{appendix.C}{\376\377\000P\000r\000o\000o\000f\000\040\000D\000e\000t\000a\000i\000l\000s\000\040\000f\000o\000r\000\040\000E\000f\000f\000e\000c\000t\000i\000v\000e\000\040\000T\000r\000a\000i\000n\000i\000n\000g\000\040\000P\000r\000o\000d\000u\000c\000t\000i\000v\000i\000t\000y}{}% 53
\BOOKMARK [1][-]{appendix.D}{\376\377\000W\000e\000i\000t\000z\000m\000a\000n\000\040\000R\000e\000c\000o\000m\000b\000i\000n\000a\000n\000t\000\040\000G\000r\000o\000w\000t\000h\000\040\000C\000o\000n\000n\000e\000c\000t\000i\000o\000n}{}% 54
\BOOKMARK [1][-]{appendix.E}{\376\377\000N\000o\000r\000d\000h\000a\000u\000s\000\040\000S\000i\000n\000g\000u\000l\000a\000r\000i\000t\000y\000\040\000A\000n\000a\000l\000y\000s\000i\000s}{}% 55
