\BOOKMARK [0][-]{chapter.1}{\376\377\000I\000n\000t\000r\000o\000d\000u\000c\000t\000i\000o\000n}{}% 1
\BOOKMARK [1][-]{section.1.1}{\376\377\000T\000h\000e\000\040\000E\000c\000o\000n\000o\000m\000i\000c\000\040\000Q\000u\000e\000s\000t\000i\000o\000n}{chapter.1}% 2
\BOOKMARK [1][-]{section.1.2}{\376\377\000T\000h\000e\000\040\000T\000h\000e\000s\000i\000s\000\040\000A\000r\000g\000u\000m\000e\000n\000t\000\040\000i\000n\000\040\000O\000n\000e\000\040\000P\000a\000g\000e}{chapter.1}% 3
\BOOKMARK [1][-]{section.1.3}{\376\377\000T\000h\000e\000\040\000M\000a\000t\000h\000e\000m\000a\000t\000i\000c\000a\000l\000\040\000S\000p\000i\000n\000e\000:\000\040\000C\000E\000S\000\040\000G\000e\000o\000m\000e\000t\000r\000y}{chapter.1}% 4
\BOOKMARK [2][-]{subsection.1.3.1}{\376\377\000T\000h\000e\000\040\000c\000u\000r\000v\000a\000t\000u\000r\000e\000\040\000p\000a\000r\000a\000m\000e\000t\000e\000r}{section.1.3}% 5
\BOOKMARK [2][-]{subsection.1.3.2}{\376\377\000T\000h\000e\000\040\000t\000r\000i\000p\000l\000e\000\040\000r\000o\000l\000e}{section.1.3}% 6
\BOOKMARK [2][-]{subsection.1.3.3}{\376\377\000F\000r\000o\000m\000\040\000w\000i\000t\000h\000i\000n\000-\000l\000e\000v\000e\000l\000\040\000g\000e\000o\000m\000e\000t\000r\000y\000\040\000t\000o\000\040\000b\000e\000t\000w\000e\000e\000n\000-\000l\000e\000v\000e\000l\000\040\000a\000r\000c\000h\000i\000t\000e\000c\000t\000u\000r\000e}{section.1.3}% 7
\BOOKMARK [2][-]{subsection.1.3.4}{\376\377\000T\000h\000e\000\040\000e\000i\000g\000e\000n\000s\000t\000r\000u\000c\000t\000u\000r\000e\000\040\000b\000r\000i\000d\000g\000e}{section.1.3}% 8
\BOOKMARK [1][-]{section.1.4}{\376\377\000T\000h\000e\000\040\000F\000o\000u\000r\000-\000L\000e\000v\000e\000l\000\040\000H\000i\000e\000r\000a\000r\000c\000h\000y}{chapter.1}% 9
\BOOKMARK [2][-]{subsection.1.4.1}{\376\377\000T\000i\000m\000e\000s\000c\000a\000l\000e\000\040\000s\000e\000p\000a\000r\000a\000t\000i\000o\000n\000\040\000a\000n\000d\000\040\000t\000h\000e\000\040\000s\000l\000o\000w\000\040\000m\000a\000n\000i\000f\000o\000l\000d}{section.1.4}% 10
\BOOKMARK [2][-]{subsection.1.4.2}{\376\377\000T\000h\000e\000\040\000h\000i\000e\000r\000a\000r\000c\000h\000i\000c\000a\000l\000\040\000c\000e\000i\000l\000i\000n\000g\000\040\000c\000a\000s\000c\000a\000d\000e}{section.1.4}% 11
\BOOKMARK [1][-]{section.1.5}{\376\377\000T\000h\000e\000\040\000M\000a\000s\000t\000e\000r\000\040\000R\000e\000p\000r\000o\000d\000u\000c\000t\000i\000o\000n\000\040\000N\000u\000m\000b\000e\000r}{chapter.1}% 12
\BOOKMARK [1][-]{section.1.6}{\376\377\000S\000u\000m\000m\000a\000r\000y\000\040\000o\000f\000\040\000C\000o\000n\000t\000r\000i\000b\000u\000t\000i\000o\000n\000s\000\040\000b\000y\000\040\000C\000h\000a\000p\000t\000e\000r}{chapter.1}% 13
\BOOKMARK [2][-]{subsection.1.6.1}{\376\377\000C\000h\000a\000p\000t\000e\000r\000\040\0002\000:\000\040\000T\000h\000e\000\040\000C\000E\000S\000\040\000t\000r\000i\000p\000l\000e\000\040\000r\000o\000l\000e\040\024\000w\000i\000t\000h\000i\000n\000-\000l\000e\000v\000e\000l\000\040\000g\000e\000o\000m\000e\000t\000r\000y}{section.1.6}% 14
\BOOKMARK [2][-]{subsection.1.6.2}{\376\377\000C\000h\000a\000p\000t\000e\000r\000\040\0003\000:\000\040\000C\000o\000m\000p\000l\000e\000m\000e\000n\000t\000a\000r\000y\000\040\000h\000e\000t\000e\000r\000o\000g\000e\000n\000e\000i\000t\000y\040\024\000b\000e\000t\000w\000e\000e\000n\000-\000l\000e\000v\000e\000l\000\040\000a\000r\000c\000h\000i\000t\000e\000c\000t\000u\000r\000e\000\040\000a\000n\000d\000\040\000d\000y\000n\000a\000m\000i\000c\000s}{section.1.6}% 15
\BOOKMARK [2][-]{subsection.1.6.3}{\376\377\000C\000h\000a\000p\000t\000e\000r\000\040\0004\000:\000\040\000E\000n\000d\000o\000g\000e\000n\000o\000u\000s\000\040\000d\000e\000c\000e\000n\000t\000r\000a\000l\000i\000z\000a\000t\000i\000o\000n\040\024\000L\000e\000v\000e\000l\000\040\0001\000\040\000\050\000h\000a\000r\000d\000w\000a\000r\000e\000\040\000l\000e\000a\000r\000n\000i\000n\000g\000\040\000c\000u\000r\000v\000e\000s\000\051}{section.1.6}% 16
\BOOKMARK [2][-]{subsection.1.6.4}{\376\377\000C\000h\000a\000p\000t\000e\000r\000\040\0005\000:\000\040\000T\000h\000e\000\040\000m\000e\000s\000h\000\040\000e\000c\000o\000n\000o\000m\000y\040\024\000L\000e\000v\000e\000l\000s\000\040\0002\040\023\0003\000\040\000\050\000n\000e\000t\000w\000o\000r\000k\000\040\000f\000o\000r\000m\000a\000t\000i\000o\000n\000\040\000a\000n\000d\000\040\000c\000a\000p\000a\000b\000i\000l\000i\000t\000y\000\040\000g\000r\000o\000w\000t\000h\000\051}{section.1.6}% 17
\BOOKMARK [2][-]{subsection.1.6.5}{\376\377\000C\000h\000a\000p\000t\000e\000r\000\040\0006\000:\000\040\000S\000e\000t\000t\000l\000e\000m\000e\000n\000t\000\040\000f\000e\000e\000d\000b\000a\000c\000k\040\024\000L\000e\000v\000e\000l\000\040\0004\000\040\000\050\000m\000o\000n\000e\000t\000a\000r\000y\000\040\000a\000n\000d\000\040\000f\000i\000n\000a\000n\000c\000i\000a\000l\000\040\000i\000n\000f\000r\000a\000s\000t\000r\000u\000c\000t\000u\000r\000e\000\051}{section.1.6}% 18
\BOOKMARK [2][-]{subsection.1.6.6}{\376\377\000C\000h\000a\000p\000t\000e\000r\000\040\0007\000:\000\040\000M\000o\000n\000e\000t\000a\000r\000y\000\040\000p\000r\000o\000d\000u\000c\000t\000i\000v\000i\000t\000y\000\040\000g\000a\000p\040\024\000e\000m\000p\000i\000r\000i\000c\000a\000l\000\040\000e\000v\000i\000d\000e\000n\000c\000e\000\040\000f\000o\000r\000\040\000s\000e\000t\000t\000l\000e\000m\000e\000n\000t\000\040\000d\000e\000m\000a\000n\000d}{section.1.6}% 19
\BOOKMARK [2][-]{subsection.1.6.7}{\376\377\000C\000h\000a\000p\000t\000e\000r\000\040\0008\000:\000\040\000F\000a\000i\000r\000\040\000i\000n\000h\000e\000r\000i\000t\000a\000n\000c\000e\040\024\000p\000o\000l\000i\000c\000y\000\040\000i\000m\000p\000l\000i\000c\000a\000t\000i\000o\000n\000s}{section.1.6}% 20
\BOOKMARK [1][-]{section.1.7}{\376\377\000F\000a\000l\000s\000i\000f\000i\000a\000b\000l\000e\000\040\000P\000r\000e\000d\000i\000c\000t\000i\000o\000n\000s}{chapter.1}% 21
\BOOKMARK [2][-]{subsection.1.7.1}{\376\377\000P\000r\000e\000l\000i\000m\000i\000n\000a\000r\000y\000\040\000e\000m\000p\000i\000r\000i\000c\000a\000l\000\040\000s\000t\000a\000t\000u\000s}{section.1.7}% 22
\BOOKMARK [1][-]{section.1.8}{\376\377\000R\000o\000a\000d\000m\000a\000p}{chapter.1}% 23
\BOOKMARK [0][-]{chapter.2}{\376\377\000T\000h\000e\000\040\000C\000E\000S\000\040\000T\000r\000i\000p\000l\000e\000\040\000R\000o\000l\000e\000:\000\040\000S\000u\000p\000e\000r\000a\000d\000d\000i\000t\000i\000v\000i\000t\000y\000,\000\040\000C\000o\000r\000r\000e\000l\000a\000t\000i\000o\000n\000\040\000R\000o\000b\000u\000s\000t\000n\000e\000s\000s\000,\000\040\000a\000n\000d\000\040\000S\000t\000r\000a\000t\000e\000g\000i\000c\000\040\000I\000n\000d\000e\000p\000e\000n\000d\000e\000n\000c\000e}{}% 24
\BOOKMARK [1][-]{section.2.1}{\376\377\000I\000n\000t\000r\000o\000d\000u\000c\000t\000i\000o\000n}{chapter.2}% 25
\BOOKMARK [1][-]{section.2.2}{\376\377\000S\000e\000t\000u\000p\000\040\000a\000n\000d\000\040\000N\000o\000t\000a\000t\000i\000o\000n}{chapter.2}% 26
\BOOKMARK [2][-]{subsection.2.2.1}{\376\377\000T\000h\000e\000\040\000C\000E\000S\000\040\000A\000g\000g\000r\000e\000g\000a\000t\000e}{section.2.2}% 27
\BOOKMARK [2][-]{subsection.2.2.2}{\376\377\000T\000h\000e\000\040\000S\000y\000m\000m\000e\000t\000r\000i\000c\000\040\000P\000o\000i\000n\000t}{section.2.2}% 28
\BOOKMARK [2][-]{subsection.2.2.3}{\376\377\000I\000s\000o\000q\000u\000a\000n\000t\000\040\000a\000n\000d\000\040\000G\000e\000o\000d\000e\000s\000i\000c\000\040\000D\000i\000s\000t\000a\000n\000c\000e}{section.2.2}% 29
\BOOKMARK [1][-]{section.2.3}{\376\377\000T\000h\000e\000\040\000C\000u\000r\000v\000a\000t\000u\000r\000e\000\040\000L\000e\000m\000m\000a}{chapter.2}% 30
\BOOKMARK [2][-]{subsection.2.3.1}{\376\377\000G\000r\000a\000d\000i\000e\000n\000t\000\040\000a\000t\000\040\000t\000h\000e\000\040\000S\000y\000m\000m\000e\000t\000r\000i\000c\000\040\000P\000o\000i\000n\000t}{section.2.3}% 31
\BOOKMARK [2][-]{subsection.2.3.2}{\376\377\000H\000e\000s\000s\000i\000a\000n\000\040\000a\000t\000\040\000t\000h\000e\000\040\000S\000y\000m\000m\000e\000t\000r\000i\000c\000\040\000P\000o\000i\000n\000t}{section.2.3}% 32
\BOOKMARK [2][-]{subsection.2.3.3}{\376\377\000T\000h\000e\000\040\000C\000u\000r\000v\000a\000t\000u\000r\000e\000\040\000P\000a\000r\000a\000m\000e\000t\000e\000r}{section.2.3}% 33
\BOOKMARK [2][-]{subsection.2.3.4}{\376\377\000I\000s\000o\000q\000u\000a\000n\000t\000\040\000C\000u\000r\000v\000a\000t\000u\000r\000e}{section.2.3}% 34
\BOOKMARK [1][-]{section.2.4}{\376\377\000S\000u\000p\000e\000r\000a\000d\000d\000i\000t\000i\000v\000i\000t\000y}{chapter.2}% 35
\BOOKMARK [1][-]{section.2.5}{\376\377\000C\000o\000r\000r\000e\000l\000a\000t\000i\000o\000n\000\040\000R\000o\000b\000u\000s\000t\000n\000e\000s\000s}{chapter.2}% 36
\BOOKMARK [2][-]{subsection.2.5.1}{\376\377\000S\000e\000t\000u\000p}{section.2.5}% 37
\BOOKMARK [2][-]{subsection.2.5.2}{\376\377\000T\000h\000e\000\040\000T\000h\000e\000o\000r\000e\000m}{section.2.5}% 38
\BOOKMARK [2][-]{subsection.2.5.3}{\376\377\000T\000h\000e\000\040\000C\000o\000r\000r\000e\000l\000a\000t\000i\000o\000n\000\040\000T\000h\000r\000e\000s\000h\000o\000l\000d}{section.2.5}% 39
\BOOKMARK [1][-]{section.2.6}{\376\377\000S\000t\000r\000a\000t\000e\000g\000i\000c\000\040\000I\000n\000d\000e\000p\000e\000n\000d\000e\000n\000c\000e}{chapter.2}% 40
\BOOKMARK [2][-]{subsection.2.6.1}{\376\377\000S\000e\000t\000u\000p}{section.2.6}% 41
\BOOKMARK [2][-]{subsection.2.6.2}{\376\377\000T\000h\000e\000\040\000T\000h\000e\000o\000r\000e\000m}{section.2.6}% 42
\BOOKMARK [1][-]{section.2.7}{\376\377\000T\000h\000e\000\040\000U\000n\000i\000f\000i\000e\000d\000\040\000T\000h\000e\000o\000r\000e\000m}{chapter.2}% 43
\BOOKMARK [2][-]{subsection.2.7.1}{\376\377\000T\000h\000e\000\040\000G\000e\000o\000m\000e\000t\000r\000i\000c\000\040\000I\000n\000t\000u\000i\000t\000i\000o\000n}{section.2.7}% 44
\BOOKMARK [2][-]{subsection.2.7.2}{\376\377\000W\000h\000y\000\040\000K\000\040\000v\000s\000.\000\040\000K\0002}{section.2.7}% 45
\BOOKMARK [2][-]{subsection.2.7.3}{\376\377\000R\000e\000l\000a\000t\000i\000o\000n\000s\000h\000i\000p\000\040\000t\000o\000\040\000P\000r\000i\000o\000r\000\040\000R\000e\000s\000u\000l\000t\000s}{section.2.7}% 46
\BOOKMARK [1][-]{section.2.8}{\376\377\000G\000e\000n\000e\000r\000a\000l\000\040\000W\000e\000i\000g\000h\000t\000s\000\040\000a\000n\000d\000\040\000t\000h\000e\000\040\000S\000e\000c\000u\000l\000a\000r\000\040\000E\000q\000u\000a\000t\000i\000o\000n}{chapter.2}% 47
\BOOKMARK [2][-]{subsection.2.8.1}{\376\377\000E\000f\000f\000e\000c\000t\000i\000v\000e\000\040\000S\000h\000a\000r\000e\000s\000\040\000a\000n\000d\000\040\000t\000h\000e\000\040\000C\000o\000s\000t\000-\000M\000i\000n\000i\000m\000i\000z\000i\000n\000g\000\040\000P\000o\000i\000n\000t}{section.2.8}% 48
\BOOKMARK [2][-]{subsection.2.8.2}{\376\377\000T\000h\000e\000\040\000H\000e\000s\000s\000i\000a\000n\000\040\000a\000t\000\040\000G\000e\000n\000e\000r\000a\000l\000\040\000W\000e\000i\000g\000h\000t\000s}{section.2.8}% 49
\BOOKMARK [2][-]{subsection.2.8.3}{\376\377\000T\000h\000e\000\040\000S\000e\000c\000u\000l\000a\000r\000\040\000E\000q\000u\000a\000t\000i\000o\000n}{section.2.8}% 50
\BOOKMARK [2][-]{subsection.2.8.4}{\376\377\000T\000h\000e\000\040\000G\000e\000n\000e\000r\000a\000l\000i\000z\000e\000d\000\040\000C\000u\000r\000v\000a\000t\000u\000r\000e\000\040\000P\000a\000r\000a\000m\000e\000t\000e\000r}{section.2.8}% 51
\BOOKMARK [2][-]{subsection.2.8.5}{\376\377\000G\000e\000n\000e\000r\000a\000l\000-\000W\000e\000i\000g\000h\000t\000\040\000V\000e\000r\000s\000i\000o\000n\000s\000\040\000o\000f\000\040\000t\000h\000e\000\040\000T\000h\000r\000e\000e\000\040\000T\000h\000e\000o\000r\000e\000m\000s}{section.2.8}% 52
\BOOKMARK [1][-]{section.2.9}{\376\377\000D\000i\000s\000c\000u\000s\000s\000i\000o\000n}{chapter.2}% 53
\BOOKMARK [2][-]{subsection.2.9.1}{\376\377\000T\000i\000g\000h\000t\000n\000e\000s\000s}{section.2.9}% 54
\BOOKMARK [2][-]{subsection.2.9.2}{\376\377\000S\000u\000f\000f\000i\000c\000i\000e\000n\000c\000y\000\040\000o\000f\000\040\000J}{section.2.9}% 55
\BOOKMARK [2][-]{subsection.2.9.3}{\376\377\000C\000o\000n\000n\000e\000c\000t\000i\000o\000n\000\040\000t\000o\000\040\000O\000t\000h\000e\000r\000\040\000C\000E\000S\000\040\000R\000e\000s\000u\000l\000t\000s}{section.2.9}% 56
\BOOKMARK [2][-]{subsection.2.9.4}{\376\377\000W\000h\000a\000t\000\040\000T\000h\000i\000s\000\040\000P\000a\000p\000e\000r\000\040\000D\000o\000e\000s\000\040\000N\000o\000t\000\040\000C\000o\000v\000e\000r}{section.2.9}% 57
\BOOKMARK [0][-]{chapter.3}{\376\377\000C\000o\000m\000p\000l\000e\000m\000e\000n\000t\000a\000r\000y\000\040\000H\000e\000t\000e\000r\000o\000g\000e\000n\000e\000i\000t\000y\000\040\000i\000n\000\040\000H\000i\000e\000r\000a\000r\000c\000h\000i\000c\000a\000l\000\040\000E\000c\000o\000n\000o\000m\000i\000e\000s}{}% 58
\BOOKMARK [1][-]{section.3.1}{\376\377\000I\000n\000t\000r\000o\000d\000u\000c\000t\000i\000o\000n}{chapter.3}% 59
\BOOKMARK [1][-]{section.3.2}{\376\377\000S\000e\000t\000u\000p}{chapter.3}% 60
\BOOKMARK [2][-]{subsection.3.2.1}{\376\377\000T\000h\000e\000\040\000C\000E\000S\000\040\000A\000g\000g\000r\000e\000g\000a\000t\000e}{section.3.2}% 61
\BOOKMARK [2][-]{subsection.3.2.2}{\376\377\000T\000h\000e\000\040\000H\000i\000e\000r\000a\000r\000c\000h\000i\000c\000a\000l\000\040\000E\000c\000o\000n\000o\000m\000y}{section.3.2}% 62
\BOOKMARK [2][-]{subsection.3.2.3}{\376\377\000T\000h\000e\000\040\000F\000r\000e\000e\000\040\000E\000n\000e\000r\000g\000y}{section.3.2}% 63
\BOOKMARK [1][-]{section.3.3}{\376\377\000T\000h\000e\000\040\000P\000o\000r\000t\000\040\000T\000o\000p\000o\000l\000o\000g\000y\000\040\000T\000h\000e\000o\000r\000e\000m}{chapter.3}% 64
\BOOKMARK [2][-]{subsection.3.3.1}{\376\377\000T\000h\000e\000\040\000M\000o\000d\000u\000l\000i\000\040\000S\000p\000a\000c\000e\000\040\000T\000h\000e\000o\000r\000e\000m}{section.3.3}% 65
\BOOKMARK [2][-]{subsection.3.3.2}{\376\377\000T\000h\000e\000\040\000S\000e\000c\000u\000l\000a\000r\000\040\000E\000q\000u\000a\000t\000i\000o\000n\000\040\000a\000n\000d\000\040\000t\000h\000e\000\040\000V\000a\000l\000u\000e\000\040\000o\000f\000\040\000D\000i\000v\000e\000r\000s\000i\000t\000y}{section.3.3}% 66
\BOOKMARK [1][-]{section.3.4}{\376\377\000T\000h\000e\000\040\000R\000e\000d\000u\000c\000e\000d\000\040\000S\000y\000s\000t\000e\000m\000\040\000a\000n\000d\000\040\000A\000c\000t\000i\000v\000a\000t\000i\000o\000n\000\040\000T\000h\000r\000e\000s\000h\000o\000l\000d}{chapter.3}% 67
\BOOKMARK [2][-]{subsection.3.4.1}{\376\377\000R\000e\000d\000u\000c\000t\000i\000o\000n\000\040\000t\000o\000\040\000N\000\040\000D\000i\000m\000e\000n\000s\000i\000o\000n\000s}{section.3.4}% 68
\BOOKMARK [2][-]{subsection.3.4.2}{\376\377\000T\000h\000e\000\040\000N\000e\000x\000t\000-\000G\000e\000n\000e\000r\000a\000t\000i\000o\000n\000\040\000M\000a\000t\000r\000i\000x}{section.3.4}% 69
\BOOKMARK [2][-]{subsection.3.4.3}{\376\377\000C\000h\000a\000r\000a\000c\000t\000e\000r\000i\000s\000t\000i\000c\000\040\000P\000o\000l\000y\000n\000o\000m\000i\000a\000l}{section.3.4}% 70
\BOOKMARK [2][-]{subsection.3.4.4}{\376\377\000T\000h\000e\000\040\000S\000p\000e\000c\000t\000r\000a\000l\000\040\000T\000h\000r\000e\000s\000h\000o\000l\000d}{section.3.4}% 71
\BOOKMARK [1][-]{section.3.5}{\376\377\000T\000h\000e\000\040\000F\000o\000u\000r\000\040\000E\000c\000o\000n\000o\000m\000i\000c\000\040\000L\000e\000v\000e\000l\000s}{chapter.3}% 72
\BOOKMARK [2][-]{subsection.3.5.1}{\376\377\000H\000a\000r\000d\000w\000a\000r\000e\000\040\000\050\000L\000e\000v\000e\000l\000\040\0001\000,\000\040\000S\000l\000o\000w\000e\000s\000t\040\024\000D\000e\000c\000a\000d\000e\000s\000\051}{section.3.5}% 73
\BOOKMARK [2][-]{subsection.3.5.2}{\376\377\000N\000e\000t\000w\000o\000r\000k\000\040\000\050\000L\000e\000v\000e\000l\000\040\0002\040\024\000Y\000e\000a\000r\000s\000\051}{section.3.5}% 74
\BOOKMARK [2][-]{subsection.3.5.3}{\376\377\000C\000a\000p\000a\000b\000i\000l\000i\000t\000y\000\040\000\050\000L\000e\000v\000e\000l\000\040\0003\040\024\000M\000o\000n\000t\000h\000s\000\051}{section.3.5}% 75
\BOOKMARK [2][-]{subsection.3.5.4}{\376\377\000S\000e\000t\000t\000l\000e\000m\000e\000n\000t\000\040\000\050\000L\000e\000v\000e\000l\000\040\0004\000,\000\040\000F\000a\000s\000t\000e\000s\000t\040\024\000D\000a\000y\000s\000\051}{section.3.5}% 76
\BOOKMARK [1][-]{section.3.6}{\376\377\000T\000h\000e\000\040\000E\000i\000g\000e\000n\000s\000t\000r\000u\000c\000t\000u\000r\000e\000\040\000B\000r\000i\000d\000g\000e\000\040\000a\000n\000d\000\040\000W\000e\000l\000f\000a\000r\000e\000\040\000D\000e\000c\000o\000m\000p\000o\000s\000i\000t\000i\000o\000n}{chapter.3}% 77
\BOOKMARK [2][-]{subsection.3.6.1}{\376\377\000T\000h\000e\000\040\000N\000o\000n\000-\000G\000r\000a\000d\000i\000e\000n\000t\000\040\000O\000b\000s\000t\000r\000u\000c\000t\000i\000o\000n}{section.3.6}% 78
\BOOKMARK [2][-]{subsection.3.6.2}{\376\377\000T\000h\000e\000\040\000S\000t\000o\000r\000a\000g\000e\000\040\000F\000u\000n\000c\000t\000i\000o\000n}{section.3.6}% 79
\BOOKMARK [2][-]{subsection.3.6.3}{\376\377\000T\000h\000e\000\040\000B\000r\000i\000d\000g\000e\000\040\000E\000q\000u\000a\000t\000i\000o\000n}{section.3.6}% 80
\BOOKMARK [2][-]{subsection.3.6.4}{\376\377\000W\000e\000l\000f\000a\000r\000e\000\040\000L\000o\000s\000s\000\040\000D\000e\000c\000o\000m\000p\000o\000s\000i\000t\000i\000o\000n}{section.3.6}% 81
\BOOKMARK [2][-]{subsection.3.6.5}{\376\377\000T\000h\000e\000\040\000L\000o\000g\000i\000s\000t\000i\000c\000\040\000F\000r\000a\000g\000i\000l\000i\000t\000y\000\040\000C\000o\000n\000d\000i\000t\000i\000o\000n}{section.3.6}% 82
\BOOKMARK [1][-]{section.3.7}{\376\377\000T\000h\000e\000\040\000D\000a\000m\000p\000i\000n\000g\000\040\000C\000a\000n\000c\000e\000l\000l\000a\000t\000i\000o\000n\000\040\000a\000n\000d\000\040\000P\000o\000l\000i\000c\000y}{chapter.3}% 83
\BOOKMARK [2][-]{subsection.3.7.1}{\376\377\000T\000h\000e\000\040\000D\000a\000m\000p\000i\000n\000g\000-\000S\000p\000e\000e\000d\000\040\000T\000r\000a\000d\000e\000o\000f\000f}{section.3.7}% 84
\BOOKMARK [2][-]{subsection.3.7.2}{\376\377\000T\000h\000e\000\040\000U\000p\000s\000t\000r\000e\000a\000m\000\040\000R\000e\000f\000o\000r\000m\000\040\000P\000r\000i\000n\000c\000i\000p\000l\000e}{section.3.7}% 85
\BOOKMARK [2][-]{subsection.3.7.3}{\376\377\000T\000h\000e\000\040\000G\000l\000o\000b\000a\000l\000\040\000W\000e\000l\000f\000a\000r\000e\000\040\000O\000r\000d\000e\000r\000i\000n\000g}{section.3.7}% 86
\BOOKMARK [2][-]{subsection.3.7.4}{\376\377\000T\000h\000e\000\040\000R\000i\000g\000i\000d\000i\000t\000y\000\040\000O\000r\000d\000e\000r\000i\000n\000g}{section.3.7}% 87
\BOOKMARK [1][-]{section.3.8}{\376\377\000T\000r\000a\000n\000s\000i\000t\000i\000o\000n\000\040\000D\000y\000n\000a\000m\000i\000c\000s}{chapter.3}% 88
\BOOKMARK [2][-]{subsection.3.8.1}{\376\377\000T\000h\000e\000\040\000H\000i\000e\000r\000a\000r\000c\000h\000i\000c\000a\000l\000\040\000C\000e\000i\000l\000i\000n\000g\000\040\000C\000a\000s\000c\000a\000d\000e}{section.3.8}% 89
\BOOKMARK [2][-]{subsection.3.8.2}{\376\377\000T\000h\000e\000\040\000T\000r\000a\000n\000s\000i\000t\000i\000o\000n\000\040\000D\000u\000r\000a\000t\000i\000o\000n}{section.3.8}% 90
\BOOKMARK [2][-]{subsection.3.8.3}{\376\377\000D\000i\000s\000p\000e\000r\000s\000i\000o\000n\000\040\000a\000s\000\040\000L\000e\000a\000d\000i\000n\000g\000\040\000I\000n\000d\000i\000c\000a\000t\000o\000r}{section.3.8}% 91
\BOOKMARK [1][-]{section.3.9}{\376\377\000E\000m\000p\000i\000r\000i\000c\000a\000l\000\040\000P\000r\000e\000d\000i\000c\000t\000i\000o\000n\000s}{chapter.3}% 92
\BOOKMARK [2][-]{subsection.3.9.1}{\376\377\000C\000a\000l\000i\000b\000r\000a\000t\000i\000o\000n\000\040\000I\000n\000p\000u\000t\000s}{section.3.9}% 93
\BOOKMARK [2][-]{subsection.3.9.2}{\376\377\000P\000r\000e\000d\000i\000c\000t\000i\000o\000n\000s}{section.3.9}% 94
\BOOKMARK [2][-]{subsection.3.9.3}{\376\377\000P\000r\000e\000l\000i\000m\000i\000n\000a\000r\000y\000\040\000E\000v\000i\000d\000e\000n\000c\000e\040\024\000P\000o\000r\000t\000\040\000T\000o\000p\000o\000l\000o\000g\000y}{section.3.9}% 95
\BOOKMARK [1][-]{section.3.10}{\376\377\000L\000i\000m\000i\000t\000a\000t\000i\000o\000n\000s}{chapter.3}% 96
\BOOKMARK [2][-]{subsection.3.10.1}{\376\377\000M\000a\000t\000h\000e\000m\000a\000t\000i\000c\000a\000l}{section.3.10}% 97
\BOOKMARK [2][-]{subsection.3.10.2}{\376\377\000E\000m\000p\000i\000r\000i\000c\000a\000l}{section.3.10}% 98
\BOOKMARK [2][-]{subsection.3.10.3}{\376\377\000F\000r\000a\000m\000e\000w\000o\000r\000k\000s\000\040\000C\000o\000n\000s\000i\000d\000e\000r\000e\000d\000\040\000a\000n\000d\000\040\000R\000e\000j\000e\000c\000t\000e\000d}{section.3.10}% 99
\BOOKMARK [1][-]{section.3.11}{\376\377\000C\000o\000n\000c\000l\000u\000s\000i\000o\000n}{chapter.3}% 100
\BOOKMARK [1][-]{section.Alph0.1}{\376\377\000P\000r\000o\000o\000f\000\040\000o\000f\000\040\000t\000h\000e\000\040\000P\000o\000r\000t\000\040\000T\000o\000p\000o\000l\000o\000g\000y\000\040\000T\000h\000e\000o\000r\000e\000m}{chapter.3}% 101
\BOOKMARK [2][-]{subsection.Alph0.1.1}{\376\377\000P\000r\000o\000o\000f\000\040\000o\000f\000\040\000C\000l\000a\000i\000m\000\040\000\050\000i\000\051\000:\000\040\000A\000g\000g\000r\000e\000g\000a\000t\000e\000\040\000C\000o\000u\000p\000l\000i\000n\000g}{section.Alph0.1}% 102
\BOOKMARK [2][-]{subsection.Alph0.1.2}{\376\377\000P\000r\000o\000o\000f\000\040\000o\000f\000\040\000C\000l\000a\000i\000m\000\040\000\050\000i\000i\000\051\000:\000\040\000D\000i\000r\000e\000c\000t\000e\000d\000\040\000C\000o\000u\000p\000l\000i\000n\000g}{section.Alph0.1}% 103
\BOOKMARK [2][-]{subsection.Alph0.1.3}{\376\377\000P\000r\000o\000o\000f\000\040\000o\000f\000\040\000C\000l\000a\000i\000m\000\040\000\050\000i\000i\000i\000\051\000:\000\040\000P\000o\000r\000t\000\040\000A\000l\000i\000g\000n\000m\000e\000n\000t}{section.Alph0.1}% 104
\BOOKMARK [2][-]{subsection.Alph0.1.4}{\376\377\000P\000r\000o\000o\000f\000\040\000o\000f\000\040\000C\000l\000a\000i\000m\000\040\000\050\000i\000v\000\051\000:\000\040\000N\000e\000a\000r\000e\000s\000t\000-\000N\000e\000i\000g\000h\000b\000o\000r\000\040\000T\000o\000p\000o\000l\000o\000g\000y}{section.Alph0.1}% 105
\BOOKMARK [1][-]{section.Alph0.2}{\376\377\000P\000r\000o\000o\000f\000\040\000o\000f\000\040\000t\000h\000e\000\040\000W\000e\000l\000f\000a\000r\000e\000\040\000D\000i\000s\000t\000a\000n\000c\000e\000\040\000F\000u\000n\000c\000t\000i\000o\000n}{chapter.3}% 106
\BOOKMARK [1][-]{section.Alph0.3}{\376\377\000P\000r\000o\000o\000f\000\040\000o\000f\000\040\000t\000h\000e\000\040\000E\000i\000g\000e\000n\000s\000t\000r\000u\000c\000t\000u\000r\000e\000\040\000B\000r\000i\000d\000g\000e}{chapter.3}% 107
\BOOKMARK [1][-]{section.Alph0.4}{\376\377\000T\000r\000a\000n\000s\000i\000t\000i\000o\000n\000\040\000D\000y\000n\000a\000m\000i\000c\000s\000:\000\040\000T\000h\000e\000\040\000N\000o\000r\000m\000a\000l\000\040\000F\000o\000r\000m}{chapter.3}% 108
\BOOKMARK [2][-]{subsection.Alph0.4.1}{\376\377\000T\000h\000e\000\040\000T\000r\000a\000n\000s\000c\000r\000i\000t\000i\000c\000a\000l\000\040\000N\000o\000r\000m\000a\000l\000\040\000F\000o\000r\000m}{section.Alph0.4}% 109
\BOOKMARK [2][-]{subsection.Alph0.4.2}{\376\377\000C\000o\000m\000p\000u\000t\000i\000n\000g\000\040\000t\000h\000e\000\040\000M\000i\000x\000e\000d\000\040\000P\000a\000r\000t\000i\000a\000l}{section.Alph0.4}% 110
\BOOKMARK [2][-]{subsection.Alph0.4.3}{\376\377\000W\000h\000e\000r\000e\000\040\000K\000\040\000E\000n\000t\000e\000r\000s}{section.Alph0.4}% 111
\BOOKMARK [2][-]{subsection.Alph0.4.4}{\376\377\000P\000a\000s\000s\000a\000g\000e\000\040\000T\000i\000m\000e}{section.Alph0.4}% 112
\BOOKMARK [1][-]{section.Alph0.5}{\376\377\000T\000h\000e\000\040\000W\000e\000l\000f\000a\000r\000e\000\040\000L\000o\000s\000s\000\040\000D\000e\000c\000o\000m\000p\000o\000s\000i\000t\000i\000o\000n}{chapter.3}% 113
\BOOKMARK [0][-]{appendix.A}{\376\377\000E\000n\000d\000o\000g\000e\000n\000o\000u\000s\000\040\000D\000e\000c\000e\000n\000t\000r\000a\000l\000i\000z\000a\000t\000i\000o\000n}{}% 114
\BOOKMARK [1][-]{section.A.1}{\376\377\000I\000n\000t\000r\000o\000d\000u\000c\000t\000i\000o\000n}{appendix.A}% 115
\BOOKMARK [2][-]{subsection.A.1.1}{\376\377\000R\000e\000l\000a\000t\000i\000o\000n\000\040\000t\000o\000\040\000t\000h\000e\000\040\000T\000h\000e\000s\000i\000s\000\040\000F\000r\000a\000m\000e\000w\000o\000r\000k}{section.A.1}% 116
\BOOKMARK [1][-]{section.A.2}{\376\377\000T\000h\000e\000\040\000E\000n\000d\000o\000g\000e\000n\000o\000u\000s\000\040\000D\000e\000c\000e\000n\000t\000r\000a\000l\000i\000z\000a\000t\000i\000o\000n\000\040\000M\000e\000c\000h\000a\000n\000i\000s\000m}{appendix.A}% 117
\BOOKMARK [2][-]{subsection.A.2.1}{\376\377\000T\000h\000r\000e\000e\000-\000S\000t\000a\000g\000e\000\040\000S\000t\000r\000u\000c\000t\000u\000r\000e}{section.A.2}% 118
\BOOKMARK [2][-]{subsection.A.2.2}{\376\377\000T\000h\000e\000\040\000S\000e\000l\000f\000-\000U\000n\000d\000e\000r\000m\000i\000n\000i\000n\000g\000\040\000I\000n\000v\000e\000s\000t\000m\000e\000n\000t\000\040\000P\000r\000o\000p\000e\000r\000t\000y}{section.A.2}% 119
\BOOKMARK [2][-]{subsection.A.2.3}{\376\377\000D\000u\000a\000l\000\040\000C\000o\000n\000v\000e\000r\000g\000e\000n\000c\000e}{section.A.2}% 120
\BOOKMARK [2][-]{subsection.A.2.4}{\376\377\000D\000i\000s\000t\000i\000n\000c\000t\000i\000o\000n\000\040\000f\000r\000o\000m\000\040\000A\000d\000j\000a\000c\000e\000n\000t\000\040\000T\000h\000e\000o\000r\000y}{section.A.2}% 121
\BOOKMARK [1][-]{section.A.3}{\376\377\000F\000o\000r\000m\000a\000l\000\040\000M\000o\000d\000e\000l}{appendix.A}% 122
\BOOKMARK [2][-]{subsection.A.3.1}{\376\377\000E\000n\000v\000i\000r\000o\000n\000m\000e\000n\000t}{section.A.3}% 123
\BOOKMARK [2][-]{subsection.A.3.2}{\376\377\000M\000a\000r\000k\000o\000v\000\040\000P\000e\000r\000f\000e\000c\000t\000\040\000E\000q\000u\000i\000l\000i\000b\000r\000i\000u\000m}{section.A.3}% 124
\BOOKMARK [2][-]{subsection.A.3.3}{\376\377\000C\000o\000o\000p\000e\000r\000a\000t\000i\000v\000e\000\040\000B\000e\000n\000c\000h\000m\000a\000r\000k}{section.A.3}% 125
\BOOKMARK [2][-]{subsection.A.3.4}{\376\377\000A\000n\000a\000l\000y\000t\000i\000c\000a\000l\000\040\000S\000o\000l\000u\000t\000i\000o\000n\000s}{section.A.3}% 126
\BOOKMARK [2][-]{subsection.A.3.5}{\376\377\000T\000h\000e\000\040\000O\000v\000e\000r\000i\000n\000v\000e\000s\000t\000m\000e\000n\000t\000\040\000R\000e\000s\000u\000l\000t}{section.A.3}% 127
\BOOKMARK [2][-]{subsection.A.3.6}{\376\377\000C\000o\000m\000p\000a\000r\000a\000t\000i\000v\000e\000\040\000S\000t\000a\000t\000i\000c\000s}{section.A.3}% 128
\BOOKMARK [2][-]{subsection.A.3.7}{\376\377\000I\000n\000p\000u\000t\000\040\000C\000a\000n\000n\000i\000b\000a\000l\000i\000z\000a\000t\000i\000o\000n}{section.A.3}% 129
\BOOKMARK [2][-]{subsection.A.3.8}{\376\377\000C\000a\000l\000i\000b\000r\000a\000t\000i\000o\000n}{section.A.3}% 130
\BOOKMARK [2][-]{subsection.A.3.9}{\376\377\000N\000o\000t\000e\000\040\000o\000n\000\040\000I\000d\000e\000n\000t\000i\000f\000i\000c\000a\000t\000i\000o\000n}{section.A.3}% 131
\BOOKMARK [2][-]{subsection.A.3.10}{\376\377\000G\000e\000n\000e\000r\000a\000l\000i\000z\000e\000d\000\040\000C\000r\000o\000s\000s\000i\000n\000g\000\040\000C\000o\000n\000d\000i\000t\000i\000o\000n}{section.A.3}% 132
\BOOKMARK [1][-]{section.A.4}{\376\377\000T\000h\000e\000\040\000T\000r\000a\000i\000n\000i\000n\000g\000-\000I\000n\000f\000e\000r\000e\000n\000c\000e\000\040\000S\000t\000r\000u\000c\000t\000u\000r\000a\000l\000\040\000D\000i\000s\000t\000i\000n\000c\000t\000i\000o\000n}{appendix.A}% 133
\BOOKMARK [2][-]{subsection.A.4.1}{\376\377\000T\000w\000o\000\040\000W\000o\000r\000k\000l\000o\000a\000d\000s\000,\000\040\000T\000w\000o\000\040\000A\000r\000c\000h\000i\000t\000e\000c\000t\000u\000r\000e\000s}{section.A.4}% 134
\BOOKMARK [2][-]{subsection.A.4.2}{\376\377\000T\000r\000a\000i\000n\000i\000n\000g\000\040\000D\000o\000e\000s\000\040\000N\000o\000t\000\040\000D\000e\000c\000e\000n\000t\000r\000a\000l\000i\000z\000e}{section.A.4}% 135
\BOOKMARK [2][-]{subsection.A.4.3}{\376\377\000I\000n\000f\000e\000r\000e\000n\000c\000e\000\040\000D\000e\000c\000e\000n\000t\000r\000a\000l\000i\000z\000e\000s}{section.A.4}% 136
\BOOKMARK [2][-]{subsection.A.4.4}{\376\377\000T\000h\000e\000\040\000I\000n\000f\000e\000r\000e\000n\000c\000e\000\040\000R\000e\000v\000e\000n\000u\000e\000\040\000P\000o\000o\000l}{section.A.4}% 137
\BOOKMARK [2][-]{subsection.A.4.5}{\376\377\000I\000m\000p\000l\000i\000c\000a\000t\000i\000o\000n\000s\000\040\000f\000o\000r\000\040\000t\000h\000e\000\040\000M\000o\000d\000e\000l}{section.A.4}% 138
\BOOKMARK [1][-]{section.A.5}{\376\377\000E\000m\000p\000i\000r\000i\000c\000a\000l\000\040\000E\000v\000i\000d\000e\000n\000c\000e\000:\000\040\000D\000u\000a\000l\000\040\000C\000o\000n\000v\000e\000r\000g\000e\000n\000c\000e}{appendix.A}% 139
\BOOKMARK [2][-]{subsection.A.5.1}{\376\377\000I\000d\000e\000n\000t\000i\000f\000i\000c\000a\000t\000i\000o\000n\000:\000\040\000T\000h\000e\000\040\000E\000x\000p\000o\000r\000t\000-\000C\000o\000n\000t\000r\000o\000l\000\040\000N\000a\000t\000u\000r\000a\000l\000\040\000E\000x\000p\000e\000r\000i\000m\000e\000n\000t}{section.A.5}% 140
\BOOKMARK [2][-]{subsection.A.5.2}{\376\377\000C\000o\000n\000v\000e\000r\000g\000e\000n\000c\000e\000\040\000f\000r\000o\000m\000\040\000B\000e\000l\000o\000w\000:\000\040\000H\000a\000r\000d\000w\000a\000r\000e\000\040\000C\000o\000s\000t\000\040\000D\000e\000c\000l\000i\000n\000e}{section.A.5}% 141
\BOOKMARK [2][-]{subsection.A.5.3}{\376\377\000C\000o\000n\000v\000e\000r\000g\000e\000n\000c\000e\000\040\000f\000r\000o\000m\000\040\000A\000b\000o\000v\000e\000:\000\040\000A\000l\000g\000o\000r\000i\000t\000h\000m\000i\000c\000\040\000E\000f\000f\000i\000c\000i\000e\000n\000c\000y}{section.A.5}% 142
\BOOKMARK [2][-]{subsection.A.5.4}{\376\377\000B\000o\000u\000n\000d\000i\000n\000g\000\040\000R\0000\000\040\000f\000r\000o\000m\000\040\000O\000p\000e\000n\000-\000W\000e\000i\000g\000h\000t\000\040\000A\000d\000o\000p\000t\000i\000o\000n\000\040\000D\000y\000n\000a\000m\000i\000c\000s}{section.A.5}% 143
\BOOKMARK [2][-]{subsection.A.5.5}{\376\377\000T\000h\000e\000\040\000D\000e\000m\000a\000n\000d\000\040\000S\000h\000o\000c\000k\000\040\000a\000s\000\040\000N\000a\000s\000h\000\040\000O\000v\000e\000r\000i\000n\000v\000e\000s\000t\000m\000e\000n\000t}{section.A.5}% 144
\BOOKMARK [1][-]{section.A.6}{\376\377\000H\000i\000s\000t\000o\000r\000i\000c\000a\000l\000\040\000V\000a\000l\000i\000d\000a\000t\000i\000o\000n\000\040\000a\000n\000d\000\040\000P\000a\000r\000a\000m\000e\000t\000e\000r\000\040\000C\000o\000n\000s\000i\000s\000t\000e\000n\000c\000y}{appendix.A}% 145
\BOOKMARK [2][-]{subsection.A.6.1}{\376\377\000M\000a\000i\000n\000f\000r\000a\000m\000e\000\040\000\040\000P\000e\000r\000s\000o\000n\000a\000l\000\040\000C\000o\000m\000p\000u\000t\000e\000r\000\040\000\050\0001\0009\0007\0005\040\023\0002\0000\0000\0000\000\051}{section.A.6}% 146
\BOOKMARK [2][-]{subsection.A.6.2}{\376\377\000A\000R\000P\000A\000N\000E\000T\000\040\000\040\000C\000o\000m\000m\000e\000r\000c\000i\000a\000l\000\040\000I\000n\000t\000e\000r\000n\000e\000t\000\040\000\050\0001\0009\0006\0009\040\023\0002\0000\0000\0000\000\051}{section.A.6}% 147
\BOOKMARK [2][-]{subsection.A.6.3}{\376\377\000T\000h\000e\000\040\000E\000x\000p\000o\000r\000t\000-\000C\000o\000n\000t\000r\000o\000l\000\040\000N\000a\000t\000u\000r\000a\000l\000\040\000E\000x\000p\000e\000r\000i\000m\000e\000n\000t}{section.A.6}% 148
\BOOKMARK [2][-]{subsection.A.6.4}{\376\377\000C\000r\000o\000s\000s\000-\000D\000o\000m\000a\000i\000n\000\040\000P\000a\000r\000a\000m\000e\000t\000e\000r\000\040\000C\000o\000n\000s\000i\000s\000t\000e\000n\000c\000y}{section.A.6}% 149
\BOOKMARK [1][-]{section.A.7}{\376\377\000F\000a\000l\000s\000i\000f\000i\000a\000b\000l\000e\000\040\000P\000r\000e\000d\000i\000c\000t\000i\000o\000n\000s}{appendix.A}% 150
\BOOKMARK [1][-]{section.A.8}{\376\377\000T\000h\000e\000\040\000C\000a\000p\000a\000b\000i\000l\000i\000t\000y\000\040\000C\000o\000n\000t\000i\000n\000u\000u\000m}{appendix.A}% 151
\BOOKMARK [2][-]{subsection.A.8.1}{\376\377\000T\000h\000e\000\040\000C\000o\000n\000t\000i\000n\000u\000u\000m\000\040\000R\000e\000g\000i\000m\000e}{section.A.8}% 152
\BOOKMARK [2][-]{subsection.A.8.2}{\376\377\000R\000e\000s\000o\000l\000u\000t\000i\000o\000n\000\040\000P\000a\000t\000h\000w\000a\000y\000s}{section.A.8}% 153
\BOOKMARK [2][-]{subsection.A.8.3}{\376\377\000I\000m\000p\000l\000i\000c\000a\000t\000i\000o\000n\000s\000\040\000f\000o\000r\000\040\000t\000h\000e\000\040\000T\000h\000e\000s\000i\000s\000\040\000F\000r\000a\000m\000e\000w\000o\000r\000k}{section.A.8}% 154
\BOOKMARK [1][-]{section.A.9}{\376\377\000C\000o\000n\000c\000l\000u\000s\000i\000o\000n}{appendix.A}% 155
\BOOKMARK [1][-]{section.Alph0.1}{\376\377\000T\000w\000o\000-\000P\000e\000r\000i\000o\000d\000\040\000P\000e\000d\000a\000g\000o\000g\000i\000c\000a\000l\000\040\000M\000o\000d\000e\000l}{appendix.A}% 156
\BOOKMARK [1][-]{section.Alph0.2}{\376\377\000O\000v\000e\000r\000i\000n\000v\000e\000s\000t\000m\000e\000n\000t\000\040\000i\000n\000\040\000D\000o\000l\000l\000a\000r\000\040\000T\000e\000r\000m\000s}{appendix.A}% 157
\BOOKMARK [1][-]{section.Alph0.3}{\376\377\000S\000e\000m\000i\000-\000E\000n\000d\000o\000g\000e\000n\000o\000u\000s\000\040\000C\000o\000o\000r\000d\000i\000n\000a\000t\000i\000o\000n\000\040\000D\000y\000n\000a\000m\000i\000c\000s}{appendix.A}% 158
\BOOKMARK [1][-]{section.Alph0.4}{\376\377\000S\000t\000r\000u\000c\000t\000u\000r\000a\000l\000\040\000B\000r\000e\000a\000k\000s\000\040\000i\000n\000\040\000t\000h\000e\000\040\000D\000R\000A\000M\000\040\000D\000i\000e\000\040\000L\000e\000a\000r\000n\000i\000n\000g\000\040\000C\000u\000r\000v\000e}{appendix.A}% 159
\BOOKMARK [0][-]{appendix.A}{\376\377\000T\000h\000e\000\040\000M\000e\000s\000h\000\040\000E\000c\000o\000n\000o\000m\000y}{}% 160
\BOOKMARK [1][-]{section.A.1}{\376\377\000I\000n\000t\000r\000o\000d\000u\000c\000t\000i\000o\000n}{appendix.A}% 161
\BOOKMARK [2][-]{subsection.A.1.1}{\376\377\000R\000e\000l\000a\000t\000i\000o\000n\000\040\000t\000o\000\040\000t\000h\000e\000\040\000T\000h\000e\000s\000i\000s\000\040\000F\000r\000a\000m\000e\000w\000o\000r\000k}{section.A.1}% 162
\BOOKMARK [1][-]{section.A.2}{\376\377\000S\000e\000t\000u\000p}{appendix.A}% 163
\BOOKMARK [2][-]{subsection.A.2.1}{\376\377\000T\000h\000e\000\040\000C\000E\000S\000\040\000A\000g\000g\000r\000e\000g\000a\000t\000e}{section.A.2}% 164
\BOOKMARK [2][-]{subsection.A.2.2}{\376\377\000N\000o\000t\000a\000t\000i\000o\000n}{section.A.2}% 165
\BOOKMARK [1][-]{section.A.3}{\376\377\000T\000h\000e\000\040\000R\0000\000m\000e\000s\000h\000\040\000F\000r\000a\000m\000e\000w\000o\000r\000k}{appendix.A}% 166
\BOOKMARK [2][-]{subsection.A.3.1}{\376\377\000G\000i\000a\000n\000t\000\040\000C\000o\000m\000p\000o\000n\000e\000n\000t\000\040\000E\000x\000i\000s\000t\000e\000n\000c\000e}{section.A.3}% 167
\BOOKMARK [2][-]{subsection.A.3.2}{\376\377\000T\000h\000e\000\040\000F\000o\000r\000t\000u\000i\000n\000-\000K\000a\000s\000t\000e\000l\000e\000y\000n\000\040\000U\000n\000i\000f\000i\000c\000a\000t\000i\000o\000n}{section.A.3}% 168
\BOOKMARK [2][-]{subsection.A.3.3}{\376\377\000I\000n\000v\000e\000r\000s\000e\000\040\000B\000o\000s\000e\000-\000E\000i\000n\000s\000t\000e\000i\000n\000\040\000C\000o\000n\000d\000e\000n\000s\000a\000t\000i\000o\000n}{section.A.3}% 169
\BOOKMARK [1][-]{section.A.4}{\376\377\000H\000e\000t\000e\000r\000o\000g\000e\000n\000e\000o\000u\000s\000\040\000S\000p\000e\000c\000i\000a\000l\000i\000z\000a\000t\000i\000o\000n}{appendix.A}% 170
\BOOKMARK [2][-]{subsection.A.4.1}{\376\377\000A\000g\000e\000n\000t\000\040\000C\000a\000p\000a\000b\000i\000l\000i\000t\000i\000e\000s\000\040\000a\000n\000d\000\040\000C\000E\000S\000\040\000A\000g\000g\000r\000e\000g\000a\000t\000i\000o\000n}{section.A.4}% 171
\BOOKMARK [2][-]{subsection.A.4.2}{\376\377\000C\000e\000n\000t\000r\000a\000l\000i\000z\000e\000d\000\040\000C\000a\000p\000a\000b\000i\000l\000i\000t\000y\000\040\000B\000e\000n\000c\000h\000m\000a\000r\000k}{section.A.4}% 172
\BOOKMARK [2][-]{subsection.A.4.3}{\376\377\000S\000p\000e\000c\000i\000a\000l\000i\000z\000a\000t\000i\000o\000n\000\040\000D\000y\000n\000a\000m\000i\000c\000s\000:\000\040\000T\000h\000e\000\040\000F\000i\000x\000e\000d\000\040\000R\000e\000s\000p\000o\000n\000s\000e\000\040\000T\000h\000r\000e\000s\000h\000o\000l\000d\000\040\000M\000o\000d\000e\000l}{section.A.4}% 173
\BOOKMARK [1][-]{section.A.5}{\376\377\000K\000n\000o\000w\000l\000e\000d\000g\000e\000\040\000D\000i\000f\000f\000u\000s\000i\000o\000n}{appendix.A}% 174
\BOOKMARK [2][-]{subsection.A.5.1}{\376\377\000L\000a\000p\000l\000a\000c\000i\000a\000n\000\040\000D\000y\000n\000a\000m\000i\000c\000s}{section.A.5}% 175
\BOOKMARK [2][-]{subsection.A.5.2}{\376\377\000B\000a\000n\000d\000w\000i\000d\000t\000h\000\040\000S\000c\000a\000l\000i\000n\000g}{section.A.5}% 176
\BOOKMARK [2][-]{subsection.A.5.3}{\376\377\000V\000a\000n\000i\000s\000h\000i\000n\000g\000\040\000E\000p\000i\000d\000e\000m\000i\000c\000\040\000T\000h\000r\000e\000s\000h\000o\000l\000d\000\040\000o\000n\000\040\000S\000c\000a\000l\000e\000-\000F\000r\000e\000e\000\040\000N\000e\000t\000w\000o\000r\000k\000s}{section.A.5}% 177
\BOOKMARK [2][-]{subsection.A.5.4}{\376\377\000C\000o\000m\000b\000i\000n\000e\000d\000\040\000D\000y\000n\000a\000m\000i\000c\000s}{section.A.5}% 178
\BOOKMARK [1][-]{section.A.6}{\376\377\000T\000h\000e\000\040\000C\000e\000n\000t\000r\000a\000l\000\040\000T\000h\000e\000o\000r\000e\000m\000:\000\040\000M\000e\000s\000h\000\040\000E\000q\000u\000i\000l\000i\000b\000r\000i\000u\000m}{appendix.A}% 179
\BOOKMARK [1][-]{section.A.7}{\376\377\000P\000o\000s\000t\000-\000C\000r\000o\000s\000s\000i\000n\000g\000\040\000D\000y\000n\000a\000m\000i\000c\000s}{appendix.A}% 180
\BOOKMARK [2][-]{subsection.A.7.1}{\376\377\000P\000h\000a\000s\000e\000\040\0001\000:\000\040\000N\000u\000c\000l\000e\000a\000t\000i\000o\000n\000\040\000\050\000R\0000\000m\000e\000s\000h\000\040\000a\000p\000p\000r\000o\000x\000\040\0001\000\051}{section.A.7}% 181
\BOOKMARK [2][-]{subsection.A.7.2}{\376\377\000P\000h\000a\000s\000e\000\040\0002\000:\000\040\000R\000a\000p\000i\000d\000\040\000G\000r\000o\000w\000t\000h\000\040\000\050\000R\0000\000m\000e\000s\000h\000\040\000>\000>\000\040\0001\000\051}{section.A.7}% 182
\BOOKMARK [2][-]{subsection.A.7.3}{\376\377\000P\000h\000a\000s\000e\000\040\0003\000:\000\040\000M\000a\000t\000u\000r\000i\000t\000y}{section.A.7}% 183
\BOOKMARK [1][-]{section.A.8}{\376\377\000T\000h\000e\000\040\000F\000i\000x\000e\000d\000-\000C\000a\000p\000a\000b\000i\000l\000i\000t\000y\000\040\000A\000s\000s\000u\000m\000p\000t\000i\000o\000n\000\040\000R\000e\000l\000a\000x\000e\000d}{appendix.A}% 184
\BOOKMARK [1][-]{section.A.9}{\376\377\000T\000h\000e\000\040\000A\000u\000t\000o\000c\000a\000t\000a\000l\000y\000t\000i\000c\000\040\000E\000x\000i\000s\000t\000e\000n\000c\000e\000\040\000T\000h\000r\000e\000s\000h\000o\000l\000d}{appendix.A}% 185
\BOOKMARK [2][-]{subsection.A.9.1}{\376\377\000T\000r\000a\000i\000n\000i\000n\000g\000\040\000O\000p\000e\000r\000a\000t\000i\000o\000n\000s\000\040\000a\000s\000\040\000a\000\040\000R\000e\000a\000c\000t\000i\000o\000n\000\040\000S\000y\000s\000t\000e\000m}{section.A.9}% 186
\BOOKMARK [2][-]{subsection.A.9.2}{\376\377\000T\000h\000e\000\040\000F\000o\000o\000d\000\040\000S\000e\000t}{section.A.9}% 187
\BOOKMARK [2][-]{subsection.A.9.3}{\376\377\000R\000A\000F\000\040\000S\000e\000t\000s\000\040\000i\000n\000\040\000t\000h\000e\000\040\000M\000e\000s\000h}{section.A.9}% 188
\BOOKMARK [2][-]{subsection.A.9.4}{\376\377\000E\000x\000i\000s\000t\000e\000n\000c\000e\000\040\000T\000h\000r\000e\000s\000h\000o\000l\000d}{section.A.9}% 189
\BOOKMARK [2][-]{subsection.A.9.5}{\376\377\000A\000u\000t\000o\000c\000a\000t\000a\000l\000y\000t\000i\000c\000\040\000C\000o\000r\000e\000\040\000D\000y\000n\000a\000m\000i\000c\000s\000:\000\040\000T\000h\000e\000\040\000J\000a\000i\000n\000-\000K\000r\000i\000s\000h\000n\000a\000\040\000P\000r\000o\000c\000e\000s\000s}{section.A.9}% 190
\BOOKMARK [1][-]{section.A.10}{\376\377\000G\000r\000o\000w\000t\000h\000\040\000D\000y\000n\000a\000m\000i\000c\000s\000:\000\040\000T\000h\000e\000\040\000C\000e\000n\000t\000r\000a\000l\000\040\000M\000o\000d\000e\000l}{appendix.A}% 191
\BOOKMARK [2][-]{subsection.A.10.1}{\376\377\000T\000h\000e\000\040\000I\000m\000p\000r\000o\000v\000e\000m\000e\000n\000t\000\040\000F\000u\000n\000c\000t\000i\000o\000n}{section.A.10}% 192
\BOOKMARK [2][-]{subsection.A.10.2}{\376\377\000T\000h\000e\000\040\000S\000e\000m\000i\000-\000E\000n\000d\000o\000g\000e\000n\000o\000u\000s\000\040\000G\000r\000o\000w\000t\000h\000\040\000F\000o\000r\000m\000u\000l\000a\000t\000i\000o\000n}{section.A.10}% 193
\BOOKMARK [2][-]{subsection.A.10.3}{\376\377\000D\000e\000r\000i\000v\000i\000n\000g\000\040\000t\000h\000e\000\040\000M\000e\000s\000h\000'\000s\000\040\000E\000f\000f\000e\000c\000t\000i\000v\000e\000\040}{section.A.10}% 194
\BOOKMARK [2][-]{subsection.A.10.4}{\376\377\000T\000r\000a\000i\000n\000i\000n\000g\000\040\000S\000a\000t\000u\000r\000a\000t\000i\000o\000n}{section.A.10}% 195
\BOOKMARK [2][-]{subsection.A.10.5}{\376\377\000V\000a\000r\000i\000e\000t\000y\000\040\000E\000x\000p\000a\000n\000s\000i\000o\000n\000\040\000a\000s\000\040\000S\000a\000t\000u\000r\000a\000t\000i\000o\000n\000\040\000E\000s\000c\000a\000p\000e}{section.A.10}% 196
\BOOKMARK [1][-]{section.A.11}{\376\377\000T\000h\000e\000\040\000C\000e\000n\000t\000r\000a\000l\000\040\000T\000h\000e\000o\000r\000e\000m\000:\000\040\000G\000r\000o\000w\000t\000h\000\040\000R\000e\000g\000i\000m\000e\000s}{appendix.A}% 197
\BOOKMARK [1][-]{section.A.12}{\376\377\000D\000i\000v\000e\000r\000s\000i\000t\000y\000\040\000a\000s\000\040\000C\000o\000l\000l\000a\000p\000s\000e\000\040\000P\000r\000o\000t\000e\000c\000t\000i\000o\000n}{appendix.A}% 198
\BOOKMARK [2][-]{subsection.A.12.1}{\376\377\000T\000h\000e\000\040\000M\000o\000d\000e\000l\000\040\000C\000o\000l\000l\000a\000p\000s\000e\000\040\000F\000r\000a\000m\000e\000w\000o\000r\000k}{section.A.12}% 199
\BOOKMARK [2][-]{subsection.A.12.2}{\376\377\000E\000f\000f\000e\000c\000t\000i\000v\000e\000\040\000D\000a\000t\000a\000\040\000D\000i\000v\000e\000r\000s\000i\000t\000y\000\040\000i\000n\000\040\000t\000h\000e\000\040\000M\000e\000s\000h}{section.A.12}% 200
\BOOKMARK [2][-]{subsection.A.12.3}{\376\377\000T\000h\000e\000\040\000D\000i\000v\000e\000r\000s\000i\000t\000y\000\040\000C\000o\000r\000r\000e\000c\000t\000i\000o\000n}{section.A.12}% 201
\BOOKMARK [2][-]{subsection.A.12.4}{\376\377\000C\000E\000S\000\040\000H\000e\000t\000e\000r\000o\000g\000e\000n\000e\000i\000t\000y\000\040\000a\000s\000\040\000C\000o\000l\000l\000a\000p\000s\000e\000\040\000P\000r\000o\000t\000e\000c\000t\000i\000o\000n}{section.A.12}% 202
\BOOKMARK [1][-]{section.A.13}{\376\377\000T\000h\000e\000\040\000B\000a\000u\000m\000o\000l\000\040\000B\000o\000t\000t\000l\000e\000n\000e\000c\000k}{appendix.A}% 203
\BOOKMARK [2][-]{subsection.A.13.1}{\376\377\000T\000h\000e\000\040\000T\000w\000o\000-\000S\000e\000c\000t\000o\000r\000\040\000S\000t\000r\000u\000c\000t\000u\000r\000e}{section.A.13}% 204
\BOOKMARK [2][-]{subsection.A.13.2}{\376\377\000D\000e\000r\000i\000v\000a\000t\000i\000o\000n}{section.A.13}% 205
\BOOKMARK [2][-]{subsection.A.13.3}{\376\377\000C\000l\000o\000s\000i\000n\000g\000\040\000t\000h\000e\000\040\000C\000i\000r\000c\000l\000e}{section.A.13}% 206
\BOOKMARK [1][-]{section.A.14}{\376\377\000T\000r\000a\000n\000s\000i\000t\000i\000o\000n\000\040\000t\000o\000\040\000S\000e\000t\000t\000l\000e\000m\000e\000n\000t}{appendix.A}% 207
\BOOKMARK [1][-]{section.A.15}{\376\377\000F\000r\000a\000m\000e\000w\000o\000r\000k\000s\000\040\000C\000o\000n\000s\000i\000d\000e\000r\000e\000d\000\040\000a\000n\000d\000\040\000R\000e\000j\000e\000c\000t\000e\000d}{appendix.A}% 208
\BOOKMARK [1][-]{section.A.16}{\376\377\000F\000a\000l\000s\000i\000f\000i\000a\000b\000l\000e\000\040\000P\000r\000e\000d\000i\000c\000t\000i\000o\000n\000s}{appendix.A}% 209
\BOOKMARK [1][-]{section.A.17}{\376\377\000C\000o\000n\000c\000l\000u\000s\000i\000o\000n}{appendix.A}% 210
\BOOKMARK [1][-]{section.Alph0.1}{\376\377\000R\000e\000n\000o\000r\000m\000a\000l\000i\000z\000a\000t\000i\000o\000n\000\040\000G\000r\000o\000u\000p\000\040\000U\000n\000i\000v\000e\000r\000s\000a\000l\000i\000t\000y}{appendix.A}% 211
\BOOKMARK [1][-]{section.Alph0.2}{\376\377\000R\000A\000F\000\040\000T\000h\000e\000o\000r\000y\000\040\000B\000a\000c\000k\000g\000r\000o\000u\000n\000d}{appendix.A}% 212
\BOOKMARK [1][-]{section.Alph0.3}{\376\377\000P\000r\000o\000o\000f\000\040\000D\000e\000t\000a\000i\000l\000s\000\040\000f\000o\000r\000\040\000E\000f\000f\000e\000c\000t\000i\000v\000e\000\040\000T\000r\000a\000i\000n\000i\000n\000g\000\040\000P\000r\000o\000d\000u\000c\000t\000i\000v\000i\000t\000y}{appendix.A}% 213
\BOOKMARK [1][-]{section.Alph0.4}{\376\377\000W\000e\000i\000t\000z\000m\000a\000n\000\040\000R\000e\000c\000o\000m\000b\000i\000n\000a\000n\000t\000\040\000G\000r\000o\000w\000t\000h\000\040\000C\000o\000n\000n\000e\000c\000t\000i\000o\000n}{appendix.A}% 214
\BOOKMARK [1][-]{section.Alph0.5}{\376\377\000N\000o\000r\000d\000h\000a\000u\000s\000\040\000S\000i\000n\000g\000u\000l\000a\000r\000i\000t\000y\000\040\000A\000n\000a\000l\000y\000s\000i\000s}{appendix.A}% 215
\BOOKMARK [0][-]{appendix.A}{\376\377\000T\000h\000e\000\040\000S\000e\000t\000t\000l\000e\000m\000e\000n\000t\000\040\000F\000e\000e\000d\000b\000a\000c\000k}{}% 216
\BOOKMARK [1][-]{section.A.1}{\376\377\000I\000n\000t\000r\000o\000d\000u\000c\000t\000i\000o\000n}{appendix.A}% 217
\BOOKMARK [2][-]{subsection.A.1.1}{\376\377\000R\000e\000l\000a\000t\000i\000o\000n\000\040\000t\000o\000\040\000t\000h\000e\000\040\000T\000h\000e\000s\000i\000s\000\040\000F\000r\000a\000m\000e\000w\000o\000r\000k}{section.A.1}% 218
\BOOKMARK [1][-]{section.A.2}{\376\377\000T\000e\000r\000m\000i\000n\000a\000l\000\040\000C\000o\000n\000d\000i\000t\000i\000o\000n\000s\000\040\000f\000r\000o\000m\000\040\000t\000h\000e\000\040\000P\000r\000i\000o\000r\000\040\000C\000h\000a\000p\000t\000e\000r\000s}{appendix.A}% 219
\BOOKMARK [2][-]{subsection.A.2.1}{\376\377\000F\000r\000o\000m\000\040\000C\000h\000a\000p\000t\000e\000r\000\040\0005\000\040\000\050\000T\000h\000e\000\040\000M\000e\000s\000h\000\040\000E\000c\000o\000n\000o\000m\000y\000\051}{section.A.2}% 220
\BOOKMARK [2][-]{subsection.A.2.2}{\376\377\000F\000r\000o\000m\000\040\000C\000h\000a\000p\000t\000e\000r\000\040\0007\000\040\000\050\000T\000h\000e\000\040\000M\000o\000n\000e\000t\000a\000r\000y\000\040\000P\000r\000o\000d\000u\000c\000t\000i\000v\000i\000t\000y\000\040\000G\000a\000p\000\051}{section.A.2}% 221
\BOOKMARK [2][-]{subsection.A.2.3}{\376\377\000F\000r\000o\000m\000\040\000C\000h\000a\000p\000t\000e\000r\000\040\0005\000,\000\040\000P\000a\000r\000t\000\040\000I\000I\000\040\000\050\000C\000a\000p\000a\000b\000i\000l\000i\000t\000y\000\040\000G\000r\000o\000w\000t\000h\000\051}{section.A.2}% 222
\BOOKMARK [2][-]{subsection.A.2.4}{\376\377\000F\000r\000o\000m\000\040\000C\000h\000a\000p\000t\000e\000r\000\040\0004\000\040\000\050\000E\000n\000d\000o\000g\000e\000n\000o\000u\000s\000\040\000D\000e\000c\000e\000n\000t\000r\000a\000l\000i\000z\000a\000t\000i\000o\000n\000\051}{section.A.2}% 223
\BOOKMARK [2][-]{subsection.A.2.5}{\376\377\000K\000e\000y\000\040\000R\000e\000t\000a\000i\000n\000e\000d\000\040\000A\000s\000s\000u\000m\000p\000t\000i\000o\000n\000s}{section.A.2}% 224
\BOOKMARK [1][-]{section.A.3}{\376\377\000M\000a\000r\000k\000e\000t\000\040\000M\000i\000c\000r\000o\000s\000t\000r\000u\000c\000t\000u\000r\000e\000\040\000T\000r\000a\000n\000s\000i\000t\000i\000o\000n}{appendix.A}% 225
\BOOKMARK [2][-]{subsection.A.3.1}{\376\377\000T\000h\000e\000\040\000G\000r\000o\000s\000s\000m\000a\000n\000-\000S\000t\000i\000g\000l\000i\000t\000z\000\040\000F\000r\000a\000m\000e\000w\000o\000r\000k\000\040\000w\000i\000t\000h\000\040\000M\000e\000s\000h\000\040\000A\000g\000e\000n\000t\000s}{section.A.3}% 226
\BOOKMARK [2][-]{subsection.A.3.2}{\376\377\000M\000a\000r\000k\000e\000t\000\040\000E\000f\000f\000i\000c\000i\000e\000n\000c\000y\000\040\000a\000s\000\040\000a\000\040\000F\000u\000n\000c\000t\000i\000o\000n\000\040\000o\000f\000\040}{section.A.3}% 227
\BOOKMARK [2][-]{subsection.A.3.3}{\376\377\000K\000y\000l\000e\000'\000s\000\040\000L\000a\000m\000b\000d\000a\000:\000\040\000N\000o\000n\000-\000M\000o\000n\000o\000t\000o\000n\000i\000c\000i\000t\000y\000\040\000i\000n\000\040}{section.A.3}% 228
\BOOKMARK [2][-]{subsection.A.3.4}{\376\377\000A\000l\000g\000o\000r\000i\000t\000h\000m\000i\000c\000\040\000C\000o\000l\000l\000u\000s\000i\000o\000n\000\040\000R\000i\000s\000k}{section.A.3}% 229
\BOOKMARK [1][-]{section.A.4}{\376\377\000M\000o\000n\000e\000t\000a\000r\000y\000\040\000P\000o\000l\000i\000c\000y\000\040\000E\000f\000f\000e\000c\000t\000i\000v\000e\000n\000e\000s\000s\000\040\000a\000s\000\040\000a\000\040\000F\000u\000n\000c\000t\000i\000o\000n\000\040\000o\000f\000\040}{appendix.A}% 230
\BOOKMARK [2][-]{subsection.A.4.1}{\376\377\000F\000o\000r\000w\000a\000r\000d\000\040\000G\000u\000i\000d\000a\000n\000c\000e}{section.A.4}% 231
\BOOKMARK [2][-]{subsection.A.4.2}{\376\377\000Q\000u\000a\000n\000t\000i\000t\000a\000t\000i\000v\000e\000\040\000E\000a\000s\000i\000n\000g}{section.A.4}% 232
\BOOKMARK [2][-]{subsection.A.4.3}{\376\377\000F\000i\000n\000a\000n\000c\000i\000a\000l\000\040\000R\000e\000p\000r\000e\000s\000s\000i\000o\000n}{section.A.4}% 233
\BOOKMARK [2][-]{subsection.A.4.4}{\376\377\000C\000o\000m\000p\000o\000s\000i\000t\000e\000\040\000M\000o\000n\000e\000t\000a\000r\000y\000\040\000P\000o\000l\000i\000c\000y\000\040\000E\000f\000f\000e\000c\000t\000i\000v\000e\000n\000e\000s\000s}{section.A.4}% 234
\BOOKMARK [2][-]{subsection.A.4.5}{\376\377\000T\000h\000e\000\040\000B\000r\000u\000n\000n\000e\000r\000m\000e\000i\000e\000r\000-\000S\000a\000n\000n\000i\000k\000o\000v\000\040\000V\000o\000l\000a\000t\000i\000l\000i\000t\000y\000\040\000P\000a\000r\000a\000d\000o\000x}{section.A.4}% 235
\BOOKMARK [2][-]{subsection.A.4.6}{\376\377\000S\000u\000r\000v\000i\000v\000i\000n\000g\000\040\000M\000o\000n\000e\000t\000a\000r\000y\000\040\000P\000o\000l\000i\000c\000y\000\040\000T\000o\000o\000l\000s}{section.A.4}% 236
\BOOKMARK [1][-]{section.A.5}{\376\377\000T\000h\000e\000\040\000D\000o\000l\000l\000a\000r\000i\000z\000a\000t\000i\000o\000n\000\040\000S\000p\000i\000r\000a\000l}{appendix.A}% 237
\BOOKMARK [2][-]{subsection.A.5.1}{\376\377\000D\000o\000l\000l\000a\000r\000i\000z\000a\000t\000i\000o\000n\000\040\000C\000a\000p\000i\000t\000a\000l\000\040\000i\000n\000\040\000t\000h\000e\000\040\000S\000t\000a\000b\000l\000e\000c\000o\000i\000n\000\040\000E\000r\000a}{section.A.5}% 238
\BOOKMARK [2][-]{subsection.A.5.2}{\376\377\000M\000o\000d\000i\000f\000i\000e\000d\000\040\000B\000i\000f\000u\000r\000c\000a\000t\000i\000o\000n\000\040\000T\000h\000r\000e\000s\000h\000o\000l\000d\000s}{section.A.5}% 239
\BOOKMARK [2][-]{subsection.A.5.3}{\376\377\000T\000h\000e\000\040\000S\000e\000l\000f\000-\000R\000e\000i\000n\000f\000o\000r\000c\000i\000n\000g\000\040\000C\000h\000a\000n\000n\000e\000l}{section.A.5}% 240
\BOOKMARK [2][-]{subsection.A.5.4}{\376\377\000M\000a\000p\000p\000i\000n\000g\000\040\000t\000o\000\040\000t\000h\000e\000\040\000S\000i\000x\000-\000S\000t\000a\000g\000e\000\040\000C\000l\000a\000s\000s\000i\000f\000i\000c\000a\000t\000i\000o\000n}{section.A.5}% 241
\BOOKMARK [1][-]{section.A.6}{\376\377\000T\000h\000e\000\040\000T\000r\000i\000f\000f\000i\000n\000\040\000C\000o\000n\000t\000r\000a\000d\000i\000c\000t\000i\000o\000n}{appendix.A}% 242
\BOOKMARK [2][-]{subsection.A.6.1}{\376\377\000T\000h\000e\000\040\000F\000a\000r\000h\000i\000-\000M\000a\000g\000g\000i\000o\000r\000i\000\040\000F\000r\000a\000m\000e\000w\000o\000r\000k}{section.A.6}% 243
\BOOKMARK [2][-]{subsection.A.6.2}{\376\377\000E\000n\000d\000o\000g\000e\000n\000o\000u\000s\000\040\000I\000n\000s\000t\000a\000b\000i\000l\000i\000t\000y\000\040\000B\000o\000u\000n\000d\000a\000r\000i\000e\000s}{section.A.6}% 244
\BOOKMARK [2][-]{subsection.A.6.3}{\376\377\000T\000r\000a\000n\000s\000f\000o\000r\000m\000a\000t\000i\000o\000n\000\040\000o\000f\000\040\000C\000r\000i\000s\000i\000s\000\040\000D\000y\000n\000a\000m\000i\000c\000s}{section.A.6}% 245
\BOOKMARK [2][-]{subsection.A.6.4}{\376\377\000T\000h\000e\000\040\000C\000o\000n\000t\000r\000a\000d\000i\000c\000t\000i\000o\000n\000\040\000F\000o\000r\000m\000a\000l\000i\000z\000e\000d}{section.A.6}% 246
\BOOKMARK [2][-]{subsection.A.6.5}{\376\377\000T\000h\000e\000\040\000B\000a\000u\000m\000o\000l\000-\000T\000r\000i\000f\000f\000i\000n\000\040\000E\000q\000u\000i\000v\000a\000l\000e\000n\000c\000e}{section.A.6}% 247
\BOOKMARK [1][-]{section.A.7}{\376\377\000T\000h\000e\000\040\000C\000o\000u\000p\000l\000e\000d\000\040\000S\000y\000s\000t\000e\000m\040\024\000E\000q\000u\000i\000l\000i\000b\000r\000i\000u\000m\000\040\000C\000h\000a\000r\000a\000c\000t\000e\000r\000i\000z\000a\000t\000i\000o\000n}{appendix.A}% 248
\BOOKMARK [2][-]{subsection.A.7.1}{\376\377\000S\000t\000a\000t\000e\000\040\000V\000a\000r\000i\000a\000b\000l\000e\000s}{section.A.7}% 249
\BOOKMARK [2][-]{subsection.A.7.2}{\376\377\000T\000h\000e\000\040\000C\000o\000u\000p\000l\000e\000d\000\040\000O\000D\000E\000\040\000S\000y\000s\000t\000e\000m}{section.A.7}% 250
\BOOKMARK [2][-]{subsection.A.7.3}{\376\377\000S\000t\000e\000a\000d\000y\000-\000S\000t\000a\000t\000e\000\040\000A\000n\000a\000l\000y\000s\000i\000s}{section.A.7}% 251
\BOOKMARK [2][-]{subsection.A.7.4}{\376\377\000T\000h\000e\000\040\000S\000e\000t\000t\000l\000e\000m\000e\000n\000t\000\040\000R\000e\000p\000r\000o\000d\000u\000c\000t\000i\000o\000n\000\040\000N\000u\000m\000b\000e\000r}{section.A.7}% 252
\BOOKMARK [2][-]{subsection.A.7.5}{\376\377\000T\000r\000a\000n\000s\000i\000t\000i\000o\000n\000\040\000D\000y\000n\000a\000m\000i\000c\000s}{section.A.7}% 253
\BOOKMARK [1][-]{section.A.8}{\376\377\000I\000m\000p\000l\000i\000c\000a\000t\000i\000o\000n\000s\000\040\000f\000o\000r\000\040\000S\000o\000v\000e\000r\000e\000i\000g\000n\000\040\000F\000i\000s\000c\000a\000l\000\040\000P\000o\000l\000i\000c\000y}{appendix.A}% 254
\BOOKMARK [2][-]{subsection.A.8.1}{\376\377\000T\000h\000e\000\040\000S\000y\000n\000t\000h\000e\000t\000i\000c\000\040\000G\000o\000l\000d\000\040\000S\000t\000a\000n\000d\000a\000r\000d}{section.A.8}% 255
\BOOKMARK [2][-]{subsection.A.8.2}{\376\377\000H\000i\000s\000t\000o\000r\000i\000c\000a\000l\000\040\000A\000n\000a\000l\000o\000g\000y\000\040\000a\000n\000d\000\040\000D\000i\000s\000a\000n\000a\000l\000o\000g\000y}{section.A.8}% 256
\BOOKMARK [1][-]{section.A.9}{\376\377\000F\000r\000a\000m\000e\000w\000o\000r\000k\000s\000\040\000C\000o\000n\000s\000i\000d\000e\000r\000e\000d\000\040\000a\000n\000d\000\040\000R\000e\000j\000e\000c\000t\000e\000d}{appendix.A}% 257
\BOOKMARK [1][-]{section.A.10}{\376\377\000F\000a\000l\000s\000i\000f\000i\000a\000b\000l\000e\000\040\000P\000r\000e\000d\000i\000c\000t\000i\000o\000n\000s}{appendix.A}% 258
\BOOKMARK [1][-]{section.A.11}{\376\377\000P\000r\000e\000l\000i\000m\000i\000n\000a\000r\000y\000\040\000E\000m\000p\000i\000r\000i\000c\000a\000l\000\040\000E\000v\000i\000d\000e\000n\000c\000e}{appendix.A}% 259
\BOOKMARK [2][-]{subsection.A.11.1}{\376\377\000P\000r\000e\000d\000i\000c\000t\000i\000o\000n\000\040\0004\000:\000\040\000S\000t\000a\000b\000l\000e\000c\000o\000i\000n\040\023\000T\000r\000e\000a\000s\000u\000r\000y\000\040\000Y\000i\000e\000l\000d\000\040\000L\000i\000n\000k}{section.A.11}% 260
\BOOKMARK [2][-]{subsection.A.11.2}{\376\377\000P\000r\000e\000d\000i\000c\000t\000i\000o\000n\000\040\0002\000:\000\040\000F\000o\000r\000w\000a\000r\000d\000\040\000G\000u\000i\000d\000a\000n\000c\000e\000\040\000A\000b\000s\000o\000r\000p\000t\000i\000o\000n\000\040\000S\000p\000e\000e\000d}{section.A.11}% 261
\BOOKMARK [2][-]{subsection.A.11.3}{\376\377\000P\000r\000e\000d\000i\000c\000t\000i\000o\000n\000\040\0003\000:\000\040\000D\000o\000l\000l\000a\000r\000i\000z\000a\000t\000i\000o\000n\000\040\000T\000h\000r\000e\000s\000h\000o\000l\000d\000\040\000D\000e\000c\000l\000i\000n\000e}{section.A.11}% 262
\BOOKMARK [1][-]{section.A.12}{\376\377\000C\000o\000n\000c\000l\000u\000s\000i\000o\000n}{appendix.A}% 263
\BOOKMARK [0][-]{appendix.B}{\376\377\000T\000h\000e\000\040\000M\000o\000n\000e\000t\000a\000r\000y\000\040\000P\000r\000o\000d\000u\000c\000t\000i\000v\000i\000t\000y\000\040\000G\000a\000p}{}% 264
\BOOKMARK [0][-]{appendix.C}{\376\377\000T\000a\000x\000i\000n\000g\000\040\000C\000o\000n\000c\000e\000n\000t\000r\000a\000t\000i\000o\000n\000,\000\040\000N\000o\000t\000\040\000T\000r\000a\000n\000s\000f\000e\000r\000:\000\040\000A\000\040\000F\000r\000a\000m\000e\000w\000o\000r\000k\000\040\000f\000o\000r\000\040\000R\000e\000c\000i\000p\000i\000e\000n\000t\000-\000B\000a\000s\000e\000d\000\040\000I\000n\000h\000e\000r\000i\000t\000a\000n\000c\000e\000\040\000T\000a\000x\000a\000t\000i\000o\000n}{}% 265
