This is XeTeX, Version 3.141592653-2.6-0.999995 (TeX Live 2023/Debian) (preloaded format=xelatex 2026.2.17)  17 FEB 2026 18:00
entering extended mode
 restricted \write18 enabled.
 %&-line parsing enabled.
**Thesis_Main.tex
(./Thesis_Main.tex
LaTeX2e <2023-11-01> patch level 1
L3 programming layer <2024-01-22>
(/usr/share/texlive/texmf-dist/tex/latex/base/book.cls
Document Class: book 2023/05/17 v1.4n Standard LaTeX document class
(/usr/share/texlive/texmf-dist/tex/latex/base/bk12.clo
File: bk12.clo 2023/05/17 v1.4n Standard LaTeX file (size option)
)
\c@part=\count183
\c@chapter=\count184
\c@section=\count185
\c@subsection=\count186
\c@subsubsection=\count187
\c@paragraph=\count188
\c@subparagraph=\count189
\c@figure=\count190
\c@table=\count191
\abovecaptionskip=\skip48
\belowcaptionskip=\skip49
\bibindent=\dimen140
)
(/usr/share/texlive/texmf-dist/tex/latex/geometry/geometry.sty
Package: geometry 2020/01/02 v5.9 Page Geometry

(/usr/share/texlive/texmf-dist/tex/latex/graphics/keyval.sty
Package: keyval 2022/05/29 v1.15 key=value parser (DPC)
\KV@toks@=\toks17
)
(/usr/share/texlive/texmf-dist/tex/generic/iftex/ifvtex.sty
Package: ifvtex 2019/10/25 v1.7 ifvtex legacy package. Use iftex instead.

(/usr/share/texlive/texmf-dist/tex/generic/iftex/iftex.sty
Package: iftex 2022/02/03 v1.0f TeX engine tests
))
\Gm@cnth=\count192
\Gm@cntv=\count193
\c@Gm@tempcnt=\count194
\Gm@bindingoffset=\dimen141
\Gm@wd@mp=\dimen142
\Gm@odd@mp=\dimen143
\Gm@even@mp=\dimen144
\Gm@layoutwidth=\dimen145
\Gm@layoutheight=\dimen146
\Gm@layouthoffset=\dimen147
\Gm@layoutvoffset=\dimen148
\Gm@dimlist=\toks18
)
(/usr/share/texlive/texmf-dist/tex/latex/setspace/setspace.sty
Package: setspace 2022/12/04 v6.7b set line spacing
)
(/usr/share/texlive/texmf-dist/tex/latex/amsmath/amsmath.sty
Package: amsmath 2023/05/13 v2.17o AMS math features
\@mathmargin=\skip50

For additional information on amsmath, use the `?' option.
(/usr/share/texlive/texmf-dist/tex/latex/amsmath/amstext.sty
Package: amstext 2021/08/26 v2.01 AMS text

(/usr/share/texlive/texmf-dist/tex/latex/amsmath/amsgen.sty
File: amsgen.sty 1999/11/30 v2.0 generic functions
\@emptytoks=\toks19
\ex@=\dimen149
))
(/usr/share/texlive/texmf-dist/tex/latex/amsmath/amsbsy.sty
Package: amsbsy 1999/11/29 v1.2d Bold Symbols
\pmbraise@=\dimen150
)
(/usr/share/texlive/texmf-dist/tex/latex/amsmath/amsopn.sty
Package: amsopn 2022/04/08 v2.04 operator names
)
\inf@bad=\count195
LaTeX Info: Redefining \frac on input line 234.
\uproot@=\count196
\leftroot@=\count197
LaTeX Info: Redefining \overline on input line 399.
LaTeX Info: Redefining \colon on input line 410.
\classnum@=\count198
\DOTSCASE@=\count199
LaTeX Info: Redefining \ldots on input line 496.
LaTeX Info: Redefining \dots on input line 499.
LaTeX Info: Redefining \cdots on input line 620.
\Mathstrutbox@=\box51
\strutbox@=\box52
LaTeX Info: Redefining \big on input line 722.
LaTeX Info: Redefining \Big on input line 723.
LaTeX Info: Redefining \bigg on input line 724.
LaTeX Info: Redefining \Bigg on input line 725.
\big@size=\dimen151
LaTeX Font Info:    Redeclaring font encoding OML on input line 743.
LaTeX Font Info:    Redeclaring font encoding OMS on input line 744.
\macc@depth=\count266
LaTeX Info: Redefining \bmod on input line 905.
LaTeX Info: Redefining \pmod on input line 910.
LaTeX Info: Redefining \smash on input line 940.
LaTeX Info: Redefining \relbar on input line 970.
LaTeX Info: Redefining \Relbar on input line 971.
\c@MaxMatrixCols=\count267
\dotsspace@=\muskip16
\c@parentequation=\count268
\dspbrk@lvl=\count269
\tag@help=\toks20
\row@=\count270
\column@=\count271
\maxfields@=\count272
\andhelp@=\toks21
\eqnshift@=\dimen152
\alignsep@=\dimen153
\tagshift@=\dimen154
\tagwidth@=\dimen155
\totwidth@=\dimen156
\lineht@=\dimen157
\@envbody=\toks22
\multlinegap=\skip51
\multlinetaggap=\skip52
\mathdisplay@stack=\toks23
LaTeX Info: Redefining \[ on input line 2953.
LaTeX Info: Redefining \] on input line 2954.
)
(/usr/share/texlive/texmf-dist/tex/latex/amsfonts/amssymb.sty
Package: amssymb 2013/01/14 v3.01 AMS font symbols

(/usr/share/texlive/texmf-dist/tex/latex/amsfonts/amsfonts.sty
Package: amsfonts 2013/01/14 v3.01 Basic AMSFonts support
\symAMSa=\mathgroup4
\symAMSb=\mathgroup5
LaTeX Font Info:    Redeclaring math symbol \hbar on input line 98.
LaTeX Font Info:    Overwriting math alphabet `\mathfrak' in version `bold'
(Font)                  U/euf/m/n --> U/euf/b/n on input line 106.
))
(/usr/share/texlive/texmf-dist/tex/latex/amscls/amsthm.sty
Package: amsthm 2020/05/29 v2.20.6
\thm@style=\toks24
\thm@bodyfont=\toks25
\thm@headfont=\toks26
\thm@notefont=\toks27
\thm@headpunct=\toks28
\thm@preskip=\skip53
\thm@postskip=\skip54
\thm@headsep=\skip55
\dth@everypar=\toks29
)
(/usr/share/texlive/texmf-dist/tex/latex/mathtools/mathtools.sty
Package: mathtools 2022/06/29 v1.29 mathematical typesetting tools

(/usr/share/texlive/texmf-dist/tex/latex/tools/calc.sty
Package: calc 2023/07/08 v4.3 Infix arithmetic (KKT,FJ)
\calc@Acount=\count273
\calc@Bcount=\count274
\calc@Adimen=\dimen158
\calc@Bdimen=\dimen159
\calc@Askip=\skip56
\calc@Bskip=\skip57
LaTeX Info: Redefining \setlength on input line 80.
LaTeX Info: Redefining \addtolength on input line 81.
\calc@Ccount=\count275
\calc@Cskip=\skip58
)
(/usr/share/texlive/texmf-dist/tex/latex/mathtools/mhsetup.sty
Package: mhsetup 2021/03/18 v1.4 programming setup (MH)
)
\g_MT_multlinerow_int=\count276
\l_MT_multwidth_dim=\dimen160
\origjot=\skip59
\l_MT_shortvdotswithinadjustabove_dim=\dimen161
\l_MT_shortvdotswithinadjustbelow_dim=\dimen162
\l_MT_above_intertext_sep=\dimen163
\l_MT_below_intertext_sep=\dimen164
\l_MT_above_shortintertext_sep=\dimen165
\l_MT_below_shortintertext_sep=\dimen166
\xmathstrut@box=\box53
\xmathstrut@dim=\dimen167
)
(/usr/share/texlive/texmf-dist/tex/latex/booktabs/booktabs.sty
Package: booktabs 2020/01/12 v1.61803398 Publication quality tables
\heavyrulewidth=\dimen168
\lightrulewidth=\dimen169
\cmidrulewidth=\dimen170
\belowrulesep=\dimen171
\belowbottomsep=\dimen172
\aboverulesep=\dimen173
\abovetopsep=\dimen174
\cmidrulesep=\dimen175
\cmidrulekern=\dimen176
\defaultaddspace=\dimen177
\@cmidla=\count277
\@cmidlb=\count278
\@aboverulesep=\dimen178
\@belowrulesep=\dimen179
\@thisruleclass=\count279
\@lastruleclass=\count280
\@thisrulewidth=\dimen180
)
(/usr/share/texlive/texmf-dist/tex/latex/tools/array.sty
Package: array 2023/10/16 v2.5g Tabular extension package (FMi)
\col@sep=\dimen181
\ar@mcellbox=\box54
\extrarowheight=\dimen182
\NC@list=\toks30
\extratabsurround=\skip60
\backup@length=\skip61
\ar@cellbox=\box55
)
(/usr/share/texlive/texmf-dist/tex/latex/tools/tabularx.sty
Package: tabularx 2023/07/08 v2.11c `tabularx' package (DPC)
\TX@col@width=\dimen183
\TX@old@table=\dimen184
\TX@old@col=\dimen185
\TX@target=\dimen186
\TX@delta=\dimen187
\TX@cols=\count281
\TX@ftn=\toks31
)
(/usr/share/texlive/texmf-dist/tex/latex/multirow/multirow.sty
Package: multirow 2021/03/15 v2.8 Span multiple rows of a table
\multirow@colwidth=\skip62
\multirow@cntb=\count282
\multirow@dima=\skip63
\bigstrutjot=\dimen188
)
(/usr/share/texlive/texmf-dist/tex/latex/tools/longtable.sty
Package: longtable 2023-11-01 v4.19 Multi-page Table package (DPC)
\LTleft=\skip64
\LTright=\skip65
\LTpre=\skip66
\LTpost=\skip67
\LTchunksize=\count283
\LTcapwidth=\dimen189
\LT@head=\box56
\LT@firsthead=\box57
\LT@foot=\box58
\LT@lastfoot=\box59
\LT@gbox=\box60
\LT@cols=\count284
\LT@rows=\count285
\c@LT@tables=\count286
\c@LT@chunks=\count287
\LT@p@ftn=\toks32
)
(/usr/share/texlive/texmf-dist/tex/latex/graphics/graphicx.sty
Package: graphicx 2021/09/16 v1.2d Enhanced LaTeX Graphics (DPC,SPQR)

(/usr/share/texlive/texmf-dist/tex/latex/graphics/graphics.sty
Package: graphics 2022/03/10 v1.4e Standard LaTeX Graphics (DPC,SPQR)

(/usr/share/texlive/texmf-dist/tex/latex/graphics/trig.sty
Package: trig 2021/08/11 v1.11 sin cos tan (DPC)
)
(/usr/share/texlive/texmf-dist/tex/latex/graphics-cfg/graphics.cfg
File: graphics.cfg 2016/06/04 v1.11 sample graphics configuration
)
Package graphics Info: Driver file: xetex.def on input line 107.

(/usr/share/texlive/texmf-dist/tex/latex/graphics-def/xetex.def
File: xetex.def 2022/09/22 v5.0n Graphics/color driver for xetex
))
\Gin@req@height=\dimen190
\Gin@req@width=\dimen191
)
(/usr/share/texlive/texmf-dist/tex/latex/float/float.sty
Package: float 2001/11/08 v1.3d Float enhancements (AL)
\c@float@type=\count288
\float@exts=\toks33
\float@box=\box61
\@float@everytoks=\toks34
\@floatcapt=\box62
)
(/usr/share/texlive/texmf-dist/tex/latex/fontspec/fontspec.sty
(/usr/share/texlive/texmf-dist/tex/latex/l3packages/xparse/xparse.sty
(/usr/share/texlive/texmf-dist/tex/latex/l3kernel/expl3.sty
Package: expl3 2024-01-22 L3 programming layer (loader) 

(/usr/share/texlive/texmf-dist/tex/latex/l3backend/l3backend-xetex.def
File: l3backend-xetex.def 2024-01-04 L3 backend support: XeTeX
\g__graphics_track_int=\count289
\l__pdf_internal_box=\box63
\g__pdf_backend_object_int=\count290
\g__pdf_backend_annotation_int=\count291
\g__pdf_backend_link_int=\count292
))
Package: xparse 2023-10-10 L3 Experimental document command parser
)
Package: fontspec 2022/01/15 v2.8a Font selection for XeLaTeX and LuaLaTeX

(/usr/share/texlive/texmf-dist/tex/latex/fontspec/fontspec-xetex.sty
Package: fontspec-xetex 2022/01/15 v2.8a Font selection for XeLaTeX and LuaLaTe
X
\l__fontspec_script_int=\count293
\l__fontspec_language_int=\count294
\l__fontspec_strnum_int=\count295
\l__fontspec_tmp_int=\count296
\l__fontspec_tmpa_int=\count297
\l__fontspec_tmpb_int=\count298
\l__fontspec_tmpc_int=\count299
\l__fontspec_em_int=\count300
\l__fontspec_emdef_int=\count301
\l__fontspec_strong_int=\count302
\l__fontspec_strongdef_int=\count303
\l__fontspec_tmpa_dim=\dimen192
\l__fontspec_tmpb_dim=\dimen193
\l__fontspec_tmpc_dim=\dimen194

(/usr/share/texlive/texmf-dist/tex/latex/base/fontenc.sty
Package: fontenc 2021/04/29 v2.0v Standard LaTeX package
)
(/usr/share/texlive/texmf-dist/tex/latex/fontspec/fontspec.cfg)))
(/usr/share/texlive/texmf-dist/tex/latex/microtype/microtype.sty
Package: microtype 2023/03/13 v3.1a Micro-typographical refinements (RS)

(/usr/share/texlive/texmf-dist/tex/latex/etoolbox/etoolbox.sty
Package: etoolbox 2020/10/05 v2.5k e-TeX tools for LaTeX (JAW)
\etb@tempcnta=\count304
)
\MT@toks=\toks35
\MT@tempbox=\box64
\MT@count=\count305
LaTeX Info: Redefining \noprotrusionifhmode on input line 1059.
LaTeX Info: Redefining \leftprotrusion on input line 1060.
\MT@prot@toks=\toks36
LaTeX Info: Redefining \rightprotrusion on input line 1078.
LaTeX Info: Redefining \textls on input line 1368.
\MT@outer@kern=\dimen195
LaTeX Info: Redefining \textmicrotypecontext on input line 1988.
\MT@listname@count=\count306

(/usr/share/texlive/texmf-dist/tex/latex/microtype/microtype-xetex.def
File: microtype-xetex.def 2023/03/13 v3.1a Definitions specific to xetex (RS)
LaTeX Info: Redefining \lsstyle on input line 238.
)
Package microtype Info: Loading configuration file microtype.cfg.

(/usr/share/texlive/texmf-dist/tex/latex/microtype/microtype.cfg
File: microtype.cfg 2023/03/13 v3.1a microtype main configuration file (RS)
))
(/usr/share/texlive/texmf-dist/tex/latex/enumitem/enumitem.sty
Package: enumitem 2019/06/20 v3.9 Customized lists
\labelindent=\skip68
\enit@outerparindent=\dimen196
\enit@toks=\toks37
\enit@inbox=\box65
\enit@count@id=\count307
\enitdp@description=\count308
)
(/usr/share/texlive/texmf-dist/tex/latex/xcolor/xcolor.sty
Package: xcolor 2023/11/15 v3.01 LaTeX color extensions (UK)

(/usr/share/texlive/texmf-dist/tex/latex/graphics-cfg/color.cfg
File: color.cfg 2016/01/02 v1.6 sample color configuration
)
Package xcolor Info: Driver file: xetex.def on input line 274.

(/usr/share/texlive/texmf-dist/tex/latex/graphics/mathcolor.ltx)
Package xcolor Info: Model `cmy' substituted by `cmy0' on input line 1350.
Package xcolor Info: Model `RGB' extended on input line 1366.
Package xcolor Info: Model `HTML' substituted by `rgb' on input line 1368.
Package xcolor Info: Model `Hsb' substituted by `hsb' on input line 1369.
Package xcolor Info: Model `tHsb' substituted by `hsb' on input line 1370.
Package xcolor Info: Model `HSB' substituted by `hsb' on input line 1371.
Package xcolor Info: Model `Gray' substituted by `gray' on input line 1372.
Package xcolor Info: Model `wave' substituted by `hsb' on input line 1373.
)
(/usr/share/texlive/texmf-dist/tex/latex/hyperref/hyperref.sty
Package: hyperref 2024-01-20 v7.01h Hypertext links for LaTeX

(/usr/share/texlive/texmf-dist/tex/latex/kvsetkeys/kvsetkeys.sty
Package: kvsetkeys 2022-10-05 v1.19 Key value parser (HO)
)
(/usr/share/texlive/texmf-dist/tex/generic/kvdefinekeys/kvdefinekeys.sty
Package: kvdefinekeys 2019-12-19 v1.6 Define keys (HO)
)
(/usr/share/texlive/texmf-dist/tex/generic/pdfescape/pdfescape.sty
Package: pdfescape 2019/12/09 v1.15 Implements pdfTeX's escape features (HO)

(/usr/share/texlive/texmf-dist/tex/generic/ltxcmds/ltxcmds.sty
Package: ltxcmds 2023-12-04 v1.26 LaTeX kernel commands for general use (HO)
)
(/usr/share/texlive/texmf-dist/tex/generic/pdftexcmds/pdftexcmds.sty
Package: pdftexcmds 2020-06-27 v0.33 Utility functions of pdfTeX for LuaTeX (HO
)

(/usr/share/texlive/texmf-dist/tex/generic/infwarerr/infwarerr.sty
Package: infwarerr 2019/12/03 v1.5 Providing info/warning/error messages (HO)
)
Package pdftexcmds Info: \pdf@primitive is available.
Package pdftexcmds Info: \pdf@ifprimitive is available.
Package pdftexcmds Info: \pdfdraftmode not found.
))
(/usr/share/texlive/texmf-dist/tex/latex/hycolor/hycolor.sty
Package: hycolor 2020-01-27 v1.10 Color options for hyperref/bookmark (HO)
)
(/usr/share/texlive/texmf-dist/tex/latex/auxhook/auxhook.sty
Package: auxhook 2019-12-17 v1.6 Hooks for auxiliary files (HO)
)
(/usr/share/texlive/texmf-dist/tex/latex/hyperref/nameref.sty
Package: nameref 2023-11-26 v2.56 Cross-referencing by name of section

(/usr/share/texlive/texmf-dist/tex/latex/refcount/refcount.sty
Package: refcount 2019/12/15 v3.6 Data extraction from label references (HO)
)
(/usr/share/texlive/texmf-dist/tex/generic/gettitlestring/gettitlestring.sty
Package: gettitlestring 2019/12/15 v1.6 Cleanup title references (HO)

(/usr/share/texlive/texmf-dist/tex/latex/kvoptions/kvoptions.sty
Package: kvoptions 2022-06-15 v3.15 Key value format for package options (HO)
))
\c@section@level=\count309
)
\@linkdim=\dimen197
\Hy@linkcounter=\count310
\Hy@pagecounter=\count311

(/usr/share/texlive/texmf-dist/tex/latex/hyperref/pd1enc.def
File: pd1enc.def 2024-01-20 v7.01h Hyperref: PDFDocEncoding definition (HO)
)
(/usr/share/texlive/texmf-dist/tex/generic/intcalc/intcalc.sty
Package: intcalc 2019/12/15 v1.3 Expandable calculations with integers (HO)
)
\Hy@SavedSpaceFactor=\count312

(/usr/share/texlive/texmf-dist/tex/latex/hyperref/puenc.def
File: puenc.def 2024-01-20 v7.01h Hyperref: PDF Unicode definition (HO)
)
Package hyperref Info: Option `colorlinks' set `true' on input line 4062.
Package hyperref Info: Hyper figures OFF on input line 4179.
Package hyperref Info: Link nesting OFF on input line 4184.
Package hyperref Info: Hyper index ON on input line 4187.
Package hyperref Info: Plain pages OFF on input line 4194.
Package hyperref Info: Backreferencing OFF on input line 4199.
Package hyperref Info: Implicit mode ON; LaTeX internals redefined.
Package hyperref Info: Bookmarks ON on input line 4446.
\c@Hy@tempcnt=\count313

(/usr/share/texlive/texmf-dist/tex/latex/url/url.sty
\Urlmuskip=\muskip17
Package: url 2013/09/16  ver 3.4  Verb mode for urls, etc.
)
LaTeX Info: Redefining \url on input line 4784.
\XeTeXLinkMargin=\dimen198

(/usr/share/texlive/texmf-dist/tex/generic/bitset/bitset.sty
Package: bitset 2019/12/09 v1.3 Handle bit-vector datatype (HO)

(/usr/share/texlive/texmf-dist/tex/generic/bigintcalc/bigintcalc.sty
Package: bigintcalc 2019/12/15 v1.5 Expandable calculations on big integers (HO
)
))
\Fld@menulength=\count314
\Field@Width=\dimen199
\Fld@charsize=\dimen256
Package hyperref Info: Hyper figures OFF on input line 6063.
Package hyperref Info: Link nesting OFF on input line 6068.
Package hyperref Info: Hyper index ON on input line 6071.
Package hyperref Info: backreferencing OFF on input line 6078.
Package hyperref Info: Link coloring ON on input line 6081.
Package hyperref Info: Link coloring with OCG OFF on input line 6088.
Package hyperref Info: PDF/A mode OFF on input line 6093.

(/usr/share/texlive/texmf-dist/tex/latex/base/atbegshi-ltx.sty
Package: atbegshi-ltx 2021/01/10 v1.0c Emulation of the original atbegshi
package with kernel methods
)
\Hy@abspage=\count315
\c@Item=\count316
\c@Hfootnote=\count317
)
Package hyperref Info: Driver (autodetected): hxetex.

(/usr/share/texlive/texmf-dist/tex/latex/hyperref/hxetex.def
File: hxetex.def 2024-01-20 v7.01h Hyperref driver for XeTeX

(/usr/share/texlive/texmf-dist/tex/generic/stringenc/stringenc.sty
Package: stringenc 2019/11/29 v1.12 Convert strings between diff. encodings (HO
)
)
\pdfm@box=\box66
\c@Hy@AnnotLevel=\count318
\HyField@AnnotCount=\count319
\Fld@listcount=\count320
\c@bookmark@seq@number=\count321

(/usr/share/texlive/texmf-dist/tex/latex/rerunfilecheck/rerunfilecheck.sty
Package: rerunfilecheck 2022-07-10 v1.10 Rerun checks for auxiliary files (HO)

(/usr/share/texlive/texmf-dist/tex/latex/base/atveryend-ltx.sty
Package: atveryend-ltx 2020/08/19 v1.0a Emulation of the original atveryend pac
kage
with kernel methods
)
(/usr/share/texlive/texmf-dist/tex/generic/uniquecounter/uniquecounter.sty
Package: uniquecounter 2019/12/15 v1.4 Provide unlimited unique counter (HO)
)
Package uniquecounter Info: New unique counter `rerunfilecheck' on input line 2
85.
)
\Hy@SectionHShift=\skip69
)
(/usr/share/texlive/texmf-dist/tex/latex/titlesec/titlesec.sty
Package: titlesec 2023/10/27 v2.16 Sectioning titles
\ttl@box=\box67
\beforetitleunit=\skip70
\aftertitleunit=\skip71
\ttl@plus=\dimen257
\ttl@minus=\dimen258
\ttl@toksa=\toks38
\titlewidth=\dimen259
\titlewidthlast=\dimen260
\titlewidthfirst=\dimen261
)
(/usr/share/texlive/texmf-dist/tex/latex/docmute/docmute.sty
Package: docmute 2012/03/22 v1.4 Input stand-alone documents
)
(/usr/share/texlive/texmf-dist/tex/latex/comment/comment.sty
\CommentStream=\write3

Excluding comment 'comment')
\c@theorem=\count322
 Excluding comment 'titlepage' (./Thesis_Main.aux)
\openout1 = `Thesis_Main.aux'.

LaTeX Font Info:    Checking defaults for OML/cmm/m/it on input line 161.
LaTeX Font Info:    ... okay on input line 161.
LaTeX Font Info:    Checking defaults for OMS/cmsy/m/n on input line 161.
LaTeX Font Info:    ... okay on input line 161.
LaTeX Font Info:    Checking defaults for OT1/cmr/m/n on input line 161.
LaTeX Font Info:    ... okay on input line 161.
LaTeX Font Info:    Checking defaults for T1/cmr/m/n on input line 161.
LaTeX Font Info:    ... okay on input line 161.
LaTeX Font Info:    Checking defaults for TS1/cmr/m/n on input line 161.
LaTeX Font Info:    Trying to load font information for TS1+cmr on input line 1
61.

(/usr/share/texlive/texmf-dist/tex/latex/base/ts1cmr.fd
File: ts1cmr.fd 2023/04/13 v2.5m Standard LaTeX font definitions
)
LaTeX Font Info:    ... okay on input line 161.
LaTeX Font Info:    Checking defaults for TU/lmr/m/n on input line 161.
LaTeX Font Info:    ... okay on input line 161.
LaTeX Font Info:    Checking defaults for OMX/cmex/m/n on input line 161.
LaTeX Font Info:    ... okay on input line 161.
LaTeX Font Info:    Checking defaults for U/cmr/m/n on input line 161.
LaTeX Font Info:    ... okay on input line 161.
LaTeX Font Info:    Checking defaults for PD1/pdf/m/n on input line 161.
LaTeX Font Info:    ... okay on input line 161.
LaTeX Font Info:    Checking defaults for PU/pdf/m/n on input line 161.
LaTeX Font Info:    ... okay on input line 161.

*geometry* driver: auto-detecting
*geometry* detected driver: xetex
*geometry* verbose mode - [ preamble ] result:
* driver: xetex
* paper: letterpaper
* layout: <same size as paper>
* layoutoffset:(h,v)=(0.0pt,0.0pt)
* modes: 
* h-part:(L,W,R)=(72.26999pt, 469.75502pt, 72.26999pt)
* v-part:(T,H,B)=(72.26999pt, 650.43001pt, 72.26999pt)
* \paperwidth=614.295pt
* \paperheight=794.96999pt
* \textwidth=469.75502pt
* \textheight=650.43001pt
* \oddsidemargin=0.0pt
* \evensidemargin=0.0pt
* \topmargin=-31.8738pt
* \headheight=12.0pt
* \headsep=19.8738pt
* \topskip=12.0pt
* \footskip=30.0pt
* \marginparwidth=47.0pt
* \marginparsep=7.0pt
* \columnsep=10.0pt
* \skip\footins=10.8pt plus 4.0pt minus 2.0pt
* \hoffset=0.0pt
* \voffset=0.0pt
* \mag=1000
* \@twocolumnfalse
* \@twosidefalse
* \@mparswitchfalse
* \@reversemarginfalse
* (1in=72.27pt=25.4mm, 1cm=28.453pt)


Package fontspec Info: Adjusting the maths setup (use [no-math] to avoid
(fontspec)             this).

\symlegacymaths=\mathgroup6
LaTeX Font Info:    Overwriting symbol font `legacymaths' in version `bold'
(Font)                  OT1/cmr/m/n --> OT1/cmr/bx/n on input line 161.
LaTeX Font Info:    Redeclaring math accent \acute on input line 161.
LaTeX Font Info:    Redeclaring math accent \grave on input line 161.
LaTeX Font Info:    Redeclaring math accent \ddot on input line 161.
LaTeX Font Info:    Redeclaring math accent \tilde on input line 161.
LaTeX Font Info:    Redeclaring math accent \bar on input line 161.
LaTeX Font Info:    Redeclaring math accent \breve on input line 161.
LaTeX Font Info:    Redeclaring math accent \check on input line 161.
LaTeX Font Info:    Redeclaring math accent \hat on input line 161.
LaTeX Font Info:    Redeclaring math accent \dot on input line 161.
LaTeX Font Info:    Redeclaring math accent \mathring on input line 161.
LaTeX Font Info:    Redeclaring math symbol \Gamma on input line 161.
LaTeX Font Info:    Redeclaring math symbol \Delta on input line 161.
LaTeX Font Info:    Redeclaring math symbol \Theta on input line 161.
LaTeX Font Info:    Redeclaring math symbol \Lambda on input line 161.
LaTeX Font Info:    Redeclaring math symbol \Xi on input line 161.
LaTeX Font Info:    Redeclaring math symbol \Pi on input line 161.
LaTeX Font Info:    Redeclaring math symbol \Sigma on input line 161.
LaTeX Font Info:    Redeclaring math symbol \Upsilon on input line 161.
LaTeX Font Info:    Redeclaring math symbol \Phi on input line 161.
LaTeX Font Info:    Redeclaring math symbol \Psi on input line 161.
LaTeX Font Info:    Redeclaring math symbol \Omega on input line 161.
LaTeX Font Info:    Redeclaring math symbol \mathdollar on input line 161.
LaTeX Font Info:    Redeclaring symbol font `operators' on input line 161.
LaTeX Font Info:    Encoding `OT1' has changed to `TU' for symbol font
(Font)              `operators' in the math version `normal' on input line 161.

LaTeX Font Info:    Overwriting symbol font `operators' in version `normal'
(Font)                  OT1/cmr/m/n --> TU/lmr/m/n on input line 161.
LaTeX Font Info:    Encoding `OT1' has changed to `TU' for symbol font
(Font)              `operators' in the math version `bold' on input line 161.
LaTeX Font Info:    Overwriting symbol font `operators' in version `bold'
(Font)                  OT1/cmr/bx/n --> TU/lmr/m/n on input line 161.
LaTeX Font Info:    Overwriting symbol font `operators' in version `normal'
(Font)                  TU/lmr/m/n --> TU/lmr/m/n on input line 161.
LaTeX Font Info:    Overwriting math alphabet `\mathit' in version `normal'
(Font)                  OT1/cmr/m/it --> TU/lmr/m/it on input line 161.
LaTeX Font Info:    Overwriting math alphabet `\mathbf' in version `normal'
(Font)                  OT1/cmr/bx/n --> TU/lmr/b/n on input line 161.
LaTeX Font Info:    Overwriting math alphabet `\mathsf' in version `normal'
(Font)                  OT1/cmss/m/n --> TU/lmss/m/n on input line 161.
LaTeX Font Info:    Overwriting math alphabet `\mathtt' in version `normal'
(Font)                  OT1/cmtt/m/n --> TU/lmtt/m/n on input line 161.
LaTeX Font Info:    Overwriting symbol font `operators' in version `bold'
(Font)                  TU/lmr/m/n --> TU/lmr/b/n on input line 161.
LaTeX Font Info:    Overwriting math alphabet `\mathit' in version `bold'
(Font)                  OT1/cmr/bx/it --> TU/lmr/b/it on input line 161.
LaTeX Font Info:    Overwriting math alphabet `\mathsf' in version `bold'
(Font)                  OT1/cmss/bx/n --> TU/lmss/b/n on input line 161.
LaTeX Font Info:    Overwriting math alphabet `\mathtt' in version `bold'
(Font)                  OT1/cmtt/m/n --> TU/lmtt/b/n on input line 161.
LaTeX Info: Redefining \microtypecontext on input line 161.
Package microtype Info: Applying patch `item' on input line 161.
Package microtype Info: Applying patch `toc' on input line 161.
Package microtype Info: Applying patch `eqnum' on input line 161.
Package microtype Info: Applying patch `footnote' on input line 161.
Package microtype Info: Applying patch `verbatim' on input line 161.
Package microtype Info: Character protrusion enabled (level 2).
Package microtype Info: Using default protrusion set `alltext'.
Package microtype Info: No adjustment of tracking.
Package microtype Info: No adjustment of spacing.
Package microtype Info: No adjustment of kerning.
(/usr/share/texlive/texmf-dist/tex/latex/microtype/mt-LatinModernRoman.cfg
File: mt-LatinModernRoman.cfg 2021/02/21 v1.1 microtype config. file: Latin Mod
ern Roman (RS)
)
Package hyperref Info: Link coloring ON on input line 161.

(./Thesis_Main.out) (./Thesis_Main.out)
\@outlinefile=\write4
\openout4 = `Thesis_Main.out'.

\docmute@nestinglevel=\count323
 [1


] (./Thesis_Main.toc
LaTeX Font Info:    Trying to load font information for U+msa on input line 2.

(/usr/share/texlive/texmf-dist/tex/latex/amsfonts/umsa.fd
File: umsa.fd 2013/01/14 v3.01 AMS symbols A
)
(/usr/share/texlive/texmf-dist/tex/latex/microtype/mt-msa.cfg
File: mt-msa.cfg 2006/02/04 v1.1 microtype config. file: AMS symbols (a) (RS)
)
LaTeX Font Info:    Trying to load font information for U+msb on input line 2.

(/usr/share/texlive/texmf-dist/tex/latex/amsfonts/umsb.fd
File: umsb.fd 2013/01/14 v3.01 AMS symbols B
)
(/usr/share/texlive/texmf-dist/tex/latex/microtype/mt-msb.cfg
File: mt-msb.cfg 2005/06/01 v1.0 microtype config. file: AMS symbols (b) (RS)
)
(/usr/share/texlive/texmf-dist/tex/latex/microtype/mt-cmr.cfg
File: mt-cmr.cfg 2013/05/19 v2.2 microtype config. file: Computer Modern Roman 
(RS)
) [2

] [3] [4]
[5] [6] [7])
\tf@toc=\write5
\openout5 = `Thesis_Main.toc'.

 [8] (./Thesis_Main.lof)
\tf@lof=\write6
\openout6 = `Thesis_Main.lof'.

 [9

] (./Thesis_Main.lot)
\tf@lot=\write7
\openout7 = `Thesis_Main.lot'.

 [10

]
(./1_introduction/Introduction.tex Excluding 'titlepage' comment. [1


] [1]
[2] [3] [4] [5]
Underfull \hbox (badness 10000) in paragraph at lines 211--211
[]|\TU/lmr/m/n/12 Hardware/semiconductor
 []


Underfull \hbox (badness 10000) in paragraph at lines 211--211
[]|\TU/lmr/m/n/12 Wright’s Law learning
 []


Underfull \hbox (badness 1521) in paragraph at lines 211--211
[]|\TU/lmr/m/n/12 Heterogeneous AI agent
 []


Underfull \hbox (badness 10000) in paragraph at lines 211--211
[]|\TU/lmr/m/n/12 Training effective-
 []


Underfull \hbox (badness 10000) in paragraph at lines 211--211
[]|\TU/lmr/m/n/12 Autocatalytic training
 []

[6] [7] [8] [9] [10] [11] [12] [13] [14] [15]) [16]
(./2_ces_triple_role/CES_Triple_Role.tex
Overfull \hbox (255.21857pt too wide) has occurred while \output is active
\TU/lmr/m/sl/12 CHAPTER 2.  THE CES TRIPLE ROLE: SUPERADDITIVITY, CORRELATION R
OBUSTNESS, AND STRATEGIC INDEPENDENCE \TU/lmr/m/n/12 17
 []

[17

]
Overfull \hbox (255.21857pt too wide) has occurred while \output is active
\TU/lmr/m/sl/12 CHAPTER 2.  THE CES TRIPLE ROLE: SUPERADDITIVITY, CORRELATION R
OBUSTNESS, AND STRATEGIC INDEPENDENCE \TU/lmr/m/n/12 18
 []

[18]
Overfull \hbox (255.21857pt too wide) has occurred while \output is active
\TU/lmr/m/sl/12 CHAPTER 2.  THE CES TRIPLE ROLE: SUPERADDITIVITY, CORRELATION R
OBUSTNESS, AND STRATEGIC INDEPENDENCE \TU/lmr/m/n/12 19
 []

[19]
Overfull \hbox (255.21857pt too wide) has occurred while \output is active
\TU/lmr/m/sl/12 CHAPTER 2.  THE CES TRIPLE ROLE: SUPERADDITIVITY, CORRELATION R
OBUSTNESS, AND STRATEGIC INDEPENDENCE \TU/lmr/m/n/12 20
 []

[20]
Overfull \hbox (255.21857pt too wide) has occurred while \output is active
\TU/lmr/m/sl/12 CHAPTER 2.  THE CES TRIPLE ROLE: SUPERADDITIVITY, CORRELATION R
OBUSTNESS, AND STRATEGIC INDEPENDENCE \TU/lmr/m/n/12 21
 []

[21]
Overfull \hbox (255.21857pt too wide) has occurred while \output is active
\TU/lmr/m/sl/12 CHAPTER 2.  THE CES TRIPLE ROLE: SUPERADDITIVITY, CORRELATION R
OBUSTNESS, AND STRATEGIC INDEPENDENCE \TU/lmr/m/n/12 22
 []

[22]
Overfull \hbox (255.21857pt too wide) has occurred while \output is active
\TU/lmr/m/sl/12 CHAPTER 2.  THE CES TRIPLE ROLE: SUPERADDITIVITY, CORRELATION R
OBUSTNESS, AND STRATEGIC INDEPENDENCE \TU/lmr/m/n/12 23
 []

[23]
Overfull \hbox (255.21857pt too wide) has occurred while \output is active
\TU/lmr/m/sl/12 CHAPTER 2.  THE CES TRIPLE ROLE: SUPERADDITIVITY, CORRELATION R
OBUSTNESS, AND STRATEGIC INDEPENDENCE \TU/lmr/m/n/12 24
 []

[24]
Overfull \hbox (255.21857pt too wide) has occurred while \output is active
\TU/lmr/m/sl/12 CHAPTER 2.  THE CES TRIPLE ROLE: SUPERADDITIVITY, CORRELATION R
OBUSTNESS, AND STRATEGIC INDEPENDENCE \TU/lmr/m/n/12 25
 []

[25]
Overfull \hbox (255.21857pt too wide) has occurred while \output is active
\TU/lmr/m/sl/12 CHAPTER 2.  THE CES TRIPLE ROLE: SUPERADDITIVITY, CORRELATION R
OBUSTNESS, AND STRATEGIC INDEPENDENCE \TU/lmr/m/n/12 26
 []

[26]
Overfull \hbox (255.21857pt too wide) has occurred while \output is active
\TU/lmr/m/sl/12 CHAPTER 2.  THE CES TRIPLE ROLE: SUPERADDITIVITY, CORRELATION R
OBUSTNESS, AND STRATEGIC INDEPENDENCE \TU/lmr/m/n/12 27
 []

[27]
Overfull \hbox (255.21857pt too wide) has occurred while \output is active
\TU/lmr/m/sl/12 CHAPTER 2.  THE CES TRIPLE ROLE: SUPERADDITIVITY, CORRELATION R
OBUSTNESS, AND STRATEGIC INDEPENDENCE \TU/lmr/m/n/12 28
 []

[28]
Overfull \hbox (255.21857pt too wide) has occurred while \output is active
\TU/lmr/m/sl/12 CHAPTER 2.  THE CES TRIPLE ROLE: SUPERADDITIVITY, CORRELATION R
OBUSTNESS, AND STRATEGIC INDEPENDENCE \TU/lmr/m/n/12 29
 []

[29]

Package hyperref Warning: Token not allowed in a PDF string (Unicode):
(hyperref)                removing `math shift' on input line 831.


Package hyperref Warning: Token not allowed in a PDF string (Unicode):
(hyperref)                removing `math shift' on input line 831.


Package hyperref Warning: Token not allowed in a PDF string (Unicode):
(hyperref)                removing `math shift' on input line 831.


Package hyperref Warning: Token not allowed in a PDF string (Unicode):
(hyperref)                removing `superscript' on input line 831.


Package hyperref Warning: Token not allowed in a PDF string (Unicode):
(hyperref)                removing `math shift' on input line 831.


Overfull \hbox (255.21857pt too wide) has occurred while \output is active
\TU/lmr/m/sl/12 CHAPTER 2.  THE CES TRIPLE ROLE: SUPERADDITIVITY, CORRELATION R
OBUSTNESS, AND STRATEGIC INDEPENDENCE \TU/lmr/m/n/12 30
 []

[30]
Overfull \hbox (255.21857pt too wide) has occurred while \output is active
\TU/lmr/m/sl/12 CHAPTER 2.  THE CES TRIPLE ROLE: SUPERADDITIVITY, CORRELATION R
OBUSTNESS, AND STRATEGIC INDEPENDENCE \TU/lmr/m/n/12 31
 []

[31]
Overfull \hbox (255.21857pt too wide) has occurred while \output is active
\TU/lmr/m/sl/12 CHAPTER 2.  THE CES TRIPLE ROLE: SUPERADDITIVITY, CORRELATION R
OBUSTNESS, AND STRATEGIC INDEPENDENCE \TU/lmr/m/n/12 32
 []

[32]
Overfull \hbox (255.21857pt too wide) has occurred while \output is active
\TU/lmr/m/sl/12 CHAPTER 2.  THE CES TRIPLE ROLE: SUPERADDITIVITY, CORRELATION R
OBUSTNESS, AND STRATEGIC INDEPENDENCE \TU/lmr/m/n/12 33
 []

[33]

Package hyperref Warning: Token not allowed in a PDF string (Unicode):
(hyperref)                removing `math shift' on input line 1090.


Package hyperref Warning: Token not allowed in a PDF string (Unicode):
(hyperref)                removing `math shift' on input line 1090.


Overfull \hbox (255.21857pt too wide) has occurred while \output is active
\TU/lmr/m/sl/12 CHAPTER 2.  THE CES TRIPLE ROLE: SUPERADDITIVITY, CORRELATION R
OBUSTNESS, AND STRATEGIC INDEPENDENCE \TU/lmr/m/n/12 34
 []

[34]
Overfull \hbox (255.21857pt too wide) has occurred while \output is active
\TU/lmr/m/sl/12 CHAPTER 2.  THE CES TRIPLE ROLE: SUPERADDITIVITY, CORRELATION R
OBUSTNESS, AND STRATEGIC INDEPENDENCE \TU/lmr/m/n/12 35
 []

[35]) [36

] (./3_complementary_heterogeneity/Complementary_Heterogeneity.tex
Excluding 'titlepage' comment.
Overfull \hbox (28.26917pt too wide) has occurred while \output is active
\TU/lmr/m/sl/12 CHAPTER 3.  COMPLEMENTARY HETEROGENEITY IN HIERARCHICAL ECONOMI
ES \TU/lmr/m/n/12 37
 []

[37

]
Overfull \hbox (6.57303pt too wide) in paragraph at lines 110--111
[]\TU/lmr/m/n/12 The paper studies a hierarchical economy with four sectors ope
rating at different timescales: 
 []


Overfull \hbox (22.38918pt too wide) has occurred while \output is active
\TU/lmr/m/sl/12 CHAPTER 3.  COMPLEMENTARY HETEROGENEITY IN HIERARCHICAL ECONOMI
ES \TU/lmr/m/n/12 1
 []

[1]
Overfull \hbox (22.38918pt too wide) has occurred while \output is active
\TU/lmr/m/sl/12 CHAPTER 3.  COMPLEMENTARY HETEROGENEITY IN HIERARCHICAL ECONOMI
ES \TU/lmr/m/n/12 2
 []

[2]
Overfull \hbox (22.38918pt too wide) has occurred while \output is active
\TU/lmr/m/sl/12 CHAPTER 3.  COMPLEMENTARY HETEROGENEITY IN HIERARCHICAL ECONOMI
ES \TU/lmr/m/n/12 3
 []

[3]
Overfull \hbox (22.38918pt too wide) has occurred while \output is active
\TU/lmr/m/sl/12 CHAPTER 3.  COMPLEMENTARY HETEROGENEITY IN HIERARCHICAL ECONOMI
ES \TU/lmr/m/n/12 4
 []

[4]
Overfull \hbox (18.629pt too wide) in paragraph at lines 277--278
[]\TU/lmr/m/n/12 (Directed coupling) \TU/lmr/m/it/12 The between-sector couplin
g is necessarily feed-forward (non-reciprocal).
 []


Overfull \hbox (22.38918pt too wide) has occurred while \output is active
\TU/lmr/m/sl/12 CHAPTER 3.  COMPLEMENTARY HETEROGENEITY IN HIERARCHICAL ECONOMI
ES \TU/lmr/m/n/12 5
 []

[5]
Overfull \hbox (22.38918pt too wide) has occurred while \output is active
\TU/lmr/m/sl/12 CHAPTER 3.  COMPLEMENTARY HETEROGENEITY IN HIERARCHICAL ECONOMI
ES \TU/lmr/m/n/12 6
 []

[6]
Overfull \hbox (3.12904pt too wide) in paragraph at lines 359--364
\TU/lmr/bx/n/12 Economic interpretation. \TU/lmr/m/n/12 The CES geometry determ
ines the \TU/lmr/m/it/12 architecture \TU/lmr/m/n/12 of the economy—
 []


Overfull \hbox (22.38918pt too wide) has occurred while \output is active
\TU/lmr/m/sl/12 CHAPTER 3.  COMPLEMENTARY HETEROGENEITY IN HIERARCHICAL ECONOMI
ES \TU/lmr/m/n/12 7
 []

[7]

Package hyperref Warning: Token not allowed in a PDF string (Unicode):
(hyperref)                removing `math shift' on input line 415.


Package hyperref Warning: Token not allowed in a PDF string (Unicode):
(hyperref)                removing `math shift' on input line 415.


Overfull \hbox (22.38918pt too wide) has occurred while \output is active
\TU/lmr/m/sl/12 CHAPTER 3.  COMPLEMENTARY HETEROGENEITY IN HIERARCHICAL ECONOMI
ES \TU/lmr/m/n/12 8
 []

[8]
Overfull \hbox (22.38918pt too wide) has occurred while \output is active
\TU/lmr/m/sl/12 CHAPTER 3.  COMPLEMENTARY HETEROGENEITY IN HIERARCHICAL ECONOMI
ES \TU/lmr/m/n/12 9
 []

[9]
Overfull \hbox (28.26917pt too wide) has occurred while \output is active
\TU/lmr/m/sl/12 CHAPTER 3.  COMPLEMENTARY HETEROGENEITY IN HIERARCHICAL ECONOMI
ES \TU/lmr/m/n/12 10
 []

[10]
Overfull \hbox (28.26917pt too wide) has occurred while \output is active
\TU/lmr/m/sl/12 CHAPTER 3.  COMPLEMENTARY HETEROGENEITY IN HIERARCHICAL ECONOMI
ES \TU/lmr/m/n/12 11
 []

[11]
Overfull \hbox (0.17302pt too wide) in paragraph at lines 563--567
\TU/lmr/m/n/12 the remaining non-automated task—frontier model training—becomes
 the binding constraint.
 []


Overfull \hbox (28.26917pt too wide) has occurred while \output is active
\TU/lmr/m/sl/12 CHAPTER 3.  COMPLEMENTARY HETEROGENEITY IN HIERARCHICAL ECONOMI
ES \TU/lmr/m/n/12 12
 []

[12]
Overfull \hbox (28.26917pt too wide) has occurred while \output is active
\TU/lmr/m/sl/12 CHAPTER 3.  COMPLEMENTARY HETEROGENEITY IN HIERARCHICAL ECONOMI
ES \TU/lmr/m/n/12 13
 []

[13]
Overfull \hbox (28.26917pt too wide) has occurred while \output is active
\TU/lmr/m/sl/12 CHAPTER 3.  COMPLEMENTARY HETEROGENEITY IN HIERARCHICAL ECONOMI
ES \TU/lmr/m/n/12 14
 []

[14]
Overfull \hbox (28.26917pt too wide) has occurred while \output is active
\TU/lmr/m/sl/12 CHAPTER 3.  COMPLEMENTARY HETEROGENEITY IN HIERARCHICAL ECONOMI
ES \TU/lmr/m/n/12 15
 []

[15]
Overfull \hbox (28.26917pt too wide) has occurred while \output is active
\TU/lmr/m/sl/12 CHAPTER 3.  COMPLEMENTARY HETEROGENEITY IN HIERARCHICAL ECONOMI
ES \TU/lmr/m/n/12 16
 []

[16]
Overfull \hbox (28.26917pt too wide) has occurred while \output is active
\TU/lmr/m/sl/12 CHAPTER 3.  COMPLEMENTARY HETEROGENEITY IN HIERARCHICAL ECONOMI
ES \TU/lmr/m/n/12 17
 []

[17]
Overfull \hbox (28.26917pt too wide) has occurred while \output is active
\TU/lmr/m/sl/12 CHAPTER 3.  COMPLEMENTARY HETEROGENEITY IN HIERARCHICAL ECONOMI
ES \TU/lmr/m/n/12 18
 []

[18]
Overfull \hbox (28.26917pt too wide) has occurred while \output is active
\TU/lmr/m/sl/12 CHAPTER 3.  COMPLEMENTARY HETEROGENEITY IN HIERARCHICAL ECONOMI
ES \TU/lmr/m/n/12 19
 []

[19]
Overfull \hbox (28.26917pt too wide) has occurred while \output is active
\TU/lmr/m/sl/12 CHAPTER 3.  COMPLEMENTARY HETEROGENEITY IN HIERARCHICAL ECONOMI
ES \TU/lmr/m/n/12 20
 []

[20]
Overfull \hbox (28.26917pt too wide) has occurred while \output is active
\TU/lmr/m/sl/12 CHAPTER 3.  COMPLEMENTARY HETEROGENEITY IN HIERARCHICAL ECONOMI
ES \TU/lmr/m/n/12 21
 []

[21]
Package microtype Info: Loading generic protrusion settings for font family
(microtype)             `lmtt' (encoding: TU).
(microtype)             For optimal results, create family-specific settings.
(microtype)             See the microtype manual for details.

Overfull \hbox (28.26917pt too wide) has occurred while \output is active
\TU/lmr/m/sl/12 CHAPTER 3.  COMPLEMENTARY HETEROGENEITY IN HIERARCHICAL ECONOMI
ES \TU/lmr/m/n/12 22
 []

[22]
Overfull \hbox (28.26917pt too wide) has occurred while \output is active
\TU/lmr/m/sl/12 CHAPTER 3.  COMPLEMENTARY HETEROGENEITY IN HIERARCHICAL ECONOMI
ES \TU/lmr/m/n/12 23
 []

[23]
Overfull \hbox (28.26917pt too wide) has occurred while \output is active
\TU/lmr/m/sl/12 CHAPTER 3.  COMPLEMENTARY HETEROGENEITY IN HIERARCHICAL ECONOMI
ES \TU/lmr/m/n/12 24
 []

[24]
Overfull \hbox (4.23383pt too wide) in paragraph at lines 1069--1071
[]\TU/lmr/m/it/12 Increase cross-sector responsiveness at any layer \TU/lmr/m/n
/12 (global welfare ordering, Corollary [][]3.7.4[][]).
 []


Overfull \hbox (29.98763pt too wide) in paragraph at lines 1071--1074
\TU/lmr/m/n/12 system’s activation is bottlenecked by its weakest coupling. The
 transition takes $\OML/cmm/m/it/12 O\OT1/cmr/m/n/12 (1/[])$\TU/lmr/m/n/12 —
 []


Overfull \hbox (28.26917pt too wide) has occurred while \output is active
\TU/lmr/m/sl/12 CHAPTER 3.  COMPLEMENTARY HETEROGENEITY IN HIERARCHICAL ECONOMI
ES \TU/lmr/m/n/12 25
 []

[25] [26

] [27] [28]
Overfull \hbox (4.27972pt too wide) in paragraph at lines 1177--1182
[]\TU/lmr/m/it/12 Step 2: Normal hyperbolicity. \TU/lmr/m/n/12 Define the criti
cal manifold $\OMS/cmsy/m/n/12 M[] \OT1/cmr/m/n/12 = \OMS/cmsy/m/n/12 f\OML/cmm
/m/it/12 x[] \OT1/cmr/m/n/12 = \OML/cmm/m/it/12 F[]\OT1/cmr/m/n/12 /\OML/cmm/m/
it/12 J[][]j\OMS/cmsy/m/n/12 g$\TU/lmr/m/n/12 .
 []

[29] [30] [31]
Overfull \hbox (23.42491pt too wide) in paragraph at lines 1327--1329
[]\TU/lmr/m/it/12 Step 1: Decompose the composite ceiling. \TU/lmr/m/n/12 The f
ull ceiling function $\OT1/cmr/m/n/12 ^^I(\OML/cmm/m/it/12 F[]\OT1/cmr/m/n/12 )
 = \OML/cmm/m/it/12 I\OT1/cmr/m/n/12 ([](\OML/cmm/m/it/12 F[]\OT1/cmr/m/n/12 (\
OML/cmm/m/it/12 h[]\OT1/cmr/m/n/12 (\OML/cmm/m/it/12 F[]\OT1/cmr/m/n/12 ))))$
 []

[32]

Package hyperref Warning: Token not allowed in a PDF string (Unicode):
(hyperref)                removing `math shift' on input line 1351.


Package hyperref Warning: Token not allowed in a PDF string (Unicode):
(hyperref)                removing `math shift' on input line 1351.


Overfull \hbox (57.61916pt too wide) in paragraph at lines 1390--1394
[]\TU/lmr/m/n/12 From Theorem [][]3.6.2[][], $\OML/cmm/m/it/12 c[] \OT1/cmr/m/n
/12 = \OML/cmm/m/it/12 P[]\OT1/cmr/m/n/12 /\OML/cmm/m/it/12 k[]$ \TU/lmr/m/n/12
 where $\OML/cmm/m/it/12 k[] \OT1/cmr/m/n/12 = \OML/cmm/m/it/12 ^^^[]\OT1/cmr/m
/n/12 ([])[]/\OMS/cmsy/m/n/12 j\OML/cmm/m/it/12 ^^[[]\OMS/cmsy/m/n/12 j$\TU/lmr
/m/n/12 .
 []


Overfull \hbox (53.80066pt too wide) in paragraph at lines 1390--1394
\OML/cmm/m/it/12 P[] ^^[[]\OT1/cmr/m/n/12 /(\OML/cmm/m/it/12 ^^L[] ^^[[] J []\O
T1/cmr/m/n/12 )$\TU/lmr/m/n/12 . On the slow manifold, $\OML/cmm/m/it/12 c[]D[]
 \OT1/cmr/m/n/12 = \OML/cmm/m/it/12 c[][]g\OT1/cmr/m/n/12 (\OML/cmm/m/it/12 F[]
\OT1/cmr/m/n/12 /[]) = \OML/cmm/m/it/12 P[]^^[[]\OT1/cmr/m/n/12 /(\OML/cmm/m/it
/12 ^^L[]^^[[]J\OT1/cmr/m/n/12 ) \OML/cmm/m/it/12 g\OT1/cmr/m/n/12 (\OML/cmm/m/
it/12 F[]\OT1/cmr/m/n/12 /[])$\TU/lmr/m/n/12 .
 []

[33]) [34] (./4_endogenous_decentralization/Endogenous_Decentralization.tex
Excluding 'titlepage' comment. [35

] [1] [2] [3] [4]
Underfull \hbox (badness 10000) in paragraph at lines 157--157
[]|\TU/lmr/m/n/10.95 Learning
 []


Underfull \hbox (badness 10000) in paragraph at lines 157--157
[]|\TU/lmr/m/n/10.95 Disruption
 []


Underfull \hbox (badness 10000) in paragraph at lines 157--157
[]|\TU/lmr/m/n/10.95 Same
 []


Underfull \hbox (badness 10000) in paragraph at lines 157--157
[]|\TU/lmr/m/n/10.95 External ap-
 []


Underfull \hbox (badness 10000) in paragraph at lines 157--157
[]|\TU/lmr/m/n/10.95 External en-
 []


Underfull \hbox (badness 10000) in paragraph at lines 157--157
[]|\TU/lmr/bx/n/10.95 Cross-
 []


Underfull \hbox (badness 10000) in paragraph at lines 157--157
[]|\TU/lmr/bx/n/10.95 Self-
 []

[5] [6] [7] [8] [9] [10] [11] [12] [13] [14] [15] [16] [17]
Overfull \hbox (6.82236pt too wide) in paragraph at lines 503--504
\TU/lmr/m/n/12 Inference tasks are \TU/lmr/m/it/12 atomizable\TU/lmr/m/n/12 : e
ach user query is independent. Inference is \TU/lmr/m/it/12 latency-advantaged\
TU/lmr/m/n/12 :
 []

[18] [19] [20]
Underfull \hbox (badness 10000) in paragraph at lines 552--552
[]|\TU/lmr/m/n/10.95 Endogenous Decentr.
 []


Underfull \hbox (badness 6461) in paragraph at lines 552--552
[]|\TU/lmr/m/n/10.95 Constrained fall be-
 []


Underfull \hbox (badness 10000) in paragraph at lines 552--552
[]|\TU/lmr/m/n/10.95 Constrained
 []


Underfull \hbox (badness 7522) in paragraph at lines 552--552
[]|\TU/lmr/m/n/10.95 Incremental improve-
 []


Underfull \hbox (badness 10000) in paragraph at lines 552--552
[]|\TU/lmr/m/n/10.95 Constrained skew
 []


Underfull \hbox (badness 10000) in paragraph at lines 552--552
[]|\TU/lmr/m/n/10.95 Unconstrained domi-
 []


Underfull \hbox (badness 10000) in paragraph at lines 552--552
[]|\TU/lmr/m/n/10.95 Constrained gain
 []


Underfull \hbox (badness 10000) in paragraph at lines 552--552
[]|\TU/lmr/m/n/10.95 Constrained models
 []


Underfull \hbox (badness 10000) in paragraph at lines 552--552
[]|\TU/lmr/m/n/10.95 40% vs 15% new
 []

[21]
Overfull \hbox (25.80635pt too wide) in paragraph at lines 562--563
[]\TU/lmr/bx/n/12 Architectural response. \TU/lmr/m/n/12 Constrained developers
 disproportionately release edge-compatible
 []


Overfull \hbox (23.27037pt too wide) in paragraph at lines 566--567
[]\TU/lmr/bx/n/12 Cost collapse. \TU/lmr/m/n/12 Open-weight models from constra
ined developers achieve frontier-competitive
 []

[22] [23]
Overfull \hbox (17.00903pt too wide) in paragraph at lines 609--610
\TU/lmr/m/n/12 sectional linear probability model on the 2,984 post-treatment m
odels estimates that constrained-
 []

[24] [25] [26] [27]
Overfull \hbox (7.78908pt too wide) in paragraph at lines 733--734
[]\TU/lmr/m/n/12 A significant fraction of this capex flows directly to the pac
kaging learning curve. NVIDIA’s
 []

[28] [29] [30] [31]

Package hyperref Warning: Token not allowed in a PDF string (Unicode):
(hyperref)                removing `math shift' on input line 783.


Package hyperref Warning: Token not allowed in a PDF string (Unicode):
(hyperref)                removing `subscript' on input line 783.


Package hyperref Warning: Token not allowed in a PDF string (Unicode):
(hyperref)                removing `math shift' on input line 783.

[32] [33] [34]
File: 4_endogenous_decentralization/r0_figure.pdf Graphic file (type pdf)
<use 4_endogenous_decentralization/r0_figure.pdf>
 [35] [36] [37] [38]

Package hyperref Warning: Token not allowed in a PDF string (Unicode):
(hyperref)                removing `math shift' on input line 920.


Package hyperref Warning: Token not allowed in a PDF string (Unicode):
(hyperref)                removing `\to' on input line 920.


Package hyperref Warning: Token not allowed in a PDF string (Unicode):
(hyperref)                removing `math shift' on input line 920.

[39]

Package hyperref Warning: Token not allowed in a PDF string (Unicode):
(hyperref)                removing `math shift' on input line 924.


Package hyperref Warning: Token not allowed in a PDF string (Unicode):
(hyperref)                removing `\to' on input line 924.


Package hyperref Warning: Token not allowed in a PDF string (Unicode):
(hyperref)                removing `math shift' on input line 924.

[40] [41] [42] [43] [44] [45] [46] [47] [48] [49] [50] [51

]) [52]
(./5_mesh_economy/Mesh_Economy.tex Excluding 'titlepage' comment. [53

] [1]
[2] [3] [4]
Overfull \hbox (50.0283pt too wide) in paragraph at lines 229--230
[]\TU/lmr/m/n/12 For stability: the iteration map $\OML/cmm/m/it/12 h\OT1/cmr/m
/n/12 (\OML/cmm/m/it/12 s\OT1/cmr/m/n/12 ) = 1 \OMS/cmsy/m/n/12 ^^@ []\OT1/cmr/
m/n/12 (\OMS/cmsy/m/n/12 ^^@\OML/cmm/m/it/12 R[]s\OT1/cmr/m/n/12 )$ \TU/lmr/m/n
/12 satisfies $\OML/cmm/m/it/12 h[]\OT1/cmr/m/n/12 (\OML/cmm/m/it/12 S[]\OT1/cm
r/m/n/12 ) = \OML/cmm/m/it/12 R[] []\OT1/cmr/m/n/12 (\OMS/cmsy/m/n/12 ^^@\OML/c
mm/m/it/12 R[]S[]\OT1/cmr/m/n/12 ) =
 []

[5] [6] [7] [8] [9] [10] [11]
Overfull \hbox (2.78133pt too wide) in paragraph at lines 447--448
[][]\TU/lmr/bx/n/12 Corollary A.6.2 \TU/lmr/m/n/12 (Centralized Market Share De
cline)\TU/lmr/bx/n/12 . []\TU/lmr/m/it/12 For $\OML/cmm/m/it/12 N > N[]$\TU/lmr
/m/it/12 , the centralized provider’s
 []

[12]
Overfull \hbox (61.85118pt too wide) in paragraph at lines 459--471
 [][] 
 []

[13] [14] [15] [16] [17] [18] [19]

Package hyperref Warning: Token not allowed in a PDF string (Unicode):
(hyperref)                removing `math shift' on input line 680.


Package hyperref Warning: Token not allowed in a PDF string (Unicode):
(hyperref)                removing `\varphi' on input line 680.


Package hyperref Warning: Token not allowed in a PDF string (Unicode):
(hyperref)                removing `math shift' on input line 680.

[20] [21] [22] [23] [24] [25] [26] [27] [28] [29] [30] [31] [32] [33] [34]
[35

] [36] [37]) [38] (./6_settlement_feedback/Settlement_Feedback.tex
Excluding 'titlepage' comment. [39

] [1] [2] [3]
Overfull \hbox (7.26794pt too wide) in paragraph at lines 159--160
\TU/lmr/m/n/12 characterizes three growth regimes. The most likely near-term re
gime is convergence: $\OML/cmm/m/it/12 C[]\OT1/cmr/m/n/12 (\OML/cmm/m/it/12 t\O
T1/cmr/m/n/12 ) \OMS/cmsy/m/n/12 !
 []

[4]
Overfull \hbox (7.6802pt too wide) in paragraph at lines 174--175
[]\TU/lmr/m/it/12 CES structure: \TU/lmr/m/n/12 The aggregate capability functi
on retains the CES form $\OML/cmm/m/it/12 C[] \OT1/cmr/m/n/12 = ([][] \OML/cmm/
m/it/12 C[]\OT1/cmr/m/n/12 )[]$
 []

[5]

Package hyperref Warning: Token not allowed in a PDF string (Unicode):
(hyperref)                removing `math shift' on input line 205.


Package hyperref Warning: Token not allowed in a PDF string (Unicode):
(hyperref)                removing `\phi' on input line 205.


Package hyperref Warning: Token not allowed in a PDF string (Unicode):
(hyperref)                removing `math shift' on input line 205.

[6]

Package hyperref Warning: Token not allowed in a PDF string (Unicode):
(hyperref)                removing `math shift' on input line 233.


Package hyperref Warning: Token not allowed in a PDF string (Unicode):
(hyperref)                removing `\phi' on input line 233.


Package hyperref Warning: Token not allowed in a PDF string (Unicode):
(hyperref)                removing `math shift' on input line 233.

[7] [8]

Package hyperref Warning: Token not allowed in a PDF string (Unicode):
(hyperref)                removing `math shift' on input line 269.


Package hyperref Warning: Token not allowed in a PDF string (Unicode):
(hyperref)                removing `\phi' on input line 269.


Package hyperref Warning: Token not allowed in a PDF string (Unicode):
(hyperref)                removing `math shift' on input line 269.

[9] [10] [11] [12]
Overfull \hbox (21.67062pt too wide) in paragraph at lines 373--374
\TU/lmr/m/n/12 dollar-denominated bank accounts, knowledge of dollar transactio
ns, institutional arrangements—
 []

[13] [14]
Underfull \hbox (badness 10000) in alignment at lines 447--447
[][][][] 
 []

[15] [16] [17] [18] [19] [20] [21] [22] [23] [24] [25] [26] [27] [28] [29]
Overfull \hbox (0.87381pt too wide) in paragraph at lines 763--764
[]\TU/lmr/m/n/12 The logit specification (high-adoption binary on inflation, co
ntrolling for stablecoin ecosys-
 []

[30] [31] [32] [33

] [34]) [35]
Appendix B.
(./7_monetary_productivity_gap/Monetary_Productivity_Gap.tex [36

] [37] [38]
Overfull \hbox (34.75119pt too wide) in paragraph at lines 37--38
[]\TU/lmr/m/n/12 Today, 1.4 billion adults worldwide have no bank account. Anot
her 2 billion are “underbanked”—
 []


Overfull \hbox (5.23701pt too wide) in paragraph at lines 37--38
\TU/lmr/m/n/12 they have nominal access to financial services but cannot practi
cally access dollar-denominated
 []

[39] [40]
Overfull \hbox (15.58615pt too wide) in paragraph at lines 61--62
\TU/lmr/m/n/12 Visa, Mastercard, Google, Cloudflare—are building AI payment inf
rastructure on programmable
 []

[41] [42] [43] [44]
File: 7_monetary_productivity_gap/media/f2bc0a0158573f21519f7de2a47c05580137cad
5.png Graphic file (type bmp)
<7_monetary_productivity_gap/media/f2bc0a0158573f21519f7de2a47c05580137cad5.png
>
 [45]
File: 7_monetary_productivity_gap/media/64c3390efd39e8eeca3b609eec7aed9db225681
4.png Graphic file (type bmp)
<7_monetary_productivity_gap/media/64c3390efd39e8eeca3b609eec7aed9db2256814.png
>
 [46]
File: 7_monetary_productivity_gap/media/9ea2d62b88efd8f579e985ce437653b56b16fbc
8.png Graphic file (type bmp)
<7_monetary_productivity_gap/media/9ea2d62b88efd8f579e985ce437653b56b16fbc8.png
>

Overfull \hbox (13.71912pt too wide) in paragraph at lines 138--138
[]|\TU/lmr/bx/n/12 GDP/cap|  
 []


Overfull \hbox (2.24463pt too wide) in paragraph at lines 138--138
[]|\TU/lmr/bx/n/12 Fertility|  
 []


Overfull \hbox (18.31262pt too wide) in paragraph at lines 138--138
[]|\TU/lmr/bx/n/12 Pop→2100|  
 []

[47]
File: 7_monetary_productivity_gap/media/64ac46d390ad09c4b4f2d8417589ba64cdb8dab
e.png Graphic file (type bmp)
<7_monetary_productivity_gap/media/64ac46d390ad09c4b4f2d8417589ba64cdb8dabe.png
>
 [48]
Overfull \hbox (6.56851pt too wide) in paragraph at lines 192--193
\TU/lmr/m/n/12 AI-native innovation relocates to accommodating jurisdictions, r
educing domestic TFP growth.
 []

[49]
File: 7_monetary_productivity_gap/media/0679cc20151ad708016f8547a5cd3e5869e33fa
7.png Graphic file (type bmp)
<7_monetary_productivity_gap/media/0679cc20151ad708016f8547a5cd3e5869e33fa7.png
>
 [50]
File: 7_monetary_productivity_gap/media/ebd52323d54c407ca10610d1cbab1cdb652e4e3
0.png Graphic file (type bmp)
<7_monetary_productivity_gap/media/ebd52323d54c407ca10610d1cbab1cdb652e4e30.png
>
 [51] [52]
Overfull \hbox (0.86183pt too wide) in paragraph at lines 224--225
[]\TU/lmr/m/n/12 The welfare analysis (Appendix, Proposition 3) establishes tha
t accommodation is welfare-
 []

[53] [54] [55] [56] [57

]) [58]
Appendix C.
(./8_fair_inheritance/fair_inheritance_academic_v71.tex [59

]
Overfull \hbox (277.78793pt too wide) has occurred while \output is active
\TU/lmr/m/sl/12 APPENDIX C.  TAXING CONCENTRATION, NOT TRANSFER: A FRAMEWORK FO
R RECIPIENT-BASED INHERITANCE TAXATION \TU/lmr/m/n/12 60
 []

[60]
Overfull \hbox (277.78793pt too wide) has occurred while \output is active
\TU/lmr/m/sl/12 APPENDIX C.  TAXING CONCENTRATION, NOT TRANSFER: A FRAMEWORK FO
R RECIPIENT-BASED INHERITANCE TAXATION \TU/lmr/m/n/12 61
 []

[61]
Overfull \hbox (277.78793pt too wide) has occurred while \output is active
\TU/lmr/m/sl/12 APPENDIX C.  TAXING CONCENTRATION, NOT TRANSFER: A FRAMEWORK FO
R RECIPIENT-BASED INHERITANCE TAXATION \TU/lmr/m/n/12 62
 []

[62]
Overfull \hbox (277.78793pt too wide) has occurred while \output is active
\TU/lmr/m/sl/12 APPENDIX C.  TAXING CONCENTRATION, NOT TRANSFER: A FRAMEWORK FO
R RECIPIENT-BASED INHERITANCE TAXATION \TU/lmr/m/n/12 63
 []

[63]
Missing character: There is no τ (U+03C4) in font [lmroman12-italic]:mapping=te
x-text;!

Overfull \hbox (277.78793pt too wide) has occurred while \output is active
\TU/lmr/m/sl/12 APPENDIX C.  TAXING CONCENTRATION, NOT TRANSFER: A FRAMEWORK FO
R RECIPIENT-BASED INHERITANCE TAXATION \TU/lmr/m/n/12 64
 []

[64]
Overfull \hbox (277.78793pt too wide) has occurred while \output is active
\TU/lmr/m/sl/12 APPENDIX C.  TAXING CONCENTRATION, NOT TRANSFER: A FRAMEWORK FO
R RECIPIENT-BASED INHERITANCE TAXATION \TU/lmr/m/n/12 65
 []

[65]
Overfull \hbox (277.78793pt too wide) has occurred while \output is active
\TU/lmr/m/sl/12 APPENDIX C.  TAXING CONCENTRATION, NOT TRANSFER: A FRAMEWORK FO
R RECIPIENT-BASED INHERITANCE TAXATION \TU/lmr/m/n/12 66
 []

[66]
Missing character: There is no ε (U+03B5) in font [lmroman12-italic]:mapping=te
x-text;!
Missing character: There is no ε (U+03B5) in font [lmroman12-italic]:mapping=te
x-text;!
Missing character: There is no ε (U+03B5) in font [lmroman12-regular]:mapping=t
ex-text;!
Missing character: There is no ε (U+03B5) in font [lmroman12-regular]:mapping=t
ex-text;!
Missing character: There is no ε (U+03B5) in font [lmroman12-regular]:mapping=t
ex-text;!

Overfull \hbox (277.78793pt too wide) has occurred while \output is active
\TU/lmr/m/sl/12 APPENDIX C.  TAXING CONCENTRATION, NOT TRANSFER: A FRAMEWORK FO
R RECIPIENT-BASED INHERITANCE TAXATION \TU/lmr/m/n/12 67
 []

[67]
Missing character: There is no η (U+03B7) in font [lmroman12-regular]:mapping=t
ex-text;!
Missing character: There is no ε (U+03B5) in font [lmroman12-regular]:mapping=t
ex-text;!
Missing character: There is no ε (U+03B5) in font [lmroman12-regular]:mapping=t
ex-text;!
Missing character: There is no ε (U+03B5) in font [lmroman12-regular]:mapping=t
ex-text;!

Overfull \hbox (277.78793pt too wide) has occurred while \output is active
\TU/lmr/m/sl/12 APPENDIX C.  TAXING CONCENTRATION, NOT TRANSFER: A FRAMEWORK FO
R RECIPIENT-BASED INHERITANCE TAXATION \TU/lmr/m/n/12 68
 []

[68]
Missing character: There is no α (U+03B1) in font [lmroman12-italic]:mapping=te
x-text;!
Missing character: There is no α (U+03B1) in font [lmroman12-italic]:mapping=te
x-text;!
Missing character: There is no β (U+03B2) in font [lmroman12-italic]:mapping=te
x-text;!
Missing character: There is no φ (U+03C6) in font [lmroman12-italic]:mapping=te
x-text;!
Missing character: There is no β (U+03B2) in font [lmroman12-regular]:mapping=t
ex-text;!
Missing character: There is no φ (U+03C6) in font [lmroman12-regular]:mapping=t
ex-text;!
Missing character: There is no ρ (U+03C1) in font [lmroman12-italic]:mapping=te
x-text;!
Missing character: There is no σ (U+03C3) in font [lmroman12-italic]:mapping=te
x-text;!
Missing character: There is no ε (U+03B5) in font [lmroman12-italic]:mapping=te
x-text;!
Missing character: There is no ρ (U+03C1) in font [lmroman12-regular]:mapping=t
ex-text;!
Missing character: There is no ε (U+03B5) in font [lmroman12-regular]:mapping=t
ex-text;!
Missing character: There is no α (U+03B1) in font [lmroman12-regular]:mapping=t
ex-text;!
Missing character: There is no β (U+03B2) in font [lmroman12-regular]:mapping=t
ex-text;!
Missing character: There is no γ (U+03B3) in font [lmroman12-regular]:mapping=t
ex-text;!
Missing character: There is no φ (U+03C6) in font [lmroman12-regular]:mapping=t
ex-text;!
Missing character: There is no ρ (U+03C1) in font [lmroman12-regular]:mapping=t
ex-text;!

Overfull \hbox (277.78793pt too wide) has occurred while \output is active
\TU/lmr/m/sl/12 APPENDIX C.  TAXING CONCENTRATION, NOT TRANSFER: A FRAMEWORK FO
R RECIPIENT-BASED INHERITANCE TAXATION \TU/lmr/m/n/12 69
 []

[69]
Missing character: There is no η (U+03B7) in font [lmroman12-regular]:mapping=t
ex-text;!
Missing character: There is no κ (U+03BA) in font [lmroman12-regular]:mapping=t
ex-text;!

Overfull \hbox (277.78793pt too wide) has occurred while \output is active
\TU/lmr/m/sl/12 APPENDIX C.  TAXING CONCENTRATION, NOT TRANSFER: A FRAMEWORK FO
R RECIPIENT-BASED INHERITANCE TAXATION \TU/lmr/m/n/12 70
 []

[70]
Missing character: There is no η (U+03B7) in font [lmroman12-regular]:mapping=t
ex-text;!
Missing character: There is no κ (U+03BA) in font [lmroman12-regular]:mapping=t
ex-text;!
Missing character: There is no α (U+03B1) in font [lmroman12-italic]:mapping=te
x-text;!
Missing character: There is no β (U+03B2) in font [lmroman12-italic]:mapping=te
x-text;!
Missing character: There is no γ (U+03B3) in font [lmroman12-italic]:mapping=te
x-text;!
Missing character: There is no δ (U+03B4) in font [lmroman12-italic]:mapping=te
x-text;!
Missing character: There is no ε (U+03B5) in font [lmroman12-italic]:mapping=te
x-text;!
Missing character: There is no δ (U+03B4) in font [lmroman12-regular]:mapping=t
ex-text;!

Overfull \hbox (277.78793pt too wide) has occurred while \output is active
\TU/lmr/m/sl/12 APPENDIX C.  TAXING CONCENTRATION, NOT TRANSFER: A FRAMEWORK FO
R RECIPIENT-BASED INHERITANCE TAXATION \TU/lmr/m/n/12 71
 []

[71]
Missing character: There is no α (U+03B1) in font [lmroman12-italic]:mapping=te
x-text;!
Missing character: There is no β (U+03B2) in font [lmroman12-italic]:mapping=te
x-text;!
Missing character: There is no γ (U+03B3) in font [lmroman12-italic]:mapping=te
x-text;!
Missing character: There is no δ (U+03B4) in font [lmroman12-italic]:mapping=te
x-text;!
Missing character: There is no θ (U+03B8) in font [lmroman12-italic]:mapping=te
x-text;!
Missing character: There is no ε (U+03B5) in font [lmroman12-italic]:mapping=te
x-text;!
Missing character: There is no α (U+03B1) in font [lmroman12-italic]:mapping=te
x-text;!
Missing character: There is no β (U+03B2) in font [lmroman12-italic]:mapping=te
x-text;!
Missing character: There is no ε (U+03B5) in font [lmroman12-italic]:mapping=te
x-text;!
Missing character: There is no κ (U+03BA) in font [lmroman12-regular]:mapping=t
ex-text;!
Missing character: There is no κ (U+03BA) in font [lmroman12-regular]:mapping=t
ex-text;!

Overfull \hbox (277.78793pt too wide) has occurred while \output is active
\TU/lmr/m/sl/12 APPENDIX C.  TAXING CONCENTRATION, NOT TRANSFER: A FRAMEWORK FO
R RECIPIENT-BASED INHERITANCE TAXATION \TU/lmr/m/n/12 72
 []

[72]
Overfull \hbox (277.78793pt too wide) has occurred while \output is active
\TU/lmr/m/sl/12 APPENDIX C.  TAXING CONCENTRATION, NOT TRANSFER: A FRAMEWORK FO
R RECIPIENT-BASED INHERITANCE TAXATION \TU/lmr/m/n/12 73
 []

[73]
Overfull \hbox (277.78793pt too wide) has occurred while \output is active
\TU/lmr/m/sl/12 APPENDIX C.  TAXING CONCENTRATION, NOT TRANSFER: A FRAMEWORK FO
R RECIPIENT-BASED INHERITANCE TAXATION \TU/lmr/m/n/12 74
 []

[74]
Overfull \hbox (277.78793pt too wide) has occurred while \output is active
\TU/lmr/m/sl/12 APPENDIX C.  TAXING CONCENTRATION, NOT TRANSFER: A FRAMEWORK FO
R RECIPIENT-BASED INHERITANCE TAXATION \TU/lmr/m/n/12 75
 []

[75]
Overfull \hbox (277.78793pt too wide) has occurred while \output is active
\TU/lmr/m/sl/12 APPENDIX C.  TAXING CONCENTRATION, NOT TRANSFER: A FRAMEWORK FO
R RECIPIENT-BASED INHERITANCE TAXATION \TU/lmr/m/n/12 76
 []

[76]
Overfull \hbox (277.78793pt too wide) has occurred while \output is active
\TU/lmr/m/sl/12 APPENDIX C.  TAXING CONCENTRATION, NOT TRANSFER: A FRAMEWORK FO
R RECIPIENT-BASED INHERITANCE TAXATION \TU/lmr/m/n/12 77
 []

[77]
Overfull \hbox (277.78793pt too wide) has occurred while \output is active
\TU/lmr/m/sl/12 APPENDIX C.  TAXING CONCENTRATION, NOT TRANSFER: A FRAMEWORK FO
R RECIPIENT-BASED INHERITANCE TAXATION \TU/lmr/m/n/12 78
 []

[78] [79

] [80] [81]
Overfull \hbox (14.63304pt too wide) in paragraph at lines 626--627
[]\TU/lmr/bx/n/12 Independence reforms: \TU/lmr/m/n/12 Require majority-indepen
dent boards within 25 years of founder[]s
 []

[82]) [83] (./Thesis_Main.aux)
 ***********
LaTeX2e <2023-11-01> patch level 1
L3 programming layer <2024-01-22>
 ***********
Package rerunfilecheck Info: File `Thesis_Main.out' has not changed.
(rerunfilecheck)             Checksum: 6EA864F6EF7167414E69CA397CE3AD3A;57461.
 ) 
Here is how much of TeX's memory you used:
 17336 strings out of 476878
 329611 string characters out of 5805249
 1936627 words of memory out of 5000000
 38914 multiletter control sequences out of 15000+600000
 573414 words of font info for 132 fonts, out of 8000000 for 9000
 14 hyphenation exceptions out of 8191
 79i,17n,93p,2932b,639s stack positions out of 10000i,1000n,20000p,200000b,200000s

Output written on Thesis_Main.pdf (258 pages).
