\BOOKMARK [1][-]{section.1}{\376\377\000I\000n\000t\000r\000o\000d\000u\000c\000t\000i\000o\000n}{}% 1
\BOOKMARK [1][-]{section.2}{\376\377\000T\000h\000e\000\040\000E\000n\000d\000o\000g\000e\000n\000o\000u\000s\000\040\000D\000e\000c\000e\000n\000t\000r\000a\000l\000i\000z\000a\000t\000i\000o\000n\000\040\000M\000e\000c\000h\000a\000n\000i\000s\000m}{}% 2
\BOOKMARK [2][-]{subsection.2.1}{\376\377\000T\000h\000r\000e\000e\000-\000S\000t\000a\000g\000e\000\040\000S\000t\000r\000u\000c\000t\000u\000r\000e}{section.2}% 3
\BOOKMARK [2][-]{subsection.2.2}{\376\377\000T\000h\000e\000\040\000S\000e\000l\000f\000-\000U\000n\000d\000e\000r\000m\000i\000n\000i\000n\000g\000\040\000I\000n\000v\000e\000s\000t\000m\000e\000n\000t\000\040\000P\000r\000o\000p\000e\000r\000t\000y}{section.2}% 4
\BOOKMARK [2][-]{subsection.2.3}{\376\377\000D\000u\000a\000l\000\040\000C\000o\000n\000v\000e\000r\000g\000e\000n\000c\000e}{section.2}% 5
\BOOKMARK [2][-]{subsection.2.4}{\376\377\000D\000i\000s\000t\000i\000n\000c\000t\000i\000o\000n\000\040\000f\000r\000o\000m\000\040\000A\000d\000j\000a\000c\000e\000n\000t\000\040\000T\000h\000e\000o\000r\000y}{section.2}% 6
\BOOKMARK [1][-]{section.3}{\376\377\000F\000o\000r\000m\000a\000l\000\040\000M\000o\000d\000e\000l}{}% 7
\BOOKMARK [2][-]{subsection.3.1}{\376\377\000E\000n\000v\000i\000r\000o\000n\000m\000e\000n\000t}{section.3}% 8
\BOOKMARK [2][-]{subsection.3.2}{\376\377\000M\000a\000r\000k\000o\000v\000\040\000P\000e\000r\000f\000e\000c\000t\000\040\000E\000q\000u\000i\000l\000i\000b\000r\000i\000u\000m}{section.3}% 9
\BOOKMARK [2][-]{subsection.3.3}{\376\377\000C\000o\000o\000p\000e\000r\000a\000t\000i\000v\000e\000\040\000B\000e\000n\000c\000h\000m\000a\000r\000k}{section.3}% 10
\BOOKMARK [2][-]{subsection.3.4}{\376\377\000A\000n\000a\000l\000y\000t\000i\000c\000a\000l\000\040\000S\000o\000l\000u\000t\000i\000o\000n\000s}{section.3}% 11
\BOOKMARK [2][-]{subsection.3.5}{\376\377\000T\000h\000e\000\040\000O\000v\000e\000r\000i\000n\000v\000e\000s\000t\000m\000e\000n\000t\000\040\000R\000e\000s\000u\000l\000t}{section.3}% 12
\BOOKMARK [2][-]{subsection.3.6}{\376\377\000C\000o\000m\000p\000a\000r\000a\000t\000i\000v\000e\000\040\000S\000t\000a\000t\000i\000c\000s}{section.3}% 13
\BOOKMARK [2][-]{subsection.3.7}{\376\377\000C\000a\000l\000i\000b\000r\000a\000t\000i\000o\000n}{section.3}% 14
\BOOKMARK [2][-]{subsection.3.8}{\376\377\000N\000o\000t\000e\000\040\000o\000n\000\040\000I\000d\000e\000n\000t\000i\000f\000i\000c\000a\000t\000i\000o\000n}{section.3}% 15
\BOOKMARK [2][-]{subsection.3.9}{\376\377\000G\000e\000n\000e\000r\000a\000l\000i\000z\000e\000d\000\040\000C\000r\000o\000s\000s\000i\000n\000g\000\040\000C\000o\000n\000d\000i\000t\000i\000o\000n}{section.3}% 16
\BOOKMARK [3][-]{subsubsection.3.9.1}{\376\377\000W\000h\000y\000\040\000E\000p\000i\000d\000e\000m\000i\000c\000\040\000D\000y\000n\000a\000m\000i\000c\000s\000?}{subsection.3.9}% 17
\BOOKMARK [3][-]{subsubsection.3.9.2}{\376\377\000F\000o\000r\000m\000a\000l\000\040\000S\000p\000e\000c\000i\000f\000i\000c\000a\000t\000i\000o\000n}{subsection.3.9}% 18
\BOOKMARK [3][-]{subsubsection.3.9.3}{\376\377\000M\000i\000c\000r\000o\000f\000o\000u\000n\000d\000a\000t\000i\000o\000n\000\040\000f\000o\000r\000\040\000\050\000c\000,\000\040\000\051}{subsection.3.9}% 19
\BOOKMARK [3][-]{subsubsection.3.9.4}{\376\377\000D\000e\000r\000i\000v\000a\000t\000i\000o\000n\000\040\000o\000f\000\040\000*}{subsection.3.9}% 20
\BOOKMARK [3][-]{subsubsection.3.9.5}{\376\377\000O\000b\000s\000e\000r\000v\000a\000b\000l\000e\000\040\000I\000m\000p\000l\000i\000c\000a\000t\000i\000o\000n\000s}{subsection.3.9}% 21
\BOOKMARK [1][-]{section.4}{\376\377\000T\000h\000e\000\040\000T\000r\000a\000i\000n\000i\000n\000g\000-\000I\000n\000f\000e\000r\000e\000n\000c\000e\000\040\000S\000t\000r\000u\000c\000t\000u\000r\000a\000l\000\040\000D\000i\000s\000t\000i\000n\000c\000t\000i\000o\000n}{}% 22
\BOOKMARK [2][-]{subsection.4.1}{\376\377\000T\000w\000o\000\040\000W\000o\000r\000k\000l\000o\000a\000d\000s\000,\000\040\000T\000w\000o\000\040\000A\000r\000c\000h\000i\000t\000e\000c\000t\000u\000r\000e\000s}{section.4}% 23
\BOOKMARK [2][-]{subsection.4.2}{\376\377\000T\000r\000a\000i\000n\000i\000n\000g\000\040\000D\000o\000e\000s\000\040\000N\000o\000t\000\040\000D\000e\000c\000e\000n\000t\000r\000a\000l\000i\000z\000e}{section.4}% 24
\BOOKMARK [2][-]{subsection.4.3}{\376\377\000I\000n\000f\000e\000r\000e\000n\000c\000e\000\040\000D\000e\000c\000e\000n\000t\000r\000a\000l\000i\000z\000e\000s}{section.4}% 25
\BOOKMARK [2][-]{subsection.4.4}{\376\377\000T\000h\000e\000\040\000I\000n\000f\000e\000r\000e\000n\000c\000e\000\040\000R\000e\000v\000e\000n\000u\000e\000\040\000P\000o\000o\000l}{section.4}% 26
\BOOKMARK [2][-]{subsection.4.5}{\376\377\000I\000m\000p\000l\000i\000c\000a\000t\000i\000o\000n\000s\000\040\000f\000o\000r\000\040\000t\000h\000e\000\040\000M\000o\000d\000e\000l}{section.4}% 27
\BOOKMARK [1][-]{section.5}{\376\377\000E\000m\000p\000i\000r\000i\000c\000a\000l\000\040\000E\000v\000i\000d\000e\000n\000c\000e\000:\000\040\000D\000u\000a\000l\000\040\000C\000o\000n\000v\000e\000r\000g\000e\000n\000c\000e}{}% 28
\BOOKMARK [2][-]{subsection.5.1}{\376\377\000I\000d\000e\000n\000t\000i\000f\000i\000c\000a\000t\000i\000o\000n\000:\000\040\000T\000h\000e\000\040\000E\000x\000p\000o\000r\000t\000-\000C\000o\000n\000t\000r\000o\000l\000\040\000N\000a\000t\000u\000r\000a\000l\000\040\000E\000x\000p\000e\000r\000i\000m\000e\000n\000t}{section.5}% 29
\BOOKMARK [3][-]{subsubsection.5.1.1}{\376\377\000T\000r\000e\000a\000t\000m\000e\000n\000t\000\040\000D\000e\000s\000i\000g\000n\000\040\000a\000n\000d\000\040\000G\000r\000o\000u\000p\000\040\000A\000s\000s\000i\000g\000n\000m\000e\000n\000t}{subsection.5.1}% 30
\BOOKMARK [3][-]{subsubsection.5.1.2}{\376\377\000C\000o\000m\000p\000e\000t\000i\000n\000g\000\040\000P\000r\000e\000d\000i\000c\000t\000i\000o\000n\000s\000:\000\040\000A\000r\000r\000o\000w\000\040\000v\000e\000r\000s\000u\000s\000\040\000E\000n\000d\000o\000g\000e\000n\000o\000u\000s\000\040\000D\000e\000c\000e\000n\000t\000r\000a\000l\000i\000z\000a\000t\000i\000o\000n}{subsection.5.1}% 31
\BOOKMARK [3][-]{subsubsection.5.1.3}{\376\377\000R\000e\000s\000u\000l\000t\000s}{subsection.5.1}% 32
\BOOKMARK [3][-]{subsubsection.5.1.4}{\376\377\000T\000h\000r\000e\000a\000t\000s\000\040\000t\000o\000\040\000V\000a\000l\000i\000d\000i\000t\000y}{subsection.5.1}% 33
\BOOKMARK [2][-]{subsection.5.2}{\376\377\000C\000o\000n\000v\000e\000r\000g\000e\000n\000c\000e\000\040\000f\000r\000o\000m\000\040\000B\000e\000l\000o\000w\000:\000\040\000H\000a\000r\000d\000w\000a\000r\000e\000\040\000C\000o\000s\000t\000\040\000D\000e\000c\000l\000i\000n\000e}{section.5}% 34
\BOOKMARK [3][-]{subsubsection.5.2.1}{\376\377\000C\000o\000s\000t\000\040\000D\000e\000c\000o\000m\000p\000o\000s\000i\000t\000i\000o\000n\000:\000\040\000D\000i\000e\000\040\000v\000e\000r\000s\000u\000s\000\040\000P\000a\000c\000k\000a\000g\000i\000n\000g}{subsection.5.2}% 35
\BOOKMARK [3][-]{subsubsection.5.2.2}{\376\377\000T\000h\000e\000\040\000P\000a\000c\000k\000a\000g\000i\000n\000g\000\040\000L\000e\000a\000r\000n\000i\000n\000g\000\040\000C\000u\000r\000v\000e\000:\000\040\000H\000B\000M\000\040\000C\000o\000s\000t\000\040\000T\000r\000a\000j\000e\000c\000t\000o\000r\000y}{subsection.5.2}% 36
\BOOKMARK [3][-]{subsubsection.5.2.3}{\376\377\000H\000y\000p\000e\000r\000s\000c\000a\000l\000e\000r\000\040\000C\000a\000p\000i\000t\000a\000l\000\040\000E\000x\000p\000e\000n\000d\000i\000t\000u\000r\000e}{subsection.5.2}% 37
\BOOKMARK [3][-]{subsubsection.5.2.4}{\376\377\000C\000o\000n\000s\000u\000m\000e\000r\000\040\000S\000i\000l\000i\000c\000o\000n\000\040\000a\000n\000d\000\040\000t\000h\000e\000\040\000I\000n\000f\000e\000r\000e\000n\000c\000e\000\040\000C\000r\000o\000s\000s\000i\000n\000g\000\040\000C\000o\000n\000d\000i\000t\000i\000o\000n}{subsection.5.2}% 38
\BOOKMARK [2][-]{subsection.5.3}{\376\377\000C\000o\000n\000v\000e\000r\000g\000e\000n\000c\000e\000\040\000f\000r\000o\000m\000\040\000A\000b\000o\000v\000e\000:\000\040\000A\000l\000g\000o\000r\000i\000t\000h\000m\000i\000c\000\040\000E\000f\000f\000i\000c\000i\000e\000n\000c\000y}{section.5}% 39
\BOOKMARK [3][-]{subsubsection.5.3.1}{\376\377\000T\000h\000e\000\040\000I\000n\000c\000e\000n\000t\000i\000v\000e\000\040\000S\000t\000r\000u\000c\000t\000u\000r\000e}{subsection.5.3}% 40
\BOOKMARK [3][-]{subsubsection.5.3.2}{\376\377\000S\000c\000a\000l\000e\000\040\000a\000n\000d\000\040\000A\000d\000o\000p\000t\000i\000o\000n}{subsection.5.3}% 41
\BOOKMARK [3][-]{subsubsection.5.3.3}{\376\377\000M\000e\000c\000h\000a\000n\000i\000s\000m\000s\000\040\000R\000e\000d\000u\000c\000i\000n\000g\000\040\000t\000h\000e\000\040\000E\000f\000f\000e\000c\000t\000i\000v\000e\000\040\000C\000r\000o\000s\000s\000i\000n\000g\000\040\000T\000h\000r\000e\000s\000h\000o\000l\000d}{subsection.5.3}% 42
\BOOKMARK [2][-]{subsection.5.4}{\376\377\000B\000o\000u\000n\000d\000i\000n\000g\000\040\000R\0000\000\040\000f\000r\000o\000m\000\040\000O\000p\000e\000n\000-\000W\000e\000i\000g\000h\000t\000\040\000A\000d\000o\000p\000t\000i\000o\000n\000\040\000D\000y\000n\000a\000m\000i\000c\000s}{section.5}% 43
\BOOKMARK [3][-]{subsubsection.5.4.1}{\376\377\000M\000e\000t\000h\000o\000d\000o\000l\000o\000g\000y}{subsection.5.4}% 44
\BOOKMARK [3][-]{subsubsection.5.4.2}{\376\377\000I\000m\000p\000l\000i\000e\000d\000\040\000R\0000\000\040\000T\000r\000a\000j\000e\000c\000t\000o\000r\000y}{subsection.5.4}% 45
\BOOKMARK [3][-]{subsubsection.5.4.3}{\376\377\000P\000a\000r\000a\000m\000e\000t\000e\000r\000\040\000B\000o\000u\000n\000d\000s}{subsection.5.4}% 46
\BOOKMARK [3][-]{subsubsection.5.4.4}{\376\377\000I\000m\000p\000l\000i\000c\000a\000t\000i\000o\000n\000s\000\040\000f\000o\000r\000\040\000t\000h\000e\000\040\000D\000i\000s\000t\000r\000i\000b\000u\000t\000e\000d\000\040\000R\0000\000\040\000C\000r\000o\000s\000s\000i\000n\000g}{subsection.5.4}% 47
\BOOKMARK [3][-]{subsubsection.5.4.5}{\376\377\000L\000i\000m\000i\000t\000a\000t\000i\000o\000n\000s}{subsection.5.4}% 48
\BOOKMARK [2][-]{subsection.5.5}{\376\377\000T\000h\000e\000\040\000D\000e\000m\000a\000n\000d\000\040\000S\000h\000o\000c\000k\000\040\000a\000s\000\040\000N\000a\000s\000h\000\040\000O\000v\000e\000r\000i\000n\000v\000e\000s\000t\000m\000e\000n\000t}{section.5}% 49
\BOOKMARK [1][-]{section.6}{\376\377\000H\000i\000s\000t\000o\000r\000i\000c\000a\000l\000\040\000V\000a\000l\000i\000d\000a\000t\000i\000o\000n\000\040\000a\000n\000d\000\040\000P\000a\000r\000a\000m\000e\000t\000e\000r\000\040\000C\000o\000n\000s\000i\000s\000t\000e\000n\000c\000y}{}% 50
\BOOKMARK [2][-]{subsection.6.1}{\376\377\000M\000a\000i\000n\000f\000r\000a\000m\000e\000\040\000\040\000P\000e\000r\000s\000o\000n\000a\000l\000\040\000C\000o\000m\000p\000u\000t\000e\000r\000\040\000\050\0001\0009\0007\0005\040\023\0002\0000\0000\0000\000\051}{section.6}% 51
\BOOKMARK [2][-]{subsection.6.2}{\376\377\000A\000R\000P\000A\000N\000E\000T\000\040\000\040\000C\000o\000m\000m\000e\000r\000c\000i\000a\000l\000\040\000I\000n\000t\000e\000r\000n\000e\000t\000\040\000\050\0001\0009\0006\0009\040\023\0002\0000\0000\0000\000\051}{section.6}% 52
\BOOKMARK [2][-]{subsection.6.3}{\376\377\000T\000h\000e\000\040\000E\000x\000p\000o\000r\000t\000-\000C\000o\000n\000t\000r\000o\000l\000\040\000N\000a\000t\000u\000r\000a\000l\000\040\000E\000x\000p\000e\000r\000i\000m\000e\000n\000t}{section.6}% 53
\BOOKMARK [2][-]{subsection.6.4}{\376\377\000C\000r\000o\000s\000s\000-\000D\000o\000m\000a\000i\000n\000\040\000P\000a\000r\000a\000m\000e\000t\000e\000r\000\040\000C\000o\000n\000s\000i\000s\000t\000e\000n\000c\000y}{section.6}% 54
\BOOKMARK [1][-]{section.7}{\376\377\000F\000a\000l\000s\000i\000f\000i\000a\000b\000l\000e\000\040\000P\000r\000e\000d\000i\000c\000t\000i\000o\000n\000s}{}% 55
\BOOKMARK [1][-]{section.8}{\376\377\000C\000o\000n\000c\000l\000u\000s\000i\000o\000n}{}% 56
\BOOKMARK [1][-]{appendix.A}{\376\377\000T\000w\000o\000-\000P\000e\000r\000i\000o\000d\000\040\000P\000e\000d\000a\000g\000o\000g\000i\000c\000a\000l\000\040\000M\000o\000d\000e\000l}{}% 57
\BOOKMARK [1][-]{appendix.B}{\376\377\000O\000v\000e\000r\000i\000n\000v\000e\000s\000t\000m\000e\000n\000t\000\040\000i\000n\000\040\000D\000o\000l\000l\000a\000r\000\040\000T\000e\000r\000m\000s}{}% 58
\BOOKMARK [1][-]{appendix.C}{\376\377\000S\000e\000m\000i\000-\000E\000n\000d\000o\000g\000e\000n\000o\000u\000s\000\040\000C\000o\000o\000r\000d\000i\000n\000a\000t\000i\000o\000n\000\040\000D\000y\000n\000a\000m\000i\000c\000s}{}% 59
\BOOKMARK [1][-]{appendix.D}{\376\377\000S\000t\000r\000u\000c\000t\000u\000r\000a\000l\000\040\000B\000r\000e\000a\000k\000s\000\040\000i\000n\000\040\000t\000h\000e\000\040\000D\000R\000A\000M\000\040\000D\000i\000e\000\040\000L\000e\000a\000r\000n\000i\000n\000g\000\040\000C\000u\000r\000v\000e}{}% 60
