\BOOKMARK [1][-]{section.1}{\376\377\000I\000n\000t\000r\000o\000d\000u\000c\000t\000i\000o\000n}{}% 1
\BOOKMARK [1][-]{section.2}{\376\377\000T\000h\000e\000\040\000S\000i\000x\000\040\000A\000x\000i\000o\000m\000s}{}% 2
\BOOKMARK [2][-]{subsection.2.1}{\376\377\000I\000n\000d\000e\000p\000e\000n\000d\000e\000n\000c\000e}{section.2}% 3
\BOOKMARK [2][-]{subsection.2.2}{\376\377\000C\000u\000m\000u\000l\000a\000t\000i\000v\000e\000\040\000s\000t\000r\000u\000c\000t\000u\000r\000e}{section.2}% 4
\BOOKMARK [1][-]{section.3}{\376\377\000T\000h\000e\000\040\000S\000t\000a\000t\000i\000c\000\040\000F\000o\000u\000n\000d\000a\000t\000i\000o\000n}{}% 5
\BOOKMARK [2][-]{subsection.3.1}{\376\377\000T\000h\000e\000\040\000C\000E\000S\000\040\000q\000u\000a\000d\000r\000u\000p\000l\000e\000\040\000r\000o\000l\000e}{section.3}% 6
\BOOKMARK [2][-]{subsection.3.2}{\376\377\000T\000h\000e\000\040\000f\000r\000e\000e\000\040\000e\000n\000e\000r\000g\000y}{section.3}% 7
\BOOKMARK [2][-]{subsection.3.3}{\376\377\000E\000f\000f\000e\000c\000t\000i\000v\000e\000\040\000c\000u\000r\000v\000a\000t\000u\000r\000e\000\040\000a\000n\000d\000\040\000c\000r\000i\000s\000i\000s\000\040\000s\000e\000q\000u\000e\000n\000c\000e}{section.3}% 8
\BOOKMARK [2][-]{subsection.3.4}{\376\377\000T\000h\000e\000\040\000L\000a\000f\000f\000e\000r\000\040\000c\000u\000r\000v\000e\000\040\000a\000s\000\040\000a\000\040\000f\000r\000e\000e\000\040\000e\000n\000e\000r\000g\000y\000\040\000r\000e\000s\000u\000l\000t}{section.3}% 9
\BOOKMARK [1][-]{section.4}{\376\377\000T\000h\000e\000\040\000M\000u\000l\000t\000i\000-\000L\000e\000v\000e\000l\000\040\000A\000r\000c\000h\000i\000t\000e\000c\000t\000u\000r\000e}{}% 10
\BOOKMARK [2][-]{subsection.4.1}{\376\377\000P\000o\000r\000t\000\040\000t\000o\000p\000o\000l\000o\000g\000y\000\040\000t\000h\000e\000o\000r\000e\000m}{section.4}% 11
\BOOKMARK [2][-]{subsection.4.2}{\376\377\000S\000p\000e\000c\000t\000r\000a\000l\000\040\000a\000c\000t\000i\000v\000a\000t\000i\000o\000n\000\040\000t\000h\000r\000e\000s\000h\000o\000l\000d}{section.4}% 12
\BOOKMARK [2][-]{subsection.4.3}{\376\377\000E\000i\000g\000e\000n\000s\000t\000r\000u\000c\000t\000u\000r\000e\000\040\000b\000r\000i\000d\000g\000e}{section.4}% 13
\BOOKMARK [2][-]{subsection.4.4}{\376\377\000D\000a\000m\000p\000i\000n\000g\000\040\000c\000a\000n\000c\000e\000l\000l\000a\000t\000i\000o\000n}{section.4}% 14
\BOOKMARK [2][-]{subsection.4.5}{\376\377\000H\000i\000e\000r\000a\000r\000c\000h\000i\000c\000a\000l\000\040\000c\000e\000i\000l\000i\000n\000g\000\040\000c\000a\000s\000c\000a\000d\000e}{section.4}% 15
\BOOKMARK [1][-]{section.5}{\376\377\000D\000y\000n\000a\000m\000i\000c\000s\000\040\000I\000:\000\040\000O\000n\000\040\000t\000h\000e\000\040\000F\000r\000e\000e\000\040\000E\000n\000e\000r\000g\000y\000\040\000L\000a\000n\000d\000s\000c\000a\000p\000e}{}% 16
\BOOKMARK [2][-]{subsection.5.1}{\376\377\000G\000r\000a\000d\000i\000e\000n\000t\000\040\000f\000l\000o\000w}{section.5}% 17
\BOOKMARK [2][-]{subsection.5.2}{\376\377\000F\000l\000u\000c\000t\000u\000a\000t\000i\000o\000n\000-\000d\000i\000s\000s\000i\000p\000a\000t\000i\000o\000n\000\040\000t\000h\000e\000o\000r\000e\000m}{section.5}% 18
\BOOKMARK [2][-]{subsection.5.3}{\376\377\000C\000r\000i\000t\000i\000c\000a\000l\000\040\000s\000l\000o\000w\000i\000n\000g\000\040\000d\000o\000w\000n}{section.5}% 19
\BOOKMARK [2][-]{subsection.5.4}{\376\377\000O\000n\000s\000a\000g\000e\000r\000\040\000r\000e\000c\000i\000p\000r\000o\000c\000a\000l\000\040\000r\000e\000l\000a\000t\000i\000o\000n\000s}{section.5}% 20
\BOOKMARK [2][-]{subsection.5.5}{\376\377\000K\000r\000a\000m\000e\000r\000s\000\040\000e\000s\000c\000a\000p\000e\000\040\000t\000h\000e\000o\000r\000y}{section.5}% 21
\BOOKMARK [2][-]{subsection.5.6}{\376\377\000J\000a\000r\000z\000y\000n\000s\000k\000i\000\040\000e\000q\000u\000a\000l\000i\000t\000y\000\040\000a\000n\000d\000\040\000p\000o\000l\000i\000c\000y\000\040\000c\000o\000s\000t\000s}{section.5}% 22
\BOOKMARK [2][-]{subsection.5.7}{\376\377\000R\000e\000n\000o\000r\000m\000a\000l\000i\000z\000a\000t\000i\000o\000n\000\040\000g\000r\000o\000u\000p}{section.5}% 23
\BOOKMARK [1][-]{section.6}{\376\377\000D\000y\000n\000a\000m\000i\000c\000s\000\040\000I\000I\000:\000\040\000B\000u\000s\000i\000n\000e\000s\000s\000\040\000C\000y\000c\000l\000e\000s}{}% 24
\BOOKMARK [2][-]{subsection.6.1}{\376\377\000P\000o\000r\000t\000-\000H\000a\000m\000i\000l\000t\000o\000n\000i\000a\000n\000\040\000d\000y\000n\000a\000m\000i\000c\000s}{section.6}% 25
\BOOKMARK [2][-]{subsection.6.2}{\376\377\000T\000h\000e\000\040\000-\000o\000r\000d\000e\000r\000i\000n\000g\000\040\000t\000h\000e\000o\000r\000e\000m}{section.6}% 26
\BOOKMARK [2][-]{subsection.6.3}{\376\377\000R\000e\000l\000a\000x\000a\000t\000i\000o\000n\000\040\000o\000s\000c\000i\000l\000l\000a\000t\000i\000o\000n\000s\000\040\000a\000n\000d\000\040\000a\000s\000y\000m\000m\000e\000t\000r\000y}{section.6}% 27
\BOOKMARK [2][-]{subsection.6.4}{\376\377\000T\000h\000e\000\040\000M\000i\000n\000s\000k\000y\000\040\000t\000r\000a\000p}{section.6}% 28
\BOOKMARK [2][-]{subsection.6.5}{\376\377\000T\000h\000e\000\040\000G\000r\000e\000a\000t\000\040\000M\000o\000d\000e\000r\000a\000t\000i\000o\000n}{section.6}% 29
\BOOKMARK [2][-]{subsection.6.6}{\376\377\000T\000h\000e\000\040\000c\000y\000c\000l\000e\000\040\000h\000i\000e\000r\000a\000r\000c\000h\000y}{section.6}% 30
\BOOKMARK [2][-]{subsection.6.7}{\376\377\000T\000h\000e\000\040\000P\000h\000i\000l\000l\000i\000p\000s\000\040\000c\000u\000r\000v\000e}{section.6}% 31
\BOOKMARK [1][-]{section.7}{\376\377\000D\000y\000n\000a\000m\000i\000c\000s\000\040\000I\000I\000I\000:\000\040\000T\000e\000c\000h\000n\000o\000l\000o\000g\000y\000\040\000C\000y\000c\000l\000e\000s\000\040\000a\000n\000d\000\040\000E\000n\000d\000o\000g\000e\000n\000o\000u\000s\000\040}{}% 32
\BOOKMARK [2][-]{subsection.7.1}{\376\377\000T\000h\000e\000\040\000o\000v\000e\000r\000i\000n\000v\000e\000s\000t\000m\000e\000n\000t\000\040\000t\000h\000e\000o\000r\000e\000m}{section.7}% 33
\BOOKMARK [2][-]{subsection.7.2}{\376\377\000T\000h\000e\000\040\000s\000e\000l\000f\000-\000u\000n\000d\000e\000r\000m\000i\000n\000i\000n\000g\000\040\000t\000h\000e\000o\000r\000e\000m}{section.7}% 34
\BOOKMARK [2][-]{subsection.7.3}{\376\377\000P\000e\000r\000e\000z\000\040\000p\000h\000a\000s\000e\000s\000\040\000a\000s\000\040\000b\000i\000f\000u\000r\000c\000a\000t\000i\000o\000n\000s}{section.7}% 35
\BOOKMARK [2][-]{subsection.7.4}{\376\377\000D\000u\000r\000a\000t\000i\000o\000n\000\040\000a\000n\000d\000\040\000c\000o\000m\000p\000r\000e\000s\000s\000i\000o\000n}{section.7}% 36
\BOOKMARK [2][-]{subsection.7.5}{\376\377\000E\000n\000d\000o\000g\000e\000n\000o\000u\000s\000\040\000:\000\040\000t\000h\000e\000\040\000f\000o\000u\000r\000\040\000c\000h\000a\000n\000n\000e\000l\000s}{section.7}% 37
\BOOKMARK [2][-]{subsection.7.6}{\376\377\000T\000h\000e\000\040\000l\000i\000m\000i\000t\000\040\000c\000y\000c\000l\000e}{section.7}% 38
\BOOKMARK [2][-]{subsection.7.7}{\376\377\000C\000l\000o\000s\000u\000r\000e}{section.7}% 39
\BOOKMARK [1][-]{section.8}{\376\377\000C\000o\000n\000s\000e\000r\000v\000a\000t\000i\000o\000n\000\040\000L\000a\000w\000s\000\040\000a\000n\000d\000\040\000T\000o\000p\000o\000l\000o\000g\000y}{}% 40
\BOOKMARK [2][-]{subsection.8.1}{\376\377\000E\000u\000l\000e\000r\000-\000e\000q\000u\000i\000l\000i\000b\000r\000i\000u\000m\000\040\000i\000d\000e\000n\000t\000i\000t\000y}{section.8}% 41
\BOOKMARK [2][-]{subsection.8.2}{\376\377\000P\000e\000r\000m\000u\000t\000a\000t\000i\000o\000n\000\040\000c\000o\000n\000s\000t\000r\000a\000i\000n\000t\000s\000\040\000o\000n\000\040\000c\000o\000v\000a\000r\000i\000a\000n\000c\000e}{section.8}% 42
\BOOKMARK [2][-]{subsection.8.3}{\376\377\000C\000r\000o\000o\000k\000s\000\040\000f\000l\000u\000c\000t\000u\000a\000t\000i\000o\000n\000\040\000t\000h\000e\000o\000r\000e\000m}{section.8}% 43
\BOOKMARK [2][-]{subsection.8.4}{\376\377\000T\000o\000p\000o\000l\000o\000g\000i\000c\000a\000l\000\040\000c\000r\000i\000s\000i\000s\000\040\000c\000o\000u\000n\000t}{section.8}% 44
\BOOKMARK [2][-]{subsection.8.5}{\376\377\000N\000e\000t\000w\000o\000r\000k\000\040\000C\000a\000s\000i\000m\000i\000r\000\040\000i\000n\000v\000a\000r\000i\000a\000n\000t\000s}{section.8}% 45
\BOOKMARK [1][-]{section.9}{\376\377\000T\000h\000e\000\040\000C\000o\000m\000p\000l\000e\000t\000e\000\040\000\050\000,\000\040\000T\000\051\000\040\000P\000h\000a\000s\000e\000\040\000D\000i\000a\000g\000r\000a\000m}{}% 46
\BOOKMARK [2][-]{subsection.9.1}{\376\377\000R\000e\000a\000d\000i\000n\000g\000\040\000t\000h\000e\000\040\000d\000i\000a\000g\000r\000a\000m}{section.9}% 47
\BOOKMARK [1][-]{section.10}{\376\377\000E\000m\000p\000i\000r\000i\000c\000a\000l\000\040\000E\000v\000i\000d\000e\000n\000c\000e}{}% 48
\BOOKMARK [2][-]{subsection.10.1}{\376\377\000D\000a\000m\000p\000i\000n\000g\000\040\000c\000a\000n\000c\000e\000l\000l\000a\000t\000i\000o\000n\000\040\000\050\0001\0005\0008\000-\000c\000o\000u\000n\000t\000r\000y\000\040\000p\000a\000n\000e\000l\000\051}{section.10}% 49
\BOOKMARK [2][-]{subsection.10.2}{\376\377\000C\000E\000S\000\040\000e\000m\000e\000r\000g\000e\000n\000c\000e\000\040\000f\000r\000o\000m\000\040\000i\000n\000d\000u\000s\000t\000r\000i\000a\000l\000\040\000p\000r\000o\000d\000u\000c\000t\000i\000o\000n}{section.10}% 50
\BOOKMARK [2][-]{subsection.10.3}{\376\377\000M\000o\000n\000e\000t\000a\000r\000y\000\040\000p\000o\000l\000i\000c\000y\000\040\000d\000e\000g\000r\000a\000d\000a\000t\000i\000o\000n\000\040\000s\000e\000q\000u\000e\000n\000c\000e}{section.10}% 51
\BOOKMARK [2][-]{subsection.10.4}{\376\377\000I\000n\000d\000i\000a\000\040\0002\0000\0002\0002\000\040\000d\000i\000s\000p\000l\000a\000c\000e\000m\000e\000n\000t\000\040\000e\000x\000p\000e\000r\000i\000m\000e\000n\000t}{section.10}% 52
\BOOKMARK [2][-]{subsection.10.5}{\376\377\000F\000i\000r\000m\000-\000l\000e\000v\000e\000l\000\040\000p\000r\000e\000d\000i\000c\000t\000i\000o\000n\000s\000\040\000f\000r\000o\000m\000\040\000C\000E\000S\000\040\000f\000r\000e\000e\000\040\000e\000n\000e\000r\000g\000y}{section.10}% 53
\BOOKMARK [1][-]{section.11}{\376\377\000U\000n\000i\000f\000i\000e\000d\000\040\000N\000o\000t\000a\000t\000i\000o\000n}{}% 54
\BOOKMARK [2][-]{subsection.11.1}{\376\377\000M\000a\000s\000t\000e\000r\000\040\000s\000y\000m\000b\000o\000l\000\040\000t\000a\000b\000l\000e}{section.11}% 55
\BOOKMARK [2][-]{subsection.11.2}{\376\377\000N\000o\000t\000a\000t\000i\000o\000n\000a\000l\000\040\000r\000e\000c\000o\000n\000c\000i\000l\000i\000a\000t\000i\000o\000n\000s}{section.11}% 56
\BOOKMARK [1][-]{section.12}{\376\377\000T\000h\000e\000o\000r\000y\040\023\000A\000p\000p\000l\000i\000c\000a\000t\000i\000o\000n\000\040\000C\000o\000n\000c\000o\000r\000d\000a\000n\000c\000e}{}% 57
\BOOKMARK [2][-]{subsection.12.1}{\376\377\000T\000h\000e\000\040\000c\000o\000m\000p\000l\000e\000t\000e\000\040\000n\000a\000r\000r\000a\000t\000i\000v\000e}{section.12}% 58
\BOOKMARK [1][-]{section.13}{\376\377\000P\000r\000e\000d\000i\000c\000t\000i\000o\000n\000\040\000I\000n\000v\000e\000n\000t\000o\000r\000y}{}% 59
\BOOKMARK [2][-]{subsection.13.1}{\376\377\000F\000i\000r\000m\000-\000l\000e\000v\000e\000l\000\040\000p\000r\000e\000d\000i\000c\000t\000i\000o\000n\000s}{section.13}% 60
\BOOKMARK [2][-]{subsection.13.2}{\376\377\000S\000e\000c\000t\000o\000r\000a\000l\000/\000m\000a\000c\000r\000o\000\040\000p\000r\000e\000d\000i\000c\000t\000i\000o\000n\000s}{section.13}% 61
\BOOKMARK [2][-]{subsection.13.3}{\376\377\000T\000e\000c\000h\000n\000o\000l\000o\000g\000y\000/\000l\000e\000a\000r\000n\000i\000n\000g\000\040\000p\000r\000e\000d\000i\000c\000t\000i\000o\000n\000s}{section.13}% 62
\BOOKMARK [2][-]{subsection.13.4}{\376\377\000C\000r\000o\000s\000s\000-\000c\000o\000u\000n\000t\000r\000y\000/\000i\000n\000s\000t\000i\000t\000u\000t\000i\000o\000n\000a\000l\000\040\000p\000r\000e\000d\000i\000c\000t\000i\000o\000n\000s}{section.13}% 63
\BOOKMARK [2][-]{subsection.13.5}{\376\377\000A\000l\000r\000e\000a\000d\000y\000-\000t\000e\000s\000t\000e\000d\000\040\000p\000r\000e\000d\000i\000c\000t\000i\000o\000n\000s}{section.13}% 64
\BOOKMARK [1][-]{section.14}{\376\377\000O\000p\000e\000n\000\040\000P\000r\000o\000b\000l\000e\000m\000s}{}% 65
\BOOKMARK [2][-]{subsection.14.1}{\376\377\000H\000e\000t\000e\000r\000o\000g\000e\000n\000e\000o\000u\000s\000\040\000a\000n\000d\000\040\000n\000e\000s\000t\000e\000d\000\040\000C\000E\000S}{section.14}% 66
\BOOKMARK [2][-]{subsection.14.2}{\376\377\000H\000e\000t\000e\000r\000o\000g\000e\000n\000e\000o\000u\000s\000\040\000T}{section.14}% 67
\BOOKMARK [2][-]{subsection.14.3}{\376\377\000E\000n\000d\000o\000g\000e\000n\000o\000u\000s\000\040\000t\000i\000m\000e\000s\000c\000a\000l\000e\000s}{section.14}% 68
\BOOKMARK [2][-]{subsection.14.4}{\376\377\000T\000i\000m\000e\000s\000c\000a\000l\000e\000\040\000c\000o\000l\000l\000a\000p\000s\000e}{section.14}% 69
\BOOKMARK [2][-]{subsection.14.5}{\376\377\000T\000s\000a\000l\000l\000i\000s\000\040\000e\000n\000t\000r\000o\000p\000y\000:\000\040\000r\000e\000s\000o\000l\000v\000e\000d}{section.14}% 70
\BOOKMARK [1][-]{section.15}{\376\377\000C\000o\000n\000c\000l\000u\000s\000i\000o\000n}{}% 71
