\BOOKMARK [1][-]{section.1}{\376\377\000I\000n\000t\000r\000o\000d\000u\000c\000t\000i\000o\000n}{}% 1
\BOOKMARK [1][-]{section.2}{\376\377\000T\000h\000e\000\040\000M\000o\000d\000e\000l}{}% 2
\BOOKMARK [2][-]{subsection.2.1}{\376\377\000S\000e\000c\000t\000o\000r\000a\000l\000\040\000C\000E\000S\000\040\000p\000r\000o\000d\000u\000c\000t\000i\000o\000n}{section.2}% 3
\BOOKMARK [2][-]{subsection.2.2}{\376\377\000I\000n\000f\000o\000r\000m\000a\000t\000i\000o\000n\000\040\000f\000r\000i\000c\000t\000i\000o\000n\000\040\000a\000n\000d\000\040\000f\000r\000e\000e\000\040\000e\000n\000e\000r\000g\000y}{section.2}% 4
\BOOKMARK [2][-]{subsection.2.3}{\376\377\000S\000e\000c\000t\000o\000r\000a\000l\000\040\000a\000d\000j\000u\000s\000t\000m\000e\000n\000t\000\040\000d\000y\000n\000a\000m\000i\000c\000s}{section.2}% 5
\BOOKMARK [1][-]{section.3}{\376\377\000T\000h\000e\000\040\000A\000n\000t\000i\000s\000y\000m\000m\000e\000t\000r\000i\000c\000\040\000C\000o\000u\000p\000l\000i\000n\000g}{}% 6
\BOOKMARK [2][-]{subsection.3.1}{\376\377\000I\000n\000p\000u\000t\000-\000o\000u\000t\000p\000u\000t\000\040\000d\000e\000c\000o\000m\000p\000o\000s\000i\000t\000i\000o\000n}{section.3}% 7
\BOOKMARK [2][-]{subsection.3.2}{\376\377\000E\000m\000p\000i\000r\000i\000c\000a\000l\000\040\000m\000a\000g\000n\000i\000t\000u\000d\000e\000\040\000o\000f\000\040\000a\000s\000y\000m\000m\000e\000t\000r\000y}{section.3}% 8
\BOOKMARK [2][-]{subsection.3.3}{\376\377\000T\000h\000e\000\040\000c\000i\000r\000c\000u\000l\000a\000n\000t\000\040\000s\000t\000r\000u\000c\000t\000u\000r\000e}{section.3}% 9
\BOOKMARK [1][-]{section.4}{\376\377\000E\000i\000g\000e\000n\000s\000t\000r\000u\000c\000t\000u\000r\000e\000\040\000a\000n\000d\000\040\000O\000s\000c\000i\000l\000l\000a\000t\000i\000o\000n\000\040\000M\000o\000d\000e\000s}{}% 10
\BOOKMARK [2][-]{subsection.4.1}{\376\377\000E\000i\000g\000e\000n\000v\000a\000l\000u\000e\000s\000\040\000o\000f\000\040\000t\000h\000e\000\040\000p\000o\000r\000t\000-\000H\000a\000m\000i\000l\000t\000o\000n\000i\000a\000n\000\040\000s\000y\000s\000t\000e\000m}{section.4}% 11
\BOOKMARK [2][-]{subsection.4.2}{\376\377\000P\000e\000r\000i\000o\000d\000\040\000f\000o\000r\000m\000u\000l\000a\000\040\000f\000o\000r\000\040\000a\000d\000j\000a\000c\000e\000n\000t\000-\000s\000e\000c\000t\000o\000r\000\040\000c\000o\000u\000p\000l\000i\000n\000g}{section.4}% 12
\BOOKMARK [1][-]{section.5}{\376\377\000T\000h\000e\000\040\000-\000O\000r\000d\000e\000r\000i\000n\000g\000\040\000T\000h\000e\000o\000r\000e\000m}{}% 13
\BOOKMARK [2][-]{subsection.5.1}{\376\377\000S\000e\000c\000t\000o\000r\000a\000l\000\040\000c\000r\000i\000s\000i\000s\000\040\000t\000h\000r\000e\000s\000h\000o\000l\000d\000s}{section.5}% 14
\BOOKMARK [2][-]{subsection.5.2}{\376\377\000E\000m\000p\000i\000r\000i\000c\000a\000l\000\040\000e\000v\000i\000d\000e\000n\000c\000e}{section.5}% 15
\BOOKMARK [2][-]{subsection.5.3}{\376\377\000T\000h\000e\000\040\000c\000r\000i\000s\000i\000s\000\040\000s\000e\000q\000u\000e\000n\000c\000e\000\040\000w\000i\000t\000h\000i\000n\000\040\000s\000e\000c\000t\000o\000r\000s}{section.5}% 16
\BOOKMARK [1][-]{section.6}{\376\377\000R\000e\000l\000a\000x\000a\000t\000i\000o\000n\000\040\000O\000s\000c\000i\000l\000l\000a\000t\000i\000o\000n\000s\000\040\000a\000n\000d\000\040\000A\000s\000y\000m\000m\000e\000t\000r\000y}{}% 17
\BOOKMARK [2][-]{subsection.6.1}{\376\377\000T\000h\000e\000\040\000s\000l\000o\000w\000-\000f\000a\000s\000t\000\040\000s\000t\000r\000u\000c\000t\000u\000r\000e}{section.6}% 18
\BOOKMARK [2][-]{subsection.6.2}{\376\377\000T\000h\000e\000\040\000f\000o\000l\000d\000\040\000a\000n\000d\000\040\000t\000h\000e\000\040\000c\000a\000n\000a\000r\000d}{section.6}% 19
\BOOKMARK [2][-]{subsection.6.3}{\376\377\000C\000a\000n\000a\000r\000d\000\040\000d\000y\000n\000a\000m\000i\000c\000s\000\040\000a\000n\000d\000\040\000d\000e\000l\000a\000y\000e\000d\000\040\000t\000r\000a\000n\000s\000i\000t\000i\000o\000n\000s}{section.6}% 20
\BOOKMARK [1][-]{section.7}{\376\377\000T\000h\000e\000\040\000M\000i\000n\000s\000k\000y\000\040\000T\000r\000a\000p}{}% 21
\BOOKMARK [2][-]{subsection.7.1}{\376\377\000M\000o\000n\000e\000t\000a\000r\000y\000\040\000p\000o\000l\000i\000c\000y\000\040\000a\000s\000\040\000T\000\040\000c\000o\000n\000t\000r\000o\000l}{section.7}% 22
\BOOKMARK [2][-]{subsection.7.2}{\376\377\000E\000n\000d\000o\000g\000e\000n\000o\000u\000s\000\040\000-\000s\000h\000i\000f\000t}{section.7}% 23
\BOOKMARK [2][-]{subsection.7.3}{\376\377\000A\000p\000p\000l\000i\000c\000a\000t\000i\000o\000n\000:\000\040\0002\0000\0000\0001\040\023\0002\0000\0000\0008}{section.7}% 24
\BOOKMARK [1][-]{section.8}{\376\377\000T\000h\000e\000\040\000G\000r\000e\000a\000t\000\040\000M\000o\000d\000e\000r\000a\000t\000i\000o\000n}{}% 25
\BOOKMARK [2][-]{subsection.8.1}{\376\377\000T\000h\000e\000\040\000m\000o\000d\000e\000r\000a\000t\000i\000o\000n\000\040\000a\000s\000\040\000a\000\040\000d\000a\000m\000p\000i\000n\000g\000\040\000r\000a\000t\000i\000o\000\040\000s\000h\000i\000f\000t}{section.8}% 26
\BOOKMARK [2][-]{subsection.8.2}{\376\377\000T\000h\000e\000\040\0002\0000\0000\0008\000\040\000c\000r\000i\000s\000i\000s\000\040\000a\000s\000\040\000p\000o\000s\000t\000-\000c\000r\000i\000t\000i\000c\000a\000l\000\040\000c\000a\000t\000a\000s\000t\000r\000o\000p\000h\000e}{section.8}% 27
\BOOKMARK [1][-]{section.9}{\376\377\000T\000h\000e\000\040\000H\000i\000e\000r\000a\000r\000c\000h\000y\000\040\000o\000f\000\040\000C\000y\000c\000l\000e\000\040\000F\000r\000e\000q\000u\000e\000n\000c\000i\000e\000s}{}% 28
\BOOKMARK [2][-]{subsection.9.1}{\376\377\000M\000u\000l\000t\000i\000p\000l\000e\000\040\000e\000i\000g\000e\000n\000f\000r\000e\000q\000u\000e\000n\000c\000i\000e\000s}{section.9}% 29
\BOOKMARK [2][-]{subsection.9.2}{\376\377\000C\000o\000r\000r\000e\000s\000p\000o\000n\000d\000e\000n\000c\000e\000\040\000t\000o\000\040\000c\000l\000a\000s\000s\000i\000c\000a\000l\000\040\000c\000y\000c\000l\000e\000s}{section.9}% 30
\BOOKMARK [2][-]{subsection.9.3}{\376\377\000M\000o\000d\000e\000\040\000i\000n\000t\000e\000r\000a\000c\000t\000i\000o\000n\000s\000\040\000a\000n\000d\000\040\000f\000r\000e\000q\000u\000e\000n\000c\000y\000\040\000l\000o\000c\000k\000i\000n\000g}{section.9}% 31
\BOOKMARK [1][-]{section.10}{\376\377\000T\000h\000e\000\040\000P\000h\000i\000l\000l\000i\000p\000s\000\040\000C\000u\000r\000v\000e\000\040\000a\000s\000\040\000a\000\040\000\050\000,\000\040\000T\000\051\000\040\000P\000h\000e\000n\000o\000m\000e\000n\000o\000n}{}% 32
\BOOKMARK [2][-]{subsection.10.1}{\376\377\000T\000h\000e\000\040\000C\000E\000S\000\040\000f\000r\000o\000n\000t\000i\000e\000r\000\040\000a\000n\000d\000\040\000t\000h\000e\000\040\000a\000l\000l\000o\000c\000a\000t\000i\000o\000n\000\040\000i\000n\000t\000e\000r\000i\000o\000r}{section.10}% 33
\BOOKMARK [2][-]{subsection.10.2}{\376\377\000I\000n\000f\000l\000a\000t\000i\000o\000n\000\040\000a\000s\000\040\000m\000i\000s\000a\000l\000l\000o\000c\000a\000t\000i\000o\000n\000\040\000c\000o\000s\000t}{section.10}% 34
\BOOKMARK [2][-]{subsection.10.3}{\376\377\000T\000h\000e\000\040\000f\000l\000a\000t\000t\000e\000n\000i\000n\000g\000\040\000P\000h\000i\000l\000l\000i\000p\000s\000\040\000c\000u\000r\000v\000e}{section.10}% 35
\BOOKMARK [1][-]{section.11}{\376\377\000T\000e\000s\000t\000a\000b\000l\000e\000\040\000P\000r\000e\000d\000i\000c\000t\000i\000o\000n\000s}{}% 36
\BOOKMARK [2][-]{subsection.11.1}{\376\377\000P\000r\000e\000d\000i\000c\000t\000i\000o\000n\000\040\0001\000:\000\040\000S\000e\000c\000t\000o\000r\000a\000l\000\040\000-\000o\000r\000d\000e\000r\000i\000n\000g}{section.11}% 37
\BOOKMARK [2][-]{subsection.11.2}{\376\377\000P\000r\000e\000d\000i\000c\000t\000i\000o\000n\000\040\0002\000:\000\040\000E\000x\000p\000a\000n\000s\000i\000o\000n\000-\000c\000o\000n\000t\000r\000a\000c\000t\000i\000o\000n\000\040\000a\000s\000y\000m\000m\000e\000t\000r\000y\000\040\000s\000c\000a\000l\000e\000s\000\040\000w\000i\000t\000h\000\040}{section.11}% 38
\BOOKMARK [2][-]{subsection.11.3}{\376\377\000P\000r\000e\000d\000i\000c\000t\000i\000o\000n\000\040\0003\000:\000\040\000P\000r\000e\000-\000c\000r\000i\000s\000i\000s\000\040\000T\000\040\000m\000e\000a\000s\000u\000r\000e\000m\000e\000n\000t}{section.11}% 39
\BOOKMARK [2][-]{subsection.11.4}{\376\377\000P\000r\000e\000d\000i\000c\000t\000i\000o\000n\000\040\0004\000:\000\040\000R\000e\000g\000u\000l\000a\000t\000i\000o\000n\000\040\000s\000u\000p\000p\000r\000e\000s\000s\000e\000s\000\040\000o\000s\000c\000i\000l\000l\000a\000t\000i\000o\000n\000\040\000a\000m\000p\000l\000i\000t\000u\000d\000e}{section.11}% 40
\BOOKMARK [2][-]{subsection.11.5}{\376\377\000P\000r\000e\000d\000i\000c\000t\000i\000o\000n\000\040\0005\000:\000\040\000C\000r\000i\000s\000i\000s\000\040\000s\000e\000v\000e\000r\000i\000t\000y\000\040\000c\000o\000r\000r\000e\000l\000a\000t\000e\000s\000\040\000w\000i\000t\000h\000\040\000-\000s\000h\000i\000f\000t}{section.11}% 41
\BOOKMARK [1][-]{section.12}{\376\377\000L\000i\000m\000i\000t\000\040\000C\000y\000c\000l\000e\000s\000\040\000a\000n\000d\000\040\000S\000e\000l\000f\000-\000S\000u\000s\000t\000a\000i\000n\000i\000n\000g\000\040\000O\000s\000c\000i\000l\000l\000a\000t\000i\000o\000n\000s}{}% 42
\BOOKMARK [2][-]{subsection.12.1}{\376\377\000C\000o\000n\000d\000i\000t\000i\000o\000n\000s\000\040\000f\000o\000r\000\040\000e\000n\000d\000o\000g\000e\000n\000o\000u\000s\000\040\000c\000y\000c\000l\000e\000s}{section.12}% 43
\BOOKMARK [1][-]{section.13}{\376\377\000C\000o\000n\000s\000e\000r\000v\000a\000t\000i\000o\000n\000\040\000o\000f\000\040\000C\000i\000r\000c\000u\000l\000a\000t\000i\000o\000n}{}% 44
\BOOKMARK [1][-]{section.14}{\376\377\000C\000o\000n\000c\000l\000u\000s\000i\000o\000n}{}% 45
