\BOOKMARK [1][-]{section.1}{\376\377\000I\000n\000t\000r\000o\000d\000u\000c\000t\000i\000o\000n}{}% 1
\BOOKMARK [1][-]{section.2}{\376\377\000T\000e\000r\000m\000i\000n\000a\000l\000\040\000C\000o\000n\000d\000i\000t\000i\000o\000n\000s\000\040\000f\000r\000o\000m\000\040\000t\000h\000e\000\040\000A\000I\000\040\000T\000r\000a\000n\000s\000i\000t\000i\000o\000n}{}% 2
\BOOKMARK [1][-]{section.3}{\376\377\000M\000a\000r\000k\000e\000t\000\040\000M\000i\000c\000r\000o\000s\000t\000r\000u\000c\000t\000u\000r\000e\000\040\000T\000r\000a\000n\000s\000i\000t\000i\000o\000n}{}% 3
\BOOKMARK [2][-]{subsection.3.1}{\376\377\000T\000h\000e\000\040\000G\000r\000o\000s\000s\000m\000a\000n\000-\000S\000t\000i\000g\000l\000i\000t\000z\000\040\000F\000r\000a\000m\000e\000w\000o\000r\000k\000\040\000w\000i\000t\000h\000\040\000M\000e\000s\000h\000\040\000A\000g\000e\000n\000t\000s}{section.3}% 4
\BOOKMARK [2][-]{subsection.3.2}{\376\377\000M\000a\000r\000k\000e\000t\000\040\000E\000f\000f\000i\000c\000i\000e\000n\000c\000y\000\040\000a\000s\000\040\000a\000\040\000F\000u\000n\000c\000t\000i\000o\000n\000\040\000o\000f\000\040}{section.3}% 5
\BOOKMARK [2][-]{subsection.3.3}{\376\377\000K\000y\000l\000e\000'\000s\000\040\000L\000a\000m\000b\000d\000a\000:\000\040\000N\000o\000n\000-\000M\000o\000n\000o\000t\000o\000n\000i\000c\000i\000t\000y\000\040\000i\000n\000\040}{section.3}% 6
\BOOKMARK [2][-]{subsection.3.4}{\376\377\000A\000l\000g\000o\000r\000i\000t\000h\000m\000i\000c\000\040\000C\000o\000l\000l\000u\000s\000i\000o\000n\000\040\000R\000i\000s\000k}{section.3}% 7
\BOOKMARK [1][-]{section.4}{\376\377\000M\000o\000n\000e\000t\000a\000r\000y\000\040\000P\000o\000l\000i\000c\000y\000\040\000E\000f\000f\000e\000c\000t\000i\000v\000e\000n\000e\000s\000s\000\040\000a\000s\000\040\000a\000\040\000F\000u\000n\000c\000t\000i\000o\000n\000\040\000o\000f\000\040}{}% 8
\BOOKMARK [2][-]{subsection.4.1}{\376\377\000F\000o\000r\000w\000a\000r\000d\000\040\000G\000u\000i\000d\000a\000n\000c\000e}{section.4}% 9
\BOOKMARK [2][-]{subsection.4.2}{\376\377\000Q\000u\000a\000n\000t\000i\000t\000a\000t\000i\000v\000e\000\040\000E\000a\000s\000i\000n\000g}{section.4}% 10
\BOOKMARK [2][-]{subsection.4.3}{\376\377\000F\000i\000n\000a\000n\000c\000i\000a\000l\000\040\000R\000e\000p\000r\000e\000s\000s\000i\000o\000n}{section.4}% 11
\BOOKMARK [2][-]{subsection.4.4}{\376\377\000C\000o\000m\000p\000o\000s\000i\000t\000e\000\040\000M\000o\000n\000e\000t\000a\000r\000y\000\040\000P\000o\000l\000i\000c\000y\000\040\000E\000f\000f\000e\000c\000t\000i\000v\000e\000n\000e\000s\000s}{section.4}% 12
\BOOKMARK [2][-]{subsection.4.5}{\376\377\000T\000h\000e\000\040\000B\000r\000u\000n\000n\000e\000r\000m\000e\000i\000e\000r\000-\000S\000a\000n\000n\000i\000k\000o\000v\000\040\000V\000o\000l\000a\000t\000i\000l\000i\000t\000y\000\040\000P\000a\000r\000a\000d\000o\000x}{section.4}% 13
\BOOKMARK [2][-]{subsection.4.6}{\376\377\000S\000u\000r\000v\000i\000v\000i\000n\000g\000\040\000M\000o\000n\000e\000t\000a\000r\000y\000\040\000P\000o\000l\000i\000c\000y\000\040\000T\000o\000o\000l\000s}{section.4}% 14
\BOOKMARK [2][-]{subsection.4.7}{\376\377\000E\000m\000p\000i\000r\000i\000c\000a\000l\000\040\000E\000v\000i\000d\000e\000n\000c\000e\000:\000\040\000D\000e\000g\000r\000a\000d\000a\000t\000i\000o\000n\000\040\000S\000e\000q\000u\000e\000n\000c\000e\000\040\000a\000t\000\040\0000}{section.4}% 15
\BOOKMARK [3][-]{subsubsection.4.7.1}{\376\377\000T\000e\000s\000t\000\040\000A\000:\000\040\000F\000o\000r\000w\000a\000r\000d\000\040\000G\000u\000i\000d\000a\000n\000c\000e\040\024\000F\000O\000M\000C\000\040\000I\000m\000p\000o\000r\000t\000a\000n\000c\000e\000\040\000R\000a\000t\000i\000o}{subsection.4.7}% 16
\BOOKMARK [3][-]{subsubsection.4.7.2}{\376\377\000T\000e\000s\000t\000\040\000A\000'\000:\000\040\000H\000i\000g\000h\000-\000F\000r\000e\000q\000u\000e\000n\000c\000y\000\040\000D\000e\000c\000o\000m\000p\000o\000s\000i\000t\000i\000o\000n\000\040\000\050\000U\000S\000M\000P\000D\000\051}{subsection.4.7}% 17
\BOOKMARK [3][-]{subsubsection.4.7.3}{\376\377\000T\000e\000s\000t\000\040\000B\000:\000\040\000Q\000E\000\040\000M\000u\000l\000t\000i\000p\000l\000i\000e\000r\000\040\000D\000e\000c\000a\000y}{subsection.4.7}% 18
\BOOKMARK [3][-]{subsubsection.4.7.4}{\376\377\000T\000e\000s\000t\000\040\000C\000:\000\040\000F\000i\000n\000a\000n\000c\000i\000a\000l\000\040\000R\000e\000p\000r\000e\000s\000s\000i\000o\000n\000\040\000S\000t\000a\000b\000i\000l\000i\000t\000y}{subsection.4.7}% 19
\BOOKMARK [3][-]{subsubsection.4.7.5}{\376\377\000S\000e\000q\000u\000e\000n\000c\000i\000n\000g\000\040\000A\000s\000s\000e\000s\000s\000m\000e\000n\000t}{subsection.4.7}% 20
\BOOKMARK [1][-]{section.5}{\376\377\000T\000h\000e\000\040\000D\000o\000l\000l\000a\000r\000i\000z\000a\000t\000i\000o\000n\000\040\000S\000p\000i\000r\000a\000l}{}% 21
\BOOKMARK [2][-]{subsection.5.1}{\376\377\000D\000o\000l\000l\000a\000r\000i\000z\000a\000t\000i\000o\000n\000\040\000C\000a\000p\000i\000t\000a\000l\000\040\000i\000n\000\040\000t\000h\000e\000\040\000S\000t\000a\000b\000l\000e\000c\000o\000i\000n\000\040\000E\000r\000a}{section.5}% 22
\BOOKMARK [2][-]{subsection.5.2}{\376\377\000M\000o\000d\000i\000f\000i\000e\000d\000\040\000B\000i\000f\000u\000r\000c\000a\000t\000i\000o\000n\000\040\000T\000h\000r\000e\000s\000h\000o\000l\000d\000s}{section.5}% 23
\BOOKMARK [2][-]{subsection.5.3}{\376\377\000T\000h\000e\000\040\000S\000e\000l\000f\000-\000R\000e\000i\000n\000f\000o\000r\000c\000i\000n\000g\000\040\000C\000h\000a\000n\000n\000e\000l}{section.5}% 24
\BOOKMARK [2][-]{subsection.5.4}{\376\377\000M\000a\000p\000p\000i\000n\000g\000\040\000t\000o\000\040\000t\000h\000e\000\040\000S\000i\000x\000-\000S\000t\000a\000g\000e\000\040\000C\000l\000a\000s\000s\000i\000f\000i\000c\000a\000t\000i\000o\000n}{section.5}% 25
\BOOKMARK [1][-]{section.6}{\376\377\000T\000h\000e\000\040\000C\000B\000D\000C\000/\000D\000i\000g\000i\000t\000a\000l\000\040\000D\000o\000l\000l\000a\000r\000\040\000S\000c\000e\000n\000a\000r\000i\000o}{}% 26
\BOOKMARK [2][-]{subsection.6.1}{\376\377\000T\000h\000e\000\040\000S\000u\000r\000v\000e\000i\000l\000l\000a\000n\000c\000e\000\040\000M\000o\000t\000i\000v\000e}{section.6}% 27
\BOOKMARK [2][-]{subsection.6.2}{\376\377\000T\000h\000e\000\040\000S\000e\000l\000f\000-\000U\000n\000d\000e\000r\000m\000i\000n\000i\000n\000g\000\040\000D\000y\000n\000a\000m\000i\000c\000\040\000a\000t\000\040\000L\000e\000v\000e\000l\000\040\0004}{section.6}% 28
\BOOKMARK [2][-]{subsection.6.3}{\376\377\000S\000e\000t\000t\000l\000e\000m\000e\000n\000t\000\040\000L\000a\000y\000e\000r\000\040\000B\000i\000f\000u\000r\000c\000a\000t\000i\000o\000n}{section.6}% 29
\BOOKMARK [2][-]{subsection.6.4}{\376\377\000T\000h\000e\000\040\000I\000n\000d\000i\000a\000\040\000N\000a\000t\000u\000r\000a\000l\000\040\000E\000x\000p\000e\000r\000i\000m\000e\000n\000t}{section.6}% 30
\BOOKMARK [2][-]{subsection.6.5}{\376\377\000B\000a\000n\000k\000\040\000D\000i\000s\000i\000n\000t\000e\000r\000m\000e\000d\000i\000a\000t\000i\000o\000n\000\040\000D\000y\000n\000a\000m\000i\000c\000s}{section.6}% 31
\BOOKMARK [2][-]{subsection.6.6}{\376\377\000G\000o\000v\000e\000r\000n\000m\000e\000n\000t\000\040\000R\000e\000s\000p\000o\000n\000s\000e\000\040\000T\000a\000x\000o\000n\000o\000m\000y}{section.6}% 32
\BOOKMARK [1][-]{section.7}{\376\377\000T\000h\000e\000\040\000T\000r\000i\000f\000f\000i\000n\000\040\000C\000o\000n\000t\000r\000a\000d\000i\000c\000t\000i\000o\000n}{}% 33
\BOOKMARK [2][-]{subsection.7.1}{\376\377\000T\000h\000e\000\040\000F\000a\000r\000h\000i\000-\000M\000a\000g\000g\000i\000o\000r\000i\000\040\000F\000r\000a\000m\000e\000w\000o\000r\000k}{section.7}% 34
\BOOKMARK [2][-]{subsection.7.2}{\376\377\000E\000n\000d\000o\000g\000e\000n\000o\000u\000s\000\040\000I\000n\000s\000t\000a\000b\000i\000l\000i\000t\000y\000\040\000B\000o\000u\000n\000d\000a\000r\000i\000e\000s}{section.7}% 35
\BOOKMARK [2][-]{subsection.7.3}{\376\377\000T\000r\000a\000n\000s\000f\000o\000r\000m\000a\000t\000i\000o\000n\000\040\000o\000f\000\040\000C\000r\000i\000s\000i\000s\000\040\000D\000y\000n\000a\000m\000i\000c\000s}{section.7}% 36
\BOOKMARK [2][-]{subsection.7.4}{\376\377\000T\000h\000e\000\040\000C\000o\000n\000t\000r\000a\000d\000i\000c\000t\000i\000o\000n\000\040\000F\000o\000r\000m\000a\000l\000i\000z\000e\000d}{section.7}% 37
\BOOKMARK [1][-]{section.8}{\376\377\000T\000h\000e\000\040\000C\000o\000u\000p\000l\000e\000d\000\040\000S\000y\000s\000t\000e\000m\040\024\000E\000q\000u\000i\000l\000i\000b\000r\000i\000u\000m\000\040\000C\000h\000a\000r\000a\000c\000t\000e\000r\000i\000z\000a\000t\000i\000o\000n}{}% 38
\BOOKMARK [2][-]{subsection.8.1}{\376\377\000S\000t\000a\000t\000e\000\040\000V\000a\000r\000i\000a\000b\000l\000e\000s}{section.8}% 39
\BOOKMARK [2][-]{subsection.8.2}{\376\377\000T\000h\000e\000\040\000C\000o\000u\000p\000l\000e\000d\000\040\000O\000D\000E\000\040\000S\000y\000s\000t\000e\000m}{section.8}% 40
\BOOKMARK [2][-]{subsection.8.3}{\376\377\000S\000t\000e\000a\000d\000y\000-\000S\000t\000a\000t\000e\000\040\000A\000n\000a\000l\000y\000s\000i\000s}{section.8}% 41
\BOOKMARK [2][-]{subsection.8.4}{\376\377\000T\000h\000e\000\040\000S\000e\000t\000t\000l\000e\000m\000e\000n\000t\000\040\000R\000e\000p\000r\000o\000d\000u\000c\000t\000i\000o\000n\000\040\000N\000u\000m\000b\000e\000r}{section.8}% 42
\BOOKMARK [2][-]{subsection.8.5}{\376\377\000T\000r\000a\000n\000s\000i\000t\000i\000o\000n\000\040\000D\000y\000n\000a\000m\000i\000c\000s}{section.8}% 43
\BOOKMARK [1][-]{section.9}{\376\377\000I\000m\000p\000l\000i\000c\000a\000t\000i\000o\000n\000s\000\040\000f\000o\000r\000\040\000S\000o\000v\000e\000r\000e\000i\000g\000n\000\040\000F\000i\000s\000c\000a\000l\000\040\000P\000o\000l\000i\000c\000y}{}% 44
\BOOKMARK [2][-]{subsection.9.1}{\376\377\000T\000h\000e\000\040\000S\000y\000n\000t\000h\000e\000t\000i\000c\000\040\000G\000o\000l\000d\000\040\000S\000t\000a\000n\000d\000a\000r\000d}{section.9}% 45
\BOOKMARK [2][-]{subsection.9.2}{\376\377\000H\000i\000s\000t\000o\000r\000i\000c\000a\000l\000\040\000A\000n\000a\000l\000o\000g\000y\000\040\000a\000n\000d\000\040\000D\000i\000s\000a\000n\000a\000l\000o\000g\000y}{section.9}% 46
\BOOKMARK [1][-]{section.10}{\376\377\000F\000r\000a\000m\000e\000w\000o\000r\000k\000s\000\040\000C\000o\000n\000s\000i\000d\000e\000r\000e\000d\000\040\000a\000n\000d\000\040\000R\000e\000j\000e\000c\000t\000e\000d}{}% 47
\BOOKMARK [1][-]{section.11}{\376\377\000F\000a\000l\000s\000i\000f\000i\000a\000b\000l\000e\000\040\000P\000r\000e\000d\000i\000c\000t\000i\000o\000n\000s}{}% 48
\BOOKMARK [1][-]{section.12}{\376\377\000C\000o\000n\000c\000l\000u\000s\000i\000o\000n}{}% 49
