\BOOKMARK [1][-]{section.1}{\376\377\000I\000n\000t\000r\000o\000d\000u\000c\000t\000i\000o\000n}{}% 1
\BOOKMARK [2][-]{subsection.1.1}{\376\377\000S\000u\000m\000m\000a\000r\000y\000\040\000o\000f\000\040\000R\000e\000s\000u\000l\000t\000s}{section.1}% 2
\BOOKMARK [2][-]{subsection.1.2}{\376\377\000R\000e\000l\000a\000t\000e\000d\000\040\000L\000i\000t\000e\000r\000a\000t\000u\000r\000e}{section.1}% 3
\BOOKMARK [1][-]{section.2}{\376\377\000T\000h\000e\000\040\000C\000E\000S\000\040\000G\000e\000n\000e\000r\000a\000t\000i\000n\000g\000\040\000F\000u\000n\000c\000t\000i\000o\000n}{}% 4
\BOOKMARK [2][-]{subsection.2.1}{\376\377\000D\000e\000f\000i\000n\000i\000t\000i\000o\000n\000\040\000a\000n\000d\000\040\000P\000r\000o\000p\000e\000r\000t\000i\000e\000s}{section.2}% 5
\BOOKMARK [2][-]{subsection.2.2}{\376\377\000T\000h\000e\000\040\000Q\000u\000a\000d\000r\000u\000p\000l\000e\000\040\000R\000o\000l\000e\000\040\000o\000f\000\040}{section.2}% 6
\BOOKMARK [2][-]{subsection.2.3}{\376\377\000M\000i\000c\000r\000o\000-\000F\000o\000u\000n\000d\000a\000t\000i\000o\000n\000s\000:\000\040\000W\000h\000y\000\040\000C\000E\000S\000\040\000I\000s\000\040\000F\000o\000r\000c\000e\000d}{section.2}% 7
\BOOKMARK [1][-]{section.3}{\376\377\000T\000h\000e\000\040\000E\000n\000t\000r\000o\000p\000y\000\040\000G\000e\000n\000e\000r\000a\000t\000i\000n\000g\000\040\000F\000u\000n\000c\000t\000i\000o\000n}{}% 8
\BOOKMARK [2][-]{subsection.3.1}{\376\377\000F\000r\000o\000m\000\040\000S\000h\000a\000n\000n\000o\000n\000\040\000t\000o\000\040\000T\000s\000a\000l\000l\000i\000s}{section.3}% 9
\BOOKMARK [2][-]{subsection.3.2}{\376\377\000M\000u\000t\000u\000a\000l\000\040\000I\000n\000f\000o\000r\000m\000a\000t\000i\000o\000n\000\040\000a\000n\000d\000\040\000t\000h\000e\000\040\000C\000o\000s\000t\000\040\000o\000f\000\040\000K\000n\000o\000w\000l\000e\000d\000g\000e}{section.3}% 10
\BOOKMARK [2][-]{subsection.3.3}{\376\377\000T\000h\000e\000\040\000I\000n\000f\000o\000r\000m\000a\000t\000i\000o\000n\000\040\000T\000e\000m\000p\000e\000r\000a\000t\000u\000r\000e}{section.3}% 11
\BOOKMARK [1][-]{section.4}{\376\377\000T\000h\000e\000\040\000F\000r\000e\000e\000\040\000E\000n\000e\000r\000g\000y\000\040\000C\000o\000n\000n\000e\000c\000t\000i\000o\000n}{}% 12
\BOOKMARK [2][-]{subsection.4.1}{\376\377\000T\000h\000e\000\040\000F\000r\000e\000e\000\040\000E\000n\000e\000r\000g\000y\000\040\000o\000f\000\040\000a\000n\000\040\000E\000c\000o\000n\000o\000m\000i\000c\000\040\000S\000y\000s\000t\000e\000m}{section.4}% 13
\BOOKMARK [2][-]{subsection.4.2}{\376\377\000T\000h\000e\000\040\000T\000w\000o\000\040\000L\000i\000m\000i\000t\000s}{section.4}% 14
\BOOKMARK [2][-]{subsection.4.3}{\376\377\000T\000h\000e\000\040\000C\000r\000i\000t\000i\000c\000a\000l\000\040\000T\000e\000m\000p\000e\000r\000a\000t\000u\000r\000e}{section.4}% 15
\BOOKMARK [2][-]{subsection.4.4}{\376\377\000U\000n\000i\000q\000u\000e\000n\000e\000s\000s\000\040\000o\000f\000\040\000t\000h\000e\000\040\000F\000r\000e\000e\000\040\000E\000n\000e\000r\000g\000y\000\040\000F\000r\000a\000m\000e\000w\000o\000r\000k}{section.4}% 16
\BOOKMARK [1][-]{section.5}{\376\377\000D\000e\000r\000i\000v\000a\000t\000i\000o\000n\000\040\000I\000:\000\040\000A\000k\000e\000r\000l\000o\000f\000'\000s\000\040\000M\000a\000r\000k\000e\000t\000\040\000f\000o\000r\000\040\000L\000e\000m\000o\000n\000s}{}% 17
\BOOKMARK [2][-]{subsection.5.1}{\376\377\000S\000e\000t\000u\000p}{section.5}% 18
\BOOKMARK [2][-]{subsection.5.2}{\376\377\000T\000\040\000=\000\040\0000\000:\000\040\000E\000f\000f\000i\000c\000i\000e\000n\000t\000\040\000A\000l\000l\000o\000c\000a\000t\000i\000o\000n}{section.5}% 19
\BOOKMARK [2][-]{subsection.5.3}{\376\377\000T\000\040\000:\000\040\000A\000k\000e\000r\000l\000o\000f\000\040\000U\000n\000r\000a\000v\000e\000l\000i\000n\000g}{section.5}% 20
\BOOKMARK [2][-]{subsection.5.4}{\376\377\000I\000n\000t\000e\000r\000m\000e\000d\000i\000a\000t\000e\000\040\000T\000:\000\040\000R\000a\000t\000i\000o\000n\000a\000l\000\040\000I\000n\000a\000t\000t\000e\000n\000t\000i\000o\000n}{section.5}% 21
\BOOKMARK [2][-]{subsection.5.5}{\376\377\000T\000h\000e\000\040\000-\000D\000e\000p\000e\000n\000d\000e\000n\000t\000\040\000R\000o\000b\000u\000s\000t\000n\000e\000s\000s\000\040\000R\000e\000s\000u\000l\000t}{section.5}% 22
\BOOKMARK [2][-]{subsection.5.6}{\376\377\000E\000m\000p\000i\000r\000i\000c\000a\000l\000\040\000I\000m\000p\000l\000i\000c\000a\000t\000i\000o\000n\000s}{section.5}% 23
\BOOKMARK [2][-]{subsection.5.7}{\376\377\000D\000y\000n\000a\000m\000i\000c\000\040\000E\000x\000t\000e\000n\000s\000i\000o\000n\000:\000\040\000E\000n\000d\000o\000g\000e\000n\000o\000u\000s\000\040\000I\000n\000f\000o\000r\000m\000a\000t\000i\000o\000n\000\040\000Q\000u\000a\000l\000i\000t\000y}{section.5}% 24
\BOOKMARK [1][-]{section.6}{\376\377\000D\000e\000r\000i\000v\000a\000t\000i\000o\000n\000\040\000I\000I\000:\000\040\000M\000y\000e\000r\000s\000o\000n\000'\000s\000\040\000O\000p\000t\000i\000m\000a\000l\000\040\000M\000e\000c\000h\000a\000n\000i\000s\000m}{}% 25
\BOOKMARK [2][-]{subsection.6.1}{\376\377\000S\000e\000t\000u\000p}{section.6}% 26
\BOOKMARK [2][-]{subsection.6.2}{\376\377\000T\000h\000e\000\040\000V\000i\000r\000t\000u\000a\000l\000\040\000V\000a\000l\000u\000a\000t\000i\000o\000n\000\040\000a\000s\000\040\000F\000r\000e\000e\000\040\000E\000n\000e\000r\000g\000y\000\040\000G\000r\000a\000d\000i\000e\000n\000t}{section.6}% 27
\BOOKMARK [2][-]{subsection.6.3}{\376\377\000T\000h\000e\000\040\000R\000e\000v\000e\000l\000a\000t\000i\000o\000n\000\040\000P\000r\000i\000n\000c\000i\000p\000l\000e\000\040\000a\000s\000\040\000T\000h\000e\000r\000m\000o\000d\000y\000n\000a\000m\000i\000c\000\040\000E\000q\000u\000i\000l\000i\000b\000r\000i\000u\000m}{section.6}% 28
\BOOKMARK [2][-]{subsection.6.4}{\376\377\000-\000D\000e\000p\000e\000n\000d\000e\000n\000t\000\040\000M\000e\000c\000h\000a\000n\000i\000s\000m\000\040\000S\000t\000r\000u\000c\000t\000u\000r\000e}{section.6}% 29
\BOOKMARK [2][-]{subsection.6.5}{\376\377\000E\000m\000p\000i\000r\000i\000c\000a\000l\000\040\000I\000m\000p\000l\000i\000c\000a\000t\000i\000o\000n\000s}{section.6}% 30
\BOOKMARK [1][-]{section.7}{\376\377\000D\000e\000r\000i\000v\000a\000t\000i\000o\000n\000\040\000I\000I\000I\000:\000\040\000A\000r\000r\000o\000w\000'\000s\000\040\000I\000m\000p\000o\000s\000s\000i\000b\000i\000l\000i\000t\000y\000\040\000T\000h\000e\000o\000r\000e\000m}{}% 31
\BOOKMARK [2][-]{subsection.7.1}{\376\377\000A\000r\000r\000o\000w\000'\000s\000\040\000C\000o\000n\000d\000i\000t\000i\000o\000n\000s}{section.7}% 32
\BOOKMARK [2][-]{subsection.7.2}{\376\377\000C\000E\000S\000\040\000S\000o\000c\000i\000a\000l\000\040\000W\000e\000l\000f\000a\000r\000e\000\040\000a\000t\000\040\000T\000\040\000=\000\040\0000}{section.7}% 33
\BOOKMARK [2][-]{subsection.7.3}{\376\377\000T\000\040\000>\000\040\0000\000:\000\040\000T\000h\000e\000\040\000P\000h\000a\000s\000e\000\040\000T\000r\000a\000n\000s\000i\000t\000i\000o\000n}{section.7}% 34
\BOOKMARK [2][-]{subsection.7.4}{\376\377\000-\000D\000e\000p\000e\000n\000d\000e\000n\000t\000\040\000D\000e\000m\000o\000c\000r\000a\000t\000i\000c\000\040\000R\000o\000b\000u\000s\000t\000n\000e\000s\000s}{section.7}% 35
\BOOKMARK [2][-]{subsection.7.5}{\376\377\000E\000m\000p\000i\000r\000i\000c\000a\000l\000\040\000I\000m\000p\000l\000i\000c\000a\000t\000i\000o\000n\000s}{section.7}% 36
\BOOKMARK [2][-]{subsection.7.6}{\376\377\000C\000o\000n\000n\000e\000c\000t\000i\000o\000n\000\040\000t\000o\000\040\000t\000h\000e\000\040\000C\000o\000n\000d\000o\000r\000c\000e\000t\000\040\000J\000u\000r\000y\000\040\000T\000h\000e\000o\000r\000e\000m}{section.7}% 37
\BOOKMARK [1][-]{section.8}{\376\377\000D\000e\000r\000i\000v\000a\000t\000i\000o\000n\000\040\000I\000V\000:\000\040\000S\000e\000a\000r\000c\000h\000\040\000a\000n\000d\000\040\000M\000a\000t\000c\000h\000i\000n\000g}{}% 38
\BOOKMARK [2][-]{subsection.8.1}{\376\377\000S\000e\000t\000u\000p}{section.8}% 39
\BOOKMARK [2][-]{subsection.8.2}{\376\377\000T\000\040\000=\000\040\0000\000:\000\040\000F\000r\000i\000c\000t\000i\000o\000n\000l\000e\000s\000s\000\040\000A\000s\000s\000i\000g\000n\000m\000e\000n\000t}{section.8}% 40
\BOOKMARK [2][-]{subsection.8.3}{\376\377\000T\000\040\000>\000\040\0000\000:\000\040\000C\000o\000s\000t\000l\000y\000\040\000S\000e\000a\000r\000c\000h\000\040\000a\000s\000\040\000E\000n\000t\000r\000o\000p\000y\000\040\000R\000e\000d\000u\000c\000t\000i\000o\000n}{section.8}% 41
\BOOKMARK [2][-]{subsection.8.4}{\376\377\000T\000h\000e\000\040\000-\000D\000e\000p\000e\000n\000d\000e\000n\000t\000\040\000S\000e\000a\000r\000c\000h\000\040\000D\000u\000r\000a\000t\000i\000o\000n}{section.8}% 42
\BOOKMARK [2][-]{subsection.8.5}{\376\377\000T\000h\000e\000\040\000B\000e\000v\000e\000r\000i\000d\000g\000e\000\040\000C\000u\000r\000v\000e\000\040\000a\000s\000\040\000F\000r\000e\000e\000\040\000E\000n\000e\000r\000g\000y\000\040\000S\000u\000r\000f\000a\000c\000e}{section.8}% 43
\BOOKMARK [2][-]{subsection.8.6}{\376\377\000E\000m\000p\000i\000r\000i\000c\000a\000l\000\040\000I\000m\000p\000l\000i\000c\000a\000t\000i\000o\000n\000s}{section.8}% 44
\BOOKMARK [1][-]{section.9}{\376\377\000D\000e\000r\000i\000v\000a\000t\000i\000o\000n\000\040\000V\000:\000\040\000C\000o\000n\000t\000r\000a\000c\000t\000\040\000T\000h\000e\000o\000r\000y}{}% 45
\BOOKMARK [2][-]{subsection.9.1}{\376\377\000S\000e\000t\000u\000p}{section.9}% 46
\BOOKMARK [2][-]{subsection.9.2}{\376\377\000T\000\040\000=\000\040\0000\000:\000\040\000C\000o\000m\000p\000l\000e\000t\000e\000\040\000C\000o\000n\000t\000r\000a\000c\000t\000s}{section.9}% 47
\BOOKMARK [2][-]{subsection.9.3}{\376\377\000T\000\040\000>\000\040\0000\000:\000\040\000C\000o\000n\000t\000r\000a\000c\000t\000u\000a\000l\000\040\000I\000n\000c\000o\000m\000p\000l\000e\000t\000e\000n\000e\000s\000s\000\040\000a\000s\000\040\000I\000n\000f\000o\000r\000m\000a\000t\000i\000o\000n\000\040\000F\000r\000i\000c\000t\000i\000o\000n}{section.9}% 48
\BOOKMARK [2][-]{subsection.9.4}{\376\377\000T\000h\000e\000\040\000H\000o\000l\000d\000-\000U\000p\000\040\000P\000r\000o\000b\000l\000e\000m}{section.9}% 49
\BOOKMARK [2][-]{subsection.9.5}{\376\377\000T\000h\000e\000\040\000I\000n\000t\000e\000g\000r\000a\000t\000i\000o\000n\000\040\000B\000o\000u\000n\000d\000a\000r\000y}{section.9}% 50
\BOOKMARK [2][-]{subsection.9.6}{\376\377\000E\000m\000p\000i\000r\000i\000c\000a\000l\000\040\000I\000m\000p\000l\000i\000c\000a\000t\000i\000o\000n\000s}{section.9}% 51
\BOOKMARK [1][-]{section.10}{\376\377\000D\000e\000r\000i\000v\000a\000t\000i\000o\000n\000\040\000V\000I\000:\000\040\000B\000e\000h\000a\000v\000i\000o\000r\000a\000l\000\040\000E\000c\000o\000n\000o\000m\000i\000c\000s}{}% 52
\BOOKMARK [2][-]{subsection.10.1}{\376\377\000S\000e\000t\000u\000p\000:\000\040\000R\000a\000t\000i\000o\000n\000a\000l\000\040\000I\000n\000a\000t\000t\000e\000n\000t\000i\000o\000n\000\040\000a\000n\000d\000\040\000t\000h\000e\000\040\000L\000o\000g\000i\000t\000-\000C\000E\000S\000\040\000D\000u\000a\000l\000i\000t\000y}{section.10}% 53
\BOOKMARK [2][-]{subsection.10.2}{\376\377\000T\000\040\000=\000\040\0000\000:\000\040\000S\000t\000a\000n\000d\000a\000r\000d\000\040\000E\000x\000p\000e\000c\000t\000e\000d\000\040\000U\000t\000i\000l\000i\000t\000y}{section.10}% 54
\BOOKMARK [2][-]{subsection.10.3}{\376\377\000T\000\040\000>\000\040\0000\000:\000\040\000T\000h\000e\000\040\000B\000e\000h\000a\000v\000i\000o\000r\000a\000l\000\040\000C\000a\000t\000a\000l\000o\000g}{section.10}% 55
\BOOKMARK [2][-]{subsection.10.4}{\376\377\000T\000h\000e\000\040\000R\000a\000b\000i\000n\000\040\000C\000a\000l\000i\000b\000r\000a\000t\000i\000o\000n\000\040\000R\000e\000s\000o\000l\000u\000t\000i\000o\000n}{section.10}% 56
\BOOKMARK [2][-]{subsection.10.5}{\376\377\000E\000m\000p\000i\000r\000i\000c\000a\000l\000\040\000I\000m\000p\000l\000i\000c\000a\000t\000i\000o\000n\000s}{section.10}% 57
\BOOKMARK [1][-]{section.11}{\376\377\000E\000m\000p\000i\000r\000i\000c\000a\000l\000\040\000T\000e\000s\000t\000:\000\040\000B\000a\000n\000k\000i\000n\000g\000\040\000R\000e\000g\000u\000l\000a\000t\000i\000o\000n\000\040\000a\000n\000d\000\040\000t\000h\000e\000\040\000G\000l\000o\000b\000a\000l\000\040\000F\000i\000n\000a\000n\000c\000i\000a\000l\000\040\000C\000r\000i\000s\000i\000s}{}% 58
\BOOKMARK [2][-]{subsection.11.1}{\376\377\000T\000h\000e\000\040\000B\000C\000L\000\040\000P\000u\000z\000z\000l\000e}{section.11}% 59
\BOOKMARK [2][-]{subsection.11.2}{\376\377\000D\000a\000t\000a\000\040\000a\000n\000d\000\040\000I\000d\000e\000n\000t\000i\000f\000i\000c\000a\000t\000i\000o\000n}{section.11}% 60
\BOOKMARK [2][-]{subsection.11.3}{\376\377\000R\000e\000s\000u\000l\000t\000s}{section.11}% 61
\BOOKMARK [2][-]{subsection.11.4}{\376\377\000P\000l\000a\000c\000e\000b\000o\000\040\000T\000e\000s\000t\000s}{section.11}% 62
\BOOKMARK [2][-]{subsection.11.5}{\376\377\000I\000n\000t\000e\000r\000p\000r\000e\000t\000a\000t\000i\000o\000n}{section.11}% 63
\BOOKMARK [2][-]{subsection.11.6}{\376\377\000C\000o\000m\000p\000a\000n\000i\000o\000n\000\040\000T\000e\000s\000t\000:\000\040\000F\000i\000n\000a\000n\000c\000i\000a\000l\000\040\000D\000e\000v\000e\000l\000o\000p\000m\000e\000n\000t\000\040\000P\000a\000n\000e\000l}{section.11}% 64
\BOOKMARK [2][-]{subsection.11.7}{\376\377\000C\000o\000m\000p\000a\000n\000i\000o\000n\000\040\000T\000e\000s\000t\000:\000\040\000P\000r\000i\000c\000e\000\040\000o\000f\000\040\000I\000n\000c\000e\000n\000t\000i\000v\000e\000\040\000C\000o\000m\000p\000a\000t\000i\000b\000i\000l\000i\000t\000y\000\040\000i\000n\000\040\000P\000r\000o\000c\000u\000r\000e\000m\000e\000n\000t}{section.11}% 65
\BOOKMARK [1][-]{section.12}{\376\377\000T\000h\000e\000\040\000A\000r\000c\000h\000i\000t\000e\000c\000t\000u\000r\000e}{}% 66
\BOOKMARK [2][-]{subsection.12.1}{\376\377\000W\000h\000a\000t\000\040\000I\000s\000\040\000U\000n\000i\000f\000i\000e\000d}{section.12}% 67
\BOOKMARK [2][-]{subsection.12.2}{\376\377\000W\000h\000a\000t\000\040\000D\000e\000t\000e\000r\000m\000i\000n\000e\000s\000\040\000W\000h\000a\000t}{section.12}% 68
\BOOKMARK [2][-]{subsection.12.3}{\376\377\000W\000h\000a\000t\000\040\000R\000e\000m\000a\000i\000n\000s\000\040\000S\000e\000p\000a\000r\000a\000t\000e}{section.12}% 69
\BOOKMARK [1][-]{section.13}{\376\377\000D\000i\000s\000c\000u\000s\000s\000i\000o\000n}{}% 70
\BOOKMARK [2][-]{subsection.13.1}{\376\377\000W\000h\000y\000\040\000W\000a\000s\000n\000'\000t\000\040\000T\000h\000i\000s\000\040\000S\000e\000e\000n\000\040\000B\000e\000f\000o\000r\000e\000?}{section.13}% 71
\BOOKMARK [2][-]{subsection.13.2}{\376\377\000T\000e\000s\000t\000a\000b\000i\000l\000i\000t\000y}{section.13}% 72
\BOOKMARK [2][-]{subsection.13.3}{\376\377\000I\000m\000p\000l\000i\000c\000a\000t\000i\000o\000n\000s\000\040\000f\000o\000r\000\040\000E\000c\000o\000n\000o\000m\000i\000c\000\040\000M\000e\000t\000h\000o\000d\000o\000l\000o\000g\000y}{section.13}% 73
\BOOKMARK [1][-]{section.14}{\376\377\000C\000o\000n\000c\000l\000u\000s\000i\000o\000n}{}% 74
