\BOOKMARK [1][-]{section.1}{\376\377\000I\000n\000t\000r\000o\000d\000u\000c\000t\000i\000o\000n}{}% 1
\BOOKMARK [1][-]{section.2}{\376\377\000S\000e\000t\000u\000p}{}% 2
\BOOKMARK [2][-]{subsection.2.1}{\376\377\000T\000h\000e\000\040\000C\000E\000S\000\040\000A\000g\000g\000r\000e\000g\000a\000t\000e}{section.2}% 3
\BOOKMARK [2][-]{subsection.2.2}{\376\377\000T\000h\000e\000\040\000H\000i\000e\000r\000a\000r\000c\000h\000i\000c\000a\000l\000\040\000E\000c\000o\000n\000o\000m\000y}{section.2}% 4
\BOOKMARK [2][-]{subsection.2.3}{\376\377\000T\000h\000e\000\040\000C\000E\000S\000\040\000P\000o\000t\000e\000n\000t\000i\000a\000l}{section.2}% 5
\BOOKMARK [1][-]{section.3}{\376\377\000T\000h\000e\000\040\000S\000i\000x\000\040\000A\000x\000i\000o\000m\000s}{}% 6
\BOOKMARK [2][-]{subsection.3.1}{\376\377\000I\000n\000d\000e\000p\000e\000n\000d\000e\000n\000c\000e\000\040\000a\000n\000d\000\040\000C\000u\000m\000u\000l\000a\000t\000i\000v\000e\000\040\000S\000t\000r\000u\000c\000t\000u\000r\000e}{section.3}% 7
\BOOKMARK [1][-]{section.4}{\376\377\000T\000h\000e\000\040\000P\000o\000r\000t\000\040\000T\000o\000p\000o\000l\000o\000g\000y\000\040\000T\000h\000e\000o\000r\000e\000m}{}% 8
\BOOKMARK [1][-]{section.5}{\376\377\000T\000h\000e\000\040\000M\000o\000d\000u\000l\000i\000\040\000S\000p\000a\000c\000e\000\040\000a\000n\000d\000\040\000E\000n\000d\000o\000g\000e\000n\000o\000u\000s\000\040\000H\000i\000e\000r\000a\000r\000c\000h\000y\000\040\000D\000e\000p\000t\000h}{}% 9
\BOOKMARK [2][-]{subsection.5.1}{\376\377\000T\000h\000e\000\040\000M\000o\000d\000u\000l\000i\000\040\000S\000p\000a\000c\000e\000\040\000T\000h\000e\000o\000r\000e\000m}{section.5}% 10
\BOOKMARK [2][-]{subsection.5.2}{\376\377\000E\000n\000d\000o\000g\000e\000n\000o\000u\000s\000\040\000H\000i\000e\000r\000a\000r\000c\000h\000y\000\040\000D\000e\000p\000t\000h}{section.5}% 11
\BOOKMARK [1][-]{section.6}{\376\377\000T\000h\000e\000\040\000S\000e\000c\000u\000l\000a\000r\000\040\000E\000q\000u\000a\000t\000i\000o\000n\000\040\000a\000n\000d\000\040\000t\000h\000e\000\040\000V\000a\000l\000u\000e\000\040\000o\000f\000\040\000D\000i\000v\000e\000r\000s\000i\000t\000y}{}% 12
\BOOKMARK [1][-]{section.7}{\376\377\000T\000h\000e\000\040\000R\000e\000d\000u\000c\000e\000d\000\040\000S\000y\000s\000t\000e\000m\000\040\000a\000n\000d\000\040\000A\000c\000t\000i\000v\000a\000t\000i\000o\000n\000\040\000T\000h\000r\000e\000s\000h\000o\000l\000d}{}% 13
\BOOKMARK [2][-]{subsection.7.1}{\376\377\000R\000e\000d\000u\000c\000t\000i\000o\000n\000\040\000t\000o\000\040\000N\000\040\000D\000i\000m\000e\000n\000s\000i\000o\000n\000s}{section.7}% 14
\BOOKMARK [2][-]{subsection.7.2}{\376\377\000T\000h\000e\000\040\000N\000e\000x\000t\000-\000G\000e\000n\000e\000r\000a\000t\000i\000o\000n\000\040\000M\000a\000t\000r\000i\000x}{section.7}% 15
\BOOKMARK [2][-]{subsection.7.3}{\376\377\000C\000h\000a\000r\000a\000c\000t\000e\000r\000i\000s\000t\000i\000c\000\040\000P\000o\000l\000y\000n\000o\000m\000i\000a\000l}{section.7}% 16
\BOOKMARK [2][-]{subsection.7.4}{\376\377\000T\000h\000e\000\040\000S\000p\000e\000c\000t\000r\000a\000l\000\040\000T\000h\000r\000e\000s\000h\000o\000l\000d}{section.7}% 17
\BOOKMARK [1][-]{section.8}{\376\377\000T\000h\000e\000\040\000F\000o\000u\000r\000\040\000E\000c\000o\000n\000o\000m\000i\000c\000\040\000L\000e\000v\000e\000l\000s}{}% 18
\BOOKMARK [2][-]{subsection.8.1}{\376\377\000H\000a\000r\000d\000w\000a\000r\000e\000\040\000\050\000L\000e\000v\000e\000l\000\040\0001\000,\000\040\000S\000l\000o\000w\000e\000s\000t\040\024\000D\000e\000c\000a\000d\000e\000s\000\051}{section.8}% 19
\BOOKMARK [2][-]{subsection.8.2}{\376\377\000N\000e\000t\000w\000o\000r\000k\000\040\000\050\000L\000e\000v\000e\000l\000\040\0002\040\024\000Y\000e\000a\000r\000s\000\051}{section.8}% 20
\BOOKMARK [2][-]{subsection.8.3}{\376\377\000C\000a\000p\000a\000b\000i\000l\000i\000t\000y\000\040\000\050\000L\000e\000v\000e\000l\000\040\0003\040\024\000M\000o\000n\000t\000h\000s\000\051}{section.8}% 21
\BOOKMARK [2][-]{subsection.8.4}{\376\377\000S\000e\000t\000t\000l\000e\000m\000e\000n\000t\000\040\000\050\000L\000e\000v\000e\000l\000\040\0004\000,\000\040\000F\000a\000s\000t\000e\000s\000t\040\024\000D\000a\000y\000s\000\051}{section.8}% 22
\BOOKMARK [1][-]{section.9}{\376\377\000T\000h\000e\000\040\000E\000i\000g\000e\000n\000s\000t\000r\000u\000c\000t\000u\000r\000e\000\040\000B\000r\000i\000d\000g\000e\000\040\000a\000n\000d\000\040\000W\000e\000l\000f\000a\000r\000e\000\040\000D\000e\000c\000o\000m\000p\000o\000s\000i\000t\000i\000o\000n}{}% 23
\BOOKMARK [2][-]{subsection.9.1}{\376\377\000T\000h\000e\000\040\000N\000o\000n\000-\000G\000r\000a\000d\000i\000e\000n\000t\000\040\000O\000b\000s\000t\000r\000u\000c\000t\000i\000o\000n}{section.9}% 24
\BOOKMARK [2][-]{subsection.9.2}{\376\377\000T\000h\000e\000\040\000S\000t\000o\000r\000a\000g\000e\000\040\000F\000u\000n\000c\000t\000i\000o\000n}{section.9}% 25
\BOOKMARK [2][-]{subsection.9.3}{\376\377\000T\000h\000e\000\040\000B\000r\000i\000d\000g\000e\000\040\000E\000q\000u\000a\000t\000i\000o\000n}{section.9}% 26
\BOOKMARK [2][-]{subsection.9.4}{\376\377\000W\000e\000l\000f\000a\000r\000e\000\040\000L\000o\000s\000s\000\040\000D\000e\000c\000o\000m\000p\000o\000s\000i\000t\000i\000o\000n}{section.9}% 27
\BOOKMARK [2][-]{subsection.9.5}{\376\377\000T\000h\000e\000\040\000L\000o\000g\000i\000s\000t\000i\000c\000\040\000F\000r\000a\000g\000i\000l\000i\000t\000y\000\040\000C\000o\000n\000d\000i\000t\000i\000o\000n}{section.9}% 28
\BOOKMARK [1][-]{section.10}{\376\377\000T\000h\000e\000\040\000D\000a\000m\000p\000i\000n\000g\000\040\000C\000a\000n\000c\000e\000l\000l\000a\000t\000i\000o\000n\000\040\000a\000n\000d\000\040\000P\000o\000l\000i\000c\000y}{}% 29
\BOOKMARK [2][-]{subsection.10.1}{\376\377\000T\000h\000e\000\040\000D\000a\000m\000p\000i\000n\000g\000-\000S\000p\000e\000e\000d\000\040\000T\000r\000a\000d\000e\000o\000f\000f}{section.10}% 30
\BOOKMARK [2][-]{subsection.10.2}{\376\377\000T\000h\000e\000\040\000U\000p\000s\000t\000r\000e\000a\000m\000\040\000R\000e\000f\000o\000r\000m\000\040\000P\000r\000i\000n\000c\000i\000p\000l\000e}{section.10}% 31
\BOOKMARK [2][-]{subsection.10.3}{\376\377\000T\000h\000e\000\040\000G\000l\000o\000b\000a\000l\000\040\000W\000e\000l\000f\000a\000r\000e\000\040\000O\000r\000d\000e\000r\000i\000n\000g}{section.10}% 32
\BOOKMARK [2][-]{subsection.10.4}{\376\377\000T\000h\000e\000\040\000R\000i\000g\000i\000d\000i\000t\000y\000\040\000O\000r\000d\000e\000r\000i\000n\000g}{section.10}% 33
\BOOKMARK [1][-]{section.11}{\376\377\000T\000r\000a\000n\000s\000i\000t\000i\000o\000n\000\040\000D\000y\000n\000a\000m\000i\000c\000s\000:\000\040\000T\000h\000e\000\040\000D\000e\000l\000a\000y\000e\000d\000\040\000T\000r\000a\000n\000s\000i\000t\000i\000o\000n\000\040\000a\000n\000d\000\040\000t\000h\000e\000\040\0008\000-\000Y\000e\000a\000r\000\040\000W\000i\000n\000d\000o\000w}{}% 34
\BOOKMARK [2][-]{subsection.11.1}{\376\377\000T\000h\000e\000\040\000H\000i\000e\000r\000a\000r\000c\000h\000i\000c\000a\000l\000\040\000C\000e\000i\000l\000i\000n\000g\000\040\000C\000a\000s\000c\000a\000d\000e}{section.11}% 35
\BOOKMARK [2][-]{subsection.11.2}{\376\377\000T\000h\000e\000\040\000T\000r\000a\000n\000s\000i\000t\000i\000o\000n\000\040\000D\000u\000r\000a\000t\000i\000o\000n}{section.11}% 36
\BOOKMARK [2][-]{subsection.11.3}{\376\377\000D\000i\000s\000p\000e\000r\000s\000i\000o\000n\000\040\000a\000s\000\040\000L\000e\000a\000d\000i\000n\000g\000\040\000I\000n\000d\000i\000c\000a\000t\000o\000r}{section.11}% 37
\BOOKMARK [2][-]{subsection.11.4}{\376\377\000E\000m\000p\000i\000r\000i\000c\000a\000l\000\040\000P\000r\000e\000d\000i\000c\000t\000i\000o\000n\000s\000\040\000f\000r\000o\000m\000\040\000t\000h\000e\000\040\000A\000r\000c\000h\000i\000t\000e\000c\000t\000u\000r\000e}{section.11}% 38
\BOOKMARK [2][-]{subsection.11.5}{\376\377\000S\000t\000r\000u\000c\000t\000u\000r\000a\000l\000\040\000E\000s\000t\000i\000m\000a\000t\000i\000o\000n\000\040\000o\000f\000\040\000t\000h\000e\000\040\000C\000o\000m\000p\000l\000e\000m\000e\000n\000t\000a\000r\000i\000t\000y\000\040\000P\000a\000r\000a\000m\000e\000t\000e\000r}{section.11}% 39
\BOOKMARK [2][-]{subsection.11.6}{\376\377\000P\000r\000e\000l\000i\000m\000i\000n\000a\000r\000y\000\040\000E\000v\000i\000d\000e\000n\000c\000e\000:\000\040\000D\000a\000m\000p\000i\000n\000g\000\040\000C\000a\000n\000c\000e\000l\000l\000a\000t\000i\000o\000n}{section.11}% 40
\BOOKMARK [2][-]{subsection.11.7}{\376\377\000P\000r\000e\000l\000i\000m\000i\000n\000a\000r\000y\000\040\000E\000v\000i\000d\000e\000n\000c\000e\000:\000\040\000D\000i\000s\000p\000e\000r\000s\000i\000o\000n\000\040\000a\000s\000\040\000L\000e\000a\000d\000i\000n\000g\000\040\000I\000n\000d\000i\000c\000a\000t\000o\000r}{section.11}% 41
\BOOKMARK [1][-]{section.12}{\376\377\000T\000h\000e\000\040\000C\000o\000m\000p\000l\000e\000t\000e\000\040\000\050\000,\000\040\000T\000\051\000\040\000R\000e\000g\000i\000m\000e\000\040\000D\000i\000a\000g\000r\000a\000m}{}% 42
\BOOKMARK [2][-]{subsection.12.1}{\376\377\000E\000f\000f\000e\000c\000t\000i\000v\000e\000\040\000C\000u\000r\000v\000a\000t\000u\000r\000e\000\040\000a\000n\000d\000\040\000C\000r\000i\000s\000i\000s\000\040\000S\000e\000q\000u\000e\000n\000c\000e}{section.12}% 43
\BOOKMARK [2][-]{subsection.12.2}{\376\377\000T\000h\000e\000\040\000R\000e\000g\000i\000m\000e\000\040\000D\000i\000a\000g\000r\000a\000m}{section.12}% 44
\BOOKMARK [2][-]{subsection.12.3}{\376\377\000R\000e\000a\000d\000i\000n\000g\000\040\000t\000h\000e\000\040\000D\000i\000a\000g\000r\000a\000m}{section.12}% 45
\BOOKMARK [1][-]{section.13}{\376\377\000U\000n\000i\000f\000i\000e\000d\000\040\000N\000o\000t\000a\000t\000i\000o\000n}{}% 46
\BOOKMARK [2][-]{subsection.13.1}{\376\377\000M\000a\000s\000t\000e\000r\000\040\000S\000y\000m\000b\000o\000l\000\040\000T\000a\000b\000l\000e}{section.13}% 47
\BOOKMARK [2][-]{subsection.13.2}{\376\377\000N\000o\000t\000a\000t\000i\000o\000n\000a\000l\000\040\000R\000e\000c\000o\000n\000c\000i\000l\000i\000a\000t\000i\000o\000n\000s}{section.13}% 48
\BOOKMARK [1][-]{section.14}{\376\377\000T\000h\000e\000o\000r\000y\040\023\000A\000p\000p\000l\000i\000c\000a\000t\000i\000o\000n\000\040\000C\000o\000n\000c\000o\000r\000d\000a\000n\000c\000e}{}% 49
\BOOKMARK [2][-]{subsection.14.1}{\376\377\000T\000h\000e\000\040\000C\000o\000m\000p\000l\000e\000t\000e\000\040\000N\000a\000r\000r\000a\000t\000i\000v\000e}{section.14}% 50
\BOOKMARK [1][-]{section.15}{\376\377\000F\000u\000l\000l\000\040\000P\000r\000e\000d\000i\000c\000t\000i\000o\000n\000\040\000I\000n\000v\000e\000n\000t\000o\000r\000y}{}% 51
\BOOKMARK [2][-]{subsection.15.1}{\376\377\000F\000i\000r\000m\000-\000L\000e\000v\000e\000l\000\040\000P\000r\000e\000d\000i\000c\000t\000i\000o\000n\000s}{section.15}% 52
\BOOKMARK [2][-]{subsection.15.2}{\376\377\000S\000e\000c\000t\000o\000r\000a\000l\000/\000M\000a\000c\000r\000o\000\040\000P\000r\000e\000d\000i\000c\000t\000i\000o\000n\000s}{section.15}% 53
\BOOKMARK [2][-]{subsection.15.3}{\376\377\000T\000e\000c\000h\000n\000o\000l\000o\000g\000y\000/\000L\000e\000a\000r\000n\000i\000n\000g\000\040\000P\000r\000e\000d\000i\000c\000t\000i\000o\000n\000s}{section.15}% 54
\BOOKMARK [2][-]{subsection.15.4}{\376\377\000C\000r\000o\000s\000s\000-\000C\000o\000u\000n\000t\000r\000y\000/\000I\000n\000s\000t\000i\000t\000u\000t\000i\000o\000n\000a\000l\000\040\000P\000r\000e\000d\000i\000c\000t\000i\000o\000n\000s}{section.15}% 55
\BOOKMARK [2][-]{subsection.15.5}{\376\377\000A\000l\000r\000e\000a\000d\000y\000-\000T\000e\000s\000t\000e\000d\000\040\000P\000r\000e\000d\000i\000c\000t\000i\000o\000n\000s}{section.15}% 56
\BOOKMARK [1][-]{section.16}{\376\377\000L\000i\000m\000i\000t\000a\000t\000i\000o\000n\000s}{}% 57
\BOOKMARK [2][-]{subsection.16.1}{\376\377\000M\000a\000t\000h\000e\000m\000a\000t\000i\000c\000a\000l}{section.16}% 58
\BOOKMARK [2][-]{subsection.16.2}{\376\377\000E\000m\000p\000i\000r\000i\000c\000a\000l}{section.16}% 59
\BOOKMARK [2][-]{subsection.16.3}{\376\377\000O\000p\000e\000n\000\040\000P\000r\000o\000b\000l\000e\000m\000s}{section.16}% 60
\BOOKMARK [1][-]{section.17}{\376\377\000C\000o\000n\000c\000l\000u\000s\000i\000o\000n}{}% 61
\BOOKMARK [1][-]{appendix.A}{\376\377\000P\000r\000o\000o\000f\000\040\000o\000f\000\040\000t\000h\000e\000\040\000P\000o\000r\000t\000\040\000T\000o\000p\000o\000l\000o\000g\000y\000\040\000T\000h\000e\000o\000r\000e\000m}{}% 62
\BOOKMARK [2][-]{subsection.A.1}{\376\377\000P\000r\000o\000o\000f\000\040\000o\000f\000\040\000C\000l\000a\000i\000m\000\040\000\050\000i\000\051\000:\000\040\000A\000g\000g\000r\000e\000g\000a\000t\000e\000\040\000C\000o\000u\000p\000l\000i\000n\000g}{appendix.A}% 63
\BOOKMARK [2][-]{subsection.A.2}{\376\377\000P\000r\000o\000o\000f\000\040\000o\000f\000\040\000C\000l\000a\000i\000m\000\040\000\050\000i\000i\000\051\000:\000\040\000D\000i\000r\000e\000c\000t\000e\000d\000\040\000C\000o\000u\000p\000l\000i\000n\000g}{appendix.A}% 64
\BOOKMARK [2][-]{subsection.A.3}{\376\377\000P\000r\000o\000o\000f\000\040\000o\000f\000\040\000C\000l\000a\000i\000m\000\040\000\050\000i\000i\000i\000\051\000:\000\040\000P\000o\000r\000t\000\040\000A\000l\000i\000g\000n\000m\000e\000n\000t}{appendix.A}% 65
\BOOKMARK [2][-]{subsection.A.4}{\376\377\000P\000r\000o\000o\000f\000\040\000o\000f\000\040\000C\000l\000a\000i\000m\000\040\000\050\000i\000v\000\051\000:\000\040\000N\000e\000a\000r\000e\000s\000t\000-\000N\000e\000i\000g\000h\000b\000o\000r\000\040\000T\000o\000p\000o\000l\000o\000g\000y}{appendix.A}% 66
\BOOKMARK [1][-]{appendix.B}{\376\377\000P\000r\000o\000o\000f\000\040\000o\000f\000\040\000t\000h\000e\000\040\000W\000e\000l\000f\000a\000r\000e\000\040\000D\000i\000s\000t\000a\000n\000c\000e\000\040\000F\000u\000n\000c\000t\000i\000o\000n}{}% 67
\BOOKMARK [1][-]{appendix.C}{\376\377\000P\000r\000o\000o\000f\000\040\000o\000f\000\040\000t\000h\000e\000\040\000E\000i\000g\000e\000n\000s\000t\000r\000u\000c\000t\000u\000r\000e\000\040\000B\000r\000i\000d\000g\000e}{}% 68
\BOOKMARK [1][-]{appendix.D}{\376\377\000T\000r\000a\000n\000s\000i\000t\000i\000o\000n\000\040\000D\000y\000n\000a\000m\000i\000c\000s\000:\000\040\000T\000h\000e\000\040\000N\000o\000r\000m\000a\000l\000\040\000F\000o\000r\000m}{}% 69
\BOOKMARK [2][-]{subsection.D.1}{\376\377\000T\000h\000e\000\040\000T\000r\000a\000n\000s\000c\000r\000i\000t\000i\000c\000a\000l\000\040\000N\000o\000r\000m\000a\000l\000\040\000F\000o\000r\000m}{appendix.D}% 70
\BOOKMARK [2][-]{subsection.D.2}{\376\377\000P\000a\000s\000s\000a\000g\000e\000\040\000T\000i\000m\000e}{appendix.D}% 71
\BOOKMARK [1][-]{appendix.E}{\376\377\000T\000h\000e\000\040\000W\000e\000l\000f\000a\000r\000e\000\040\000L\000o\000s\000s\000\040\000D\000e\000c\000o\000m\000p\000o\000s\000i\000t\000i\000o\000n}{}% 72
