\BOOKMARK [1][-]{section.1}{\376\377\000I\000n\000t\000r\000o\000d\000u\000c\000t\000i\000o\000n}{}% 1
\BOOKMARK [1][-]{section.2}{\376\377\000P\000r\000e\000l\000i\000m\000i\000n\000a\000r\000i\000e\000s}{}% 2
\BOOKMARK [2][-]{subsection.2.1}{\376\377\000L\000a\000n\000d\000s\000c\000a\000p\000e\000\040\000G\000e\000o\000m\000e\000t\000r\000y}{section.2}% 3
\BOOKMARK [2][-]{subsection.2.2}{\376\377\000T\000h\000e\000\040\000R\000e\000g\000i\000m\000e\000\040\000D\000i\000a\000g\000r\000a\000m}{section.2}% 4
\BOOKMARK [2][-]{subsection.2.3}{\376\377\000T\000h\000r\000e\000e\000\040\000S\000y\000m\000m\000e\000t\000r\000i\000e\000s}{section.2}% 5
\BOOKMARK [2][-]{subsection.2.4}{\376\377\000P\000a\000r\000a\000m\000e\000t\000e\000r\000\040\000S\000u\000m\000m\000a\000r\000y}{section.2}% 6
\BOOKMARK [1][-]{section.3}{\376\377\000A\000d\000j\000u\000s\000t\000m\000e\000n\000t\000\040\000D\000y\000n\000a\000m\000i\000c\000s}{}% 7
\BOOKMARK [2][-]{subsection.3.1}{\376\377\000T\000h\000e\000\040\000D\000y\000n\000a\000m\000i\000c\000a\000l\000\040\000E\000q\000u\000a\000t\000i\000o\000n}{section.3}% 8
\BOOKMARK [2][-]{subsection.3.2}{\376\377\000L\000i\000n\000e\000a\000r\000i\000z\000e\000d\000\040\000D\000y\000n\000a\000m\000i\000c\000s\000\040\000a\000n\000d\000\040\000R\000e\000l\000a\000x\000a\000t\000i\000o\000n\000\040\000R\000a\000t\000e\000s}{section.3}% 9
\BOOKMARK [2][-]{subsection.3.3}{\376\377\000W\000e\000l\000f\000a\000r\000e\000\040\000L\000o\000s\000s\000\040\000F\000u\000n\000c\000t\000i\000o\000n\000\040\000P\000r\000o\000p\000e\000r\000t\000y}{section.3}% 10
\BOOKMARK [1][-]{section.4}{\376\377\000T\000h\000e\000\040\000V\000a\000r\000i\000a\000n\000c\000e\000-\000R\000e\000s\000p\000o\000n\000s\000e\000\040\000I\000d\000e\000n\000t\000i\000t\000y}{}% 11
\BOOKMARK [2][-]{subsection.4.1}{\376\377\000S\000t\000o\000c\000h\000a\000s\000t\000i\000c\000\040\000E\000x\000t\000e\000n\000s\000i\000o\000n}{section.4}% 12
\BOOKMARK [2][-]{subsection.4.2}{\376\377\000T\000h\000e\000\040\000E\000c\000o\000n\000o\000m\000i\000c\000\040\000V\000a\000r\000i\000a\000n\000c\000e\000-\000R\000e\000s\000p\000o\000n\000s\000e\000\040\000I\000d\000e\000n\000t\000i\000t\000y}{section.4}% 13
\BOOKMARK [1][-]{section.5}{\376\377\000P\000r\000e\000-\000C\000r\000i\000s\000i\000s\000\040\000D\000e\000c\000e\000l\000e\000r\000a\000t\000i\000o\000n\000\040\000a\000n\000d\000\040\000E\000a\000r\000l\000y\000\040\000W\000a\000r\000n\000i\000n\000g\000\040\000S\000i\000g\000n\000a\000l\000s}{}% 14
\BOOKMARK [1][-]{section.6}{\376\377\000S\000y\000m\000m\000e\000t\000r\000i\000c\000\040\000A\000d\000j\000u\000s\000t\000m\000e\000n\000t\000\040\000T\000h\000e\000o\000r\000e\000m}{}% 15
\BOOKMARK [2][-]{subsection.6.1}{\376\377\000E\000n\000t\000r\000o\000p\000y\000\040\000P\000r\000o\000d\000u\000c\000t\000i\000o\000n}{section.6}% 16
\BOOKMARK [1][-]{section.7}{\376\377\000N\000o\000i\000s\000e\000-\000D\000r\000i\000v\000e\000n\000\040\000T\000r\000a\000n\000s\000i\000t\000i\000o\000n\000\040\000R\000a\000t\000e\000s}{}% 17
\BOOKMARK [1][-]{section.8}{\376\377\000T\000h\000e\000\040\000M\000i\000n\000i\000m\000u\000m\000\040\000P\000o\000l\000i\000c\000y\000\040\000C\000o\000s\000t\000\040\000T\000h\000e\000o\000r\000e\000m}{}% 18
\BOOKMARK [1][-]{section.9}{\376\377\000M\000u\000l\000t\000i\000-\000S\000c\000a\000l\000e\000\040\000A\000g\000g\000r\000e\000g\000a\000t\000i\000o\000n}{}% 19
\BOOKMARK [2][-]{subsection.9.1}{\376\377\000T\000h\000e\000\040\000A\000g\000g\000r\000e\000g\000a\000t\000i\000o\000n\000\040\000P\000r\000o\000b\000l\000e\000m}{section.9}% 20
\BOOKMARK [1][-]{section.10}{\376\377\000T\000h\000e\000\040\000E\000u\000l\000e\000r\000-\000E\000q\000u\000i\000l\000i\000b\000r\000i\000u\000m\000\040\000I\000d\000e\000n\000t\000i\000t\000y}{}% 21
\BOOKMARK [1][-]{section.11}{\376\377\000P\000e\000r\000m\000u\000t\000a\000t\000i\000o\000n\000\040\000C\000o\000n\000s\000t\000r\000a\000i\000n\000t\000s\000\040\000o\000n\000\040\000E\000q\000u\000i\000l\000i\000b\000r\000i\000u\000m\000\040\000C\000o\000v\000a\000r\000i\000a\000n\000c\000e}{}% 22
\BOOKMARK [1][-]{section.12}{\376\377\000T\000h\000e\000\040\000R\000e\000v\000e\000r\000s\000i\000b\000i\000l\000i\000t\000y\000\040\000R\000a\000t\000i\000o\000\040\000T\000h\000e\000o\000r\000e\000m}{}% 23
\BOOKMARK [2][-]{subsection.12.1}{\376\377\000E\000s\000t\000i\000m\000a\000t\000i\000n\000g\000\040\000D\000e\000a\000d\000w\000e\000i\000g\000h\000t\000\040\000L\000o\000s\000s}{section.12}% 24
\BOOKMARK [1][-]{section.13}{\376\377\000T\000h\000e\000\040\000S\000t\000r\000u\000c\000t\000u\000r\000a\000l\000\040\000I\000n\000v\000a\000r\000i\000a\000n\000t\000:\000\040\000C\000r\000i\000s\000i\000s\000\040\000C\000o\000u\000n\000t}{}% 25
\BOOKMARK [1][-]{section.14}{\376\377\000N\000e\000t\000w\000o\000r\000k\000\040\000C\000o\000n\000s\000e\000r\000v\000a\000t\000i\000o\000n\000\040\000L\000a\000w\000s}{}% 26
\BOOKMARK [2][-]{subsection.14.1}{\376\377\000C\000o\000n\000s\000e\000r\000v\000a\000t\000i\000v\000e\000-\000D\000i\000s\000s\000i\000p\000a\000t\000i\000v\000e\000\040\000S\000t\000r\000u\000c\000t\000u\000r\000e}{section.14}% 27
\BOOKMARK [1][-]{section.15}{\376\377\000T\000h\000e\000\040\000A\000n\000t\000i\000s\000y\000m\000m\000e\000t\000r\000i\000c\000\040\000C\000o\000u\000p\000l\000i\000n\000g}{}% 28
\BOOKMARK [2][-]{subsection.15.1}{\376\377\000I\000n\000p\000u\000t\000-\000O\000u\000t\000p\000u\000t\000\040\000D\000e\000c\000o\000m\000p\000o\000s\000i\000t\000i\000o\000n}{section.15}% 29
\BOOKMARK [2][-]{subsection.15.2}{\376\377\000T\000h\000e\000\040\000C\000i\000r\000c\000u\000l\000a\000n\000t\000\040\000S\000t\000r\000u\000c\000t\000u\000r\000e}{section.15}% 30
\BOOKMARK [1][-]{section.16}{\376\377\000E\000i\000g\000e\000n\000s\000t\000r\000u\000c\000t\000u\000r\000e\000\040\000a\000n\000d\000\040\000O\000s\000c\000i\000l\000l\000a\000t\000i\000o\000n\000\040\000M\000o\000d\000e\000s}{}% 31
\BOOKMARK [1][-]{section.17}{\376\377\000T\000h\000e\000\040\000-\000O\000r\000d\000e\000r\000i\000n\000g\000\040\000T\000h\000e\000o\000r\000e\000m}{}% 32
\BOOKMARK [1][-]{section.18}{\376\377\000S\000l\000o\000w\000-\000F\000a\000s\000t\000\040\000D\000y\000n\000a\000m\000i\000c\000s\000\040\000a\000n\000d\000\040\000A\000s\000y\000m\000m\000e\000t\000r\000y}{}% 33
\BOOKMARK [1][-]{section.19}{\376\377\000T\000h\000e\000\040\000M\000i\000n\000s\000k\000y\000\040\000T\000r\000a\000p}{}% 34
\BOOKMARK [2][-]{subsection.19.1}{\376\377\000M\000o\000n\000e\000t\000a\000r\000y\000\040\000P\000o\000l\000i\000c\000y\000\040\000a\000s\000\040\000T\000\040\000C\000o\000n\000t\000r\000o\000l}{section.19}% 35
\BOOKMARK [2][-]{subsection.19.2}{\376\377\000E\000n\000d\000o\000g\000e\000n\000o\000u\000s\000\040\000-\000S\000h\000i\000f\000t}{section.19}% 36
\BOOKMARK [1][-]{section.20}{\376\377\000T\000h\000e\000\040\000G\000r\000e\000a\000t\000\040\000M\000o\000d\000e\000r\000a\000t\000i\000o\000n}{}% 37
\BOOKMARK [1][-]{section.21}{\376\377\000T\000h\000e\000\040\000H\000i\000e\000r\000a\000r\000c\000h\000y\000\040\000o\000f\000\040\000C\000y\000c\000l\000e\000\040\000F\000r\000e\000q\000u\000e\000n\000c\000i\000e\000s}{}% 38
\BOOKMARK [1][-]{section.22}{\376\377\000T\000h\000e\000\040\000P\000h\000i\000l\000l\000i\000p\000s\000\040\000C\000u\000r\000v\000e\000\040\000a\000n\000d\000\040\000E\000n\000d\000o\000g\000e\000n\000o\000u\000s\000\040\000C\000y\000c\000l\000e\000s}{}% 39
\BOOKMARK [2][-]{subsection.22.1}{\376\377\000T\000h\000e\000\040\000C\000E\000S\000\040\000F\000r\000o\000n\000t\000i\000e\000r\000\040\000a\000n\000d\000\040\000t\000h\000e\000\040\000A\000l\000l\000o\000c\000a\000t\000i\000o\000n\000\040\000I\000n\000t\000e\000r\000i\000o\000r}{section.22}% 40
\BOOKMARK [2][-]{subsection.22.2}{\376\377\000I\000n\000f\000l\000a\000t\000i\000o\000n\000\040\000a\000s\000\040\000M\000i\000s\000a\000l\000l\000o\000c\000a\000t\000i\000o\000n\000\040\000C\000o\000s\000t}{section.22}% 41
\BOOKMARK [2][-]{subsection.22.3}{\376\377\000P\000h\000i\000l\000l\000i\000p\000s\000\040\000C\000u\000r\000v\000e\000\040\000f\000r\000o\000m\000\040\000I\000n\000f\000o\000r\000m\000a\000t\000i\000o\000n\000\040\000F\000r\000i\000c\000t\000i\000o\000n}{section.22}% 42
\BOOKMARK [2][-]{subsection.22.4}{\376\377\000C\000o\000n\000d\000i\000t\000i\000o\000n\000s\000\040\000f\000o\000r\000\040\000E\000n\000d\000o\000g\000e\000n\000o\000u\000s\000\040\000C\000y\000c\000l\000e\000s}{section.22}% 43
\BOOKMARK [1][-]{section.23}{\376\377\000C\000o\000n\000s\000e\000r\000v\000a\000t\000i\000o\000n\000\040\000o\000f\000\040\000C\000i\000r\000c\000u\000l\000a\000t\000i\000o\000n}{}% 44
\BOOKMARK [1][-]{section.24}{\376\377\000F\000o\000u\000r\000\040\000C\000h\000a\000n\000n\000e\000l\000s\000\040\000o\000f\000\040\000\040\000E\000v\000o\000l\000u\000t\000i\000o\000n}{}% 45
\BOOKMARK [2][-]{subsection.24.1}{\376\377\000C\000h\000a\000n\000n\000e\000l\000\040\0001\000:\000\040\000F\000i\000r\000m\000-\000L\000e\000v\000e\000l\000\040\000O\000p\000t\000i\000m\000i\000z\000a\000t\000i\000o\000n}{section.24}% 46
\BOOKMARK [2][-]{subsection.24.2}{\376\377\000C\000h\000a\000n\000n\000e\000l\000\040\0002\000:\000\040\000T\000e\000c\000h\000n\000o\000l\000o\000g\000i\000c\000a\000l\000\040\000S\000t\000a\000n\000d\000a\000r\000d\000i\000z\000a\000t\000i\000o\000n}{section.24}% 47
\BOOKMARK [2][-]{subsection.24.3}{\376\377\000C\000h\000a\000n\000n\000e\000l\000\040\0003\000:\000\040\000E\000v\000o\000l\000u\000t\000i\000o\000n\000a\000r\000y\000\040\000S\000e\000l\000e\000c\000t\000i\000o\000n}{section.24}% 48
\BOOKMARK [2][-]{subsection.24.4}{\376\377\000C\000h\000a\000n\000n\000e\000l\000\040\0004\000:\000\040\000M\000u\000l\000t\000i\000-\000S\000c\000a\000l\000e\000\040\000A\000g\000g\000r\000e\000g\000a\000t\000i\000o\000n}{section.24}% 49
\BOOKMARK [1][-]{section.25}{\376\377\000T\000h\000e\000\040\000E\000q\000u\000a\000t\000i\000o\000n\000\040\000o\000f\000\040\000M\000o\000t\000i\000o\000n\000\040\000f\000o\000r\000\040}{}% 50
\BOOKMARK [2][-]{subsection.25.1}{\376\377\000C\000o\000m\000b\000i\000n\000e\000d\000\040\000D\000y\000n\000a\000m\000i\000c\000s}{section.25}% 51
\BOOKMARK [2][-]{subsection.25.2}{\376\377\000S\000i\000g\000n\000\040\000S\000t\000r\000u\000c\000t\000u\000r\000e}{section.25}% 52
\BOOKMARK [2][-]{subsection.25.3}{\376\377\000R\000e\000d\000u\000c\000e\000d\000\040\000F\000o\000r\000m}{section.25}% 53
\BOOKMARK [1][-]{section.26}{\376\377\000C\000o\000u\000p\000l\000e\000d\000\040\000\050\000,\000\040\000T\000\051\000\040\000D\000y\000n\000a\000m\000i\000c\000s}{}% 54
\BOOKMARK [2][-]{subsection.26.1}{\376\377\000T\000h\000e\000\040\000C\000o\000u\000p\000l\000e\000d\000\040\000S\000y\000s\000t\000e\000m}{section.26}% 55
\BOOKMARK [2][-]{subsection.26.2}{\376\377\000N\000u\000l\000l\000c\000l\000i\000n\000e\000s}{section.26}% 56
\BOOKMARK [2][-]{subsection.26.3}{\376\377\000T\000h\000e\000\040\000E\000n\000d\000o\000g\000e\000n\000o\000u\000s\000\040\000C\000y\000c\000l\000e}{section.26}% 57
\BOOKMARK [1][-]{section.27}{\376\377\000E\000n\000d\000o\000g\000e\000n\000o\000u\000s\000\040\000T\000i\000p\000p\000i\000n\000g}{}% 58
\BOOKMARK [1][-]{section.28}{\376\377\000S\000e\000l\000e\000c\000t\000i\000o\000n\000\040\000f\000o\000r\000\040\000-\000D\000i\000v\000e\000r\000s\000i\000t\000y}{}% 59
\BOOKMARK [1][-]{section.29}{\376\377\000C\000l\000o\000s\000i\000n\000g\000\040\000t\000h\000e\000\040\000F\000r\000a\000m\000e\000w\000o\000r\000k}{}% 60
\BOOKMARK [1][-]{section.30}{\376\377\000T\000e\000s\000t\000a\000b\000l\000e\000\040\000P\000r\000e\000d\000i\000c\000t\000i\000o\000n\000s}{}% 61
\BOOKMARK [2][-]{subsection.30.1}{\376\377\000F\000r\000o\000m\000\040\000t\000h\000e\000\040\000V\000a\000r\000i\000a\000n\000c\000e\000-\000R\000e\000s\000p\000o\000n\000s\000e\000\040\000I\000d\000e\000n\000t\000i\000t\000y}{section.30}% 62
\BOOKMARK [2][-]{subsection.30.2}{\376\377\000F\000r\000o\000m\000\040\000P\000r\000e\000-\000C\000r\000i\000s\000i\000s\000\040\000D\000e\000c\000e\000l\000e\000r\000a\000t\000i\000o\000n}{section.30}% 63
\BOOKMARK [2][-]{subsection.30.3}{\376\377\000F\000r\000o\000m\000\040\000C\000o\000n\000s\000e\000r\000v\000a\000t\000i\000o\000n\000\040\000L\000a\000w\000s}{section.30}% 64
\BOOKMARK [2][-]{subsection.30.4}{\376\377\000F\000r\000o\000m\000\040\000B\000u\000s\000i\000n\000e\000s\000s\000\040\000C\000y\000c\000l\000e\000s}{section.30}% 65
\BOOKMARK [2][-]{subsection.30.5}{\376\377\000F\000r\000o\000m\000\040\000E\000n\000d\000o\000g\000e\000n\000o\000u\000s\000\040}{section.30}% 66
\BOOKMARK [1][-]{section.31}{\376\377\000R\000e\000l\000a\000t\000i\000o\000n\000\040\000t\000o\000\040\000E\000x\000i\000s\000t\000i\000n\000g\000\040\000L\000i\000t\000e\000r\000a\000t\000u\000r\000e}{}% 67
\BOOKMARK [1][-]{section.32}{\376\377\000C\000o\000n\000c\000l\000u\000s\000i\000o\000n}{}% 68
