\BOOKMARK [1][-]{section.1}{\376\377\000I\000n\000t\000r\000o\000d\000u\000c\000t\000i\000o\000n}{}% 1
\BOOKMARK [1][-]{section.2}{\376\377\000P\000r\000e\000l\000i\000m\000i\000n\000a\000r\000i\000e\000s\000:\000\040\000C\000E\000S\000,\000\040\000P\000o\000w\000e\000r\000\040\000M\000e\000a\000n\000s\000,\000\040\000a\000n\000d\000\040\000E\000n\000t\000r\000o\000p\000y}{}% 2
\BOOKMARK [2][-]{subsection.2.1}{\376\377\000T\000h\000e\000\040\000C\000E\000S\000\040\000A\000g\000g\000r\000e\000g\000a\000t\000e}{section.2}% 3
\BOOKMARK [2][-]{subsection.2.2}{\376\377\000T\000h\000e\000\040\000C\000u\000r\000v\000a\000t\000u\000r\000e\000\040\000P\000a\000r\000a\000m\000e\000t\000e\000r}{section.2}% 4
\BOOKMARK [2][-]{subsection.2.3}{\376\377\000Q\000u\000a\000s\000i\000-\000A\000r\000i\000t\000h\000m\000e\000t\000i\000c\000\040\000M\000e\000a\000n\000s}{section.2}% 5
\BOOKMARK [2][-]{subsection.2.4}{\376\377\000R\000\351\000n\000y\000i\000\040\000a\000n\000d\000\040\000T\000s\000a\000l\000l\000i\000s\000\040\000E\000n\000t\000r\000o\000p\000i\000e\000s}{section.2}% 6
\BOOKMARK [1][-]{section.3}{\376\377\000A\000r\000g\000u\000m\000e\000n\000t\000\040\0001\000:\000\040\000M\000u\000l\000t\000i\000-\000S\000c\000a\000l\000e\000\040\000A\000g\000g\000r\000e\000g\000a\000t\000i\000o\000n\000\040\000F\000i\000x\000e\000d\000\040\000P\000o\000i\000n\000t}{}% 7
\BOOKMARK [2][-]{subsection.3.1}{\376\377\000T\000h\000e\000\040\000A\000g\000g\000r\000e\000g\000a\000t\000i\000o\000n\000\040\000O\000p\000e\000r\000a\000t\000o\000r}{section.3}% 8
\BOOKMARK [2][-]{subsection.3.2}{\376\377\000C\000E\000S\000\040\000a\000s\000\040\000t\000h\000e\000\040\000U\000n\000i\000q\000u\000e\000\040\000F\000i\000x\000e\000d\000\040\000P\000o\000i\000n\000t}{section.3}% 9
\BOOKMARK [2][-]{subsection.3.3}{\376\377\000S\000t\000a\000b\000i\000l\000i\000t\000y\000:\000\040\000W\000h\000a\000t\000\040\000t\000h\000e\000\040\000A\000g\000g\000r\000e\000g\000a\000t\000i\000o\000n\000\040\000F\000r\000a\000m\000e\000w\000o\000r\000k\000\040\000A\000d\000d\000s}{section.3}% 10
\BOOKMARK [2][-]{subsection.3.4}{\376\377\000T\000h\000e\000\040\000\040\000E\000i\000g\000e\000n\000v\000a\000l\000u\000e}{section.3}% 11
\BOOKMARK [1][-]{section.4}{\376\377\000A\000r\000g\000u\000m\000e\000n\000t\000\040\0002\000:\000\040\000F\000u\000n\000c\000t\000i\000o\000n\000a\000l\000\040\000E\000q\000u\000a\000t\000i\000o\000n\000s}{}% 12
\BOOKMARK [2][-]{subsection.4.1}{\376\377\000A\000c\000z\000\351\000l\000'\000s\000\040\000C\000h\000a\000r\000a\000c\000t\000e\000r\000i\000z\000a\000t\000i\000o\000n}{section.4}% 13
\BOOKMARK [2][-]{subsection.4.2}{\376\377\000W\000h\000a\000t\000\040\000t\000h\000e\000\040\000F\000u\000n\000c\000t\000i\000o\000n\000a\000l\000\040\000E\000q\000u\000a\000t\000i\000o\000n\000\040\000A\000r\000g\000u\000m\000e\000n\000t\000\040\000A\000d\000d\000s}{section.4}% 14
\BOOKMARK [1][-]{section.5}{\376\377\000A\000r\000g\000u\000m\000e\000n\000t\000\040\0003\000:\000\040\000M\000a\000x\000i\000m\000u\000m\000\040\000E\000n\000t\000r\000o\000p\000y\000\040\000S\000e\000l\000f\000-\000C\000o\000n\000s\000i\000s\000t\000e\000n\000c\000y}{}% 15
\BOOKMARK [2][-]{subsection.5.1}{\376\377\000T\000h\000e\000\040\000E\000n\000t\000r\000o\000p\000y\000-\000A\000l\000l\000o\000c\000a\000t\000i\000o\000n\000\040\000L\000o\000o\000p}{section.5}% 16
\BOOKMARK [2][-]{subsection.5.2}{\376\377\000T\000h\000e\000\040\000M\000a\000t\000c\000h\000i\000n\000g\000\040\000o\000f\000\040\000E\000x\000p\000o\000n\000e\000n\000t\000s}{section.5}% 17
\BOOKMARK [2][-]{subsection.5.3}{\376\377\000T\000h\000e\000\040\000E\000c\000o\000n\000o\000m\000i\000c\000\040\000P\000o\000t\000e\000n\000t\000i\000a\000l\000\040\000D\000e\000c\000o\000m\000p\000o\000s\000i\000t\000i\000o\000n}{section.5}% 18
\BOOKMARK [1][-]{section.6}{\376\377\000C\000o\000n\000v\000e\000r\000g\000e\000n\000c\000e\000\040\000o\000f\000\040\000t\000h\000e\000\040\000T\000h\000r\000e\000e\000\040\000A\000r\000g\000u\000m\000e\000n\000t\000s}{}% 19
\BOOKMARK [1][-]{section.7}{\376\377\000T\000h\000e\000\040\000\040\000A\000g\000g\000r\000e\000g\000a\000t\000i\000o\000n\000-\000I\000n\000v\000a\000r\000i\000a\000n\000t\000\040\000C\000l\000a\000s\000s}{}% 20
\BOOKMARK [2][-]{subsection.7.1}{\376\377\000\040\000a\000s\000\040\000a\000n\000\040\000A\000g\000g\000r\000e\000g\000a\000t\000i\000o\000n\000-\000I\000n\000v\000a\000r\000i\000a\000n\000t\000\040\000E\000x\000p\000o\000n\000e\000n\000t}{section.7}% 21
\BOOKMARK [2][-]{subsection.7.2}{\376\377\000C\000o\000n\000n\000e\000c\000t\000i\000o\000n\000\040\000t\000o\000\040\000T\000s\000a\000l\000l\000i\000s\000\040\000N\000o\000n\000-\000E\000x\000t\000e\000n\000s\000i\000v\000e\000\040\000E\000c\000o\000n\000o\000m\000i\000c\000s}{section.7}% 22
\BOOKMARK [2][-]{subsection.7.3}{\376\377\000T\000h\000e\000\040\000\050\000,\000\040\000T\000\051\000\040\000R\000e\000g\000i\000m\000e\000\040\000D\000i\000a\000g\000r\000a\000m}{section.7}% 23
\BOOKMARK [2][-]{subsection.7.4}{\376\377\000I\000m\000p\000l\000i\000c\000a\000t\000i\000o\000n\000s\000\040\000f\000o\000r\000\040\000t\000h\000e\000\040\000F\000r\000a\000m\000e\000w\000o\000r\000k}{section.7}% 24
\BOOKMARK [2][-]{subsection.7.5}{\376\377\000N\000o\000r\000m\000a\000l\000i\000z\000a\000t\000i\000o\000n\000\040\000a\000n\000d\000\040\000C\000r\000o\000s\000s\000-\000E\000c\000o\000n\000o\000m\000y\000\040\000C\000o\000m\000p\000a\000r\000i\000s\000o\000n}{section.7}% 25
\BOOKMARK [1][-]{section.8}{\376\377\000T\000h\000e\000\040\000C\000u\000r\000v\000a\000t\000u\000r\000e\000\040\000L\000e\000m\000m\000a}{}% 26
\BOOKMARK [2][-]{subsection.8.1}{\376\377\000T\000h\000e\000\040\000S\000y\000m\000m\000e\000t\000r\000i\000c\000\040\000P\000o\000i\000n\000t}{section.8}% 27
\BOOKMARK [2][-]{subsection.8.2}{\376\377\000G\000r\000a\000d\000i\000e\000n\000t\000\040\000a\000n\000d\000\040\000H\000e\000s\000s\000i\000a\000n\000\040\000a\000t\000\040\000t\000h\000e\000\040\000S\000y\000m\000m\000e\000t\000r\000i\000c\000\040\000P\000o\000i\000n\000t}{section.8}% 28
\BOOKMARK [2][-]{subsection.8.3}{\376\377\000I\000s\000o\000q\000u\000a\000n\000t\000\040\000C\000u\000r\000v\000a\000t\000u\000r\000e}{section.8}% 29
\BOOKMARK [1][-]{section.9}{\376\377\000S\000u\000p\000e\000r\000a\000d\000d\000i\000t\000i\000v\000i\000t\000y}{}% 30
\BOOKMARK [1][-]{section.10}{\376\377\000C\000o\000r\000r\000e\000l\000a\000t\000i\000o\000n\000\040\000R\000o\000b\000u\000s\000t\000n\000e\000s\000s}{}% 31
\BOOKMARK [2][-]{subsection.10.1}{\376\377\000S\000e\000t\000u\000p}{section.10}% 32
\BOOKMARK [2][-]{subsection.10.2}{\376\377\000T\000h\000e\000\040\000T\000h\000e\000o\000r\000e\000m}{section.10}% 33
\BOOKMARK [1][-]{section.11}{\376\377\000S\000t\000r\000a\000t\000e\000g\000i\000c\000\040\000I\000n\000d\000e\000p\000e\000n\000d\000e\000n\000c\000e}{}% 34
\BOOKMARK [2][-]{subsection.11.1}{\376\377\000S\000e\000t\000u\000p}{section.11}% 35
\BOOKMARK [2][-]{subsection.11.2}{\376\377\000T\000h\000e\000\040\000T\000h\000e\000o\000r\000e\000m}{section.11}% 36
\BOOKMARK [1][-]{section.12}{\376\377\000N\000e\000t\000w\000o\000r\000k\000\040\000S\000c\000a\000l\000i\000n\000g}{}% 37
\BOOKMARK [1][-]{section.13}{\376\377\000T\000h\000e\000\040\000U\000n\000i\000f\000i\000e\000d\000\040\000T\000h\000e\000o\000r\000e\000m}{}% 38
\BOOKMARK [2][-]{subsection.13.1}{\376\377\000T\000h\000e\000\040\000G\000e\000o\000m\000e\000t\000r\000i\000c\000\040\000I\000n\000t\000u\000i\000t\000i\000o\000n}{section.13}% 39
\BOOKMARK [2][-]{subsection.13.2}{\376\377\000U\000n\000i\000f\000i\000e\000d\000\040\000S\000c\000a\000l\000i\000n\000g\000:\000\040\000A\000l\000l\000\040\000T\000h\000r\000e\000e\000\040\000A\000r\000e\000\040\000\050\000K\000\051}{section.13}% 40
\BOOKMARK [1][-]{section.14}{\376\377\000G\000e\000n\000e\000r\000a\000l\000\040\000W\000e\000i\000g\000h\000t\000s\000\040\000a\000n\000d\000\040\000t\000h\000e\000\040\000S\000e\000c\000u\000l\000a\000r\000\040\000E\000q\000u\000a\000t\000i\000o\000n}{}% 41
\BOOKMARK [2][-]{subsection.14.1}{\376\377\000E\000f\000f\000e\000c\000t\000i\000v\000e\000\040\000S\000h\000a\000r\000e\000s\000\040\000a\000n\000d\000\040\000t\000h\000e\000\040\000C\000o\000s\000t\000-\000M\000i\000n\000i\000m\000i\000z\000i\000n\000g\000\040\000P\000o\000i\000n\000t}{section.14}% 42
\BOOKMARK [2][-]{subsection.14.2}{\376\377\000T\000h\000e\000\040\000H\000e\000s\000s\000i\000a\000n\000\040\000a\000t\000\040\000G\000e\000n\000e\000r\000a\000l\000\040\000W\000e\000i\000g\000h\000t\000s}{section.14}% 43
\BOOKMARK [2][-]{subsection.14.3}{\376\377\000T\000h\000e\000\040\000S\000e\000c\000u\000l\000a\000r\000\040\000E\000q\000u\000a\000t\000i\000o\000n}{section.14}% 44
\BOOKMARK [2][-]{subsection.14.4}{\376\377\000T\000h\000e\000\040\000G\000e\000n\000e\000r\000a\000l\000i\000z\000e\000d\000\040\000C\000u\000r\000v\000a\000t\000u\000r\000e\000\040\000P\000a\000r\000a\000m\000e\000t\000e\000r}{section.14}% 45
\BOOKMARK [2][-]{subsection.14.5}{\376\377\000G\000e\000n\000e\000r\000a\000l\000-\000W\000e\000i\000g\000h\000t\000\040\000Q\000u\000a\000d\000r\000u\000p\000l\000e\000\040\000R\000o\000l\000e}{section.14}% 46
\BOOKMARK [1][-]{section.15}{\376\377\000E\000m\000p\000i\000r\000i\000c\000a\000l\000\040\000P\000r\000e\000d\000i\000c\000t\000i\000o\000n\000s}{}% 47
\BOOKMARK [2][-]{subsection.15.1}{\376\377\000M\000o\000n\000t\000e\000\040\000C\000a\000r\000l\000o\000:\000\040\000C\000E\000S\000\040\000E\000m\000e\000r\000g\000e\000s\000\040\000f\000r\000o\000m\000\040\000N\000o\000n\000-\000C\000E\000S\000\040\000M\000i\000c\000r\000o\000\040\000D\000a\000t\000a}{section.15}% 48
\BOOKMARK [2][-]{subsection.15.2}{\376\377\000N\000B\000E\000R\000-\000C\000E\000S\000\040\000M\000a\000n\000u\000f\000a\000c\000t\000u\000r\000i\000n\000g\000\040\000D\000a\000t\000a\000b\000a\000s\000e}{section.15}% 49
\BOOKMARK [2][-]{subsection.15.3}{\376\377\000F\000R\000E\000D\000\040\000I\000n\000d\000u\000s\000t\000r\000i\000a\000l\000\040\000P\000r\000o\000d\000u\000c\000t\000i\000o\000n\000\040\000H\000i\000e\000r\000a\000r\000c\000h\000y}{section.15}% 50
\BOOKMARK [1][-]{section.16}{\376\377\000E\000x\000t\000e\000n\000s\000i\000o\000n\000s\000\040\000a\000n\000d\000\040\000D\000i\000s\000c\000u\000s\000s\000i\000o\000n}{}% 51
\BOOKMARK [2][-]{subsection.16.1}{\376\377\000N\000e\000s\000t\000e\000d\000\040\000C\000E\000S\000\040\000a\000n\000d\000\040\000M\000u\000l\000t\000i\000-\000S\000c\000a\000l\000e\000\040\000S\000t\000r\000u\000c\000t\000u\000r\000e}{section.16}% 52
\BOOKMARK [2][-]{subsection.16.2}{\376\377\000W\000e\000i\000g\000h\000t\000e\000d\000\040\000C\000E\000S\000\040\000a\000n\000d\000\040\000A\000s\000y\000m\000m\000e\000t\000r\000i\000c\000\040\000I\000n\000p\000u\000t\000s}{section.16}% 53
\BOOKMARK [2][-]{subsection.16.3}{\376\377\000T\000h\000e\000\040\000T\000r\000a\000n\000s\000l\000o\000g\000\040\000a\000s\000\040\000a\000n\000\040\000I\000r\000r\000e\000l\000e\000v\000a\000n\000t\000\040\000P\000e\000r\000t\000u\000r\000b\000a\000t\000i\000o\000n}{section.16}% 54
\BOOKMARK [2][-]{subsection.16.4}{\376\377\000T\000i\000g\000h\000t\000n\000e\000s\000s\000\040\000o\000f\000\040\000t\000h\000e\000\040\000Q\000u\000a\000d\000r\000u\000p\000l\000e\000\040\000R\000o\000l\000e\000\040\000B\000o\000u\000n\000d\000s}{section.16}% 55
\BOOKMARK [2][-]{subsection.16.5}{\376\377\000W\000h\000a\000t\000\040\000T\000h\000i\000s\000\040\000P\000a\000p\000e\000r\000\040\000D\000o\000e\000s\000\040\000N\000o\000t\000\040\000C\000o\000v\000e\000r}{section.16}% 56
\BOOKMARK [1][-]{section.17}{\376\377\000C\000o\000n\000c\000l\000u\000s\000i\000o\000n}{}% 57
